=== STDOUT ===
2025-11-23 13:00:16.322 | info     |             UMD | Starting topology discovery. (topology_discovery.cpp:69)
2025-11-23 13:00:16.350 | info     |             UMD | Established firmware bundle version: 18.12.0 (topology_discovery.cpp:369)
2025-11-23 13:00:16.350 | info     |             UMD | Established ETH FW version: 7.1.0 (topology_discovery_wormhole.cpp:324)
2025-11-23 13:00:16.372 | info     |             UMD | Completed topology discovery. (topology_discovery.cpp:73)
2025-11-23 13:00:16.383 | info     |          Device | Opening user mode device driver (tt_cluster.cpp:209)
2025-11-23 13:00:16.383 | info     |             UMD | Starting topology discovery. (topology_discovery.cpp:69)
2025-11-23 13:00:16.410 | info     |             UMD | Established firmware bundle version: 18.12.0 (topology_discovery.cpp:369)
2025-11-23 13:00:16.410 | info     |             UMD | Established ETH FW version: 7.1.0 (topology_discovery_wormhole.cpp:324)
2025-11-23 13:00:16.432 | info     |             UMD | Completed topology discovery. (topology_discovery.cpp:73)
2025-11-23 13:00:16.443 | info     |             UMD | Starting topology discovery. (topology_discovery.cpp:69)
2025-11-23 13:00:16.506 | info     |             UMD | Established firmware bundle version: 18.12.0 (topology_discovery.cpp:369)
2025-11-23 13:00:16.506 | info     |             UMD | Established ETH FW version: 7.1.0 (topology_discovery_wormhole.cpp:324)
2025-11-23 13:00:16.562 | info     |             UMD | Completed topology discovery. (topology_discovery.cpp:73)
2025-11-23 13:00:16.573 | info     |             UMD | Harvesting mask for chip 3 is 0x240 (NOC0: 0x240, simulated harvesting mask: 0x0). (cluster.cpp:357)
2025-11-23 13:00:16.643 | info     |             UMD | Harvesting mask for chip 2 is 0x240 (NOC0: 0x240, simulated harvesting mask: 0x0). (cluster.cpp:357)
2025-11-23 13:00:16.654 | info     |             UMD | Harvesting mask for chip 1 is 0x208 (NOC0: 0x208, simulated harvesting mask: 0x0). (cluster.cpp:357)
2025-11-23 13:00:16.667 | info     |             UMD | Harvesting mask for chip 0 is 0x202 (NOC0: 0x202, simulated harvesting mask: 0x0). (cluster.cpp:357)
2025-11-23 13:00:16.679 | info     |             UMD | Harvesting mask for chip 7 is 0x201 (NOC0: 0x201, simulated harvesting mask: 0x0). (cluster.cpp:357)
2025-11-23 13:00:16.692 | info     |             UMD | Harvesting mask for chip 6 is 0x201 (NOC0: 0x201, simulated harvesting mask: 0x0). (cluster.cpp:357)
2025-11-23 13:00:16.705 | info     |             UMD | Harvesting mask for chip 5 is 0x220 (NOC0: 0x220, simulated harvesting mask: 0x0). (cluster.cpp:357)
2025-11-23 13:00:16.718 | info     |             UMD | Harvesting mask for chip 4 is 0x240 (NOC0: 0x240, simulated harvesting mask: 0x0). (cluster.cpp:357)
2025-11-23 13:00:16.732 | info     |             UMD | Opening local chip ids/PCIe ids: {0, 1, 2, 3}/[2, 0, 1, 3] and remote chip ids {4, 5, 6, 7} (cluster.cpp:202)
2025-11-23 13:00:16.732 | info     |             UMD | IOMMU: disabled (cluster.cpp:178)
2025-11-23 13:00:16.732 | info     |             UMD | KMD version: 2.4.1 (cluster.cpp:181)
2025-11-23 13:00:16.739 | info     |             UMD | Pinning pages for Hugepage: virtual address 0x7ca340000000 and size 0x40000000 pinned to physical address 0x41c0000000 and mapped to noc address 0x800000000 (pci_device.cpp:642)
2025-11-23 13:00:16.739 | info     |             UMD | Mapped hugepage 0x41c0000000 to NOC address 0x800000000 (sysmem_manager.cpp:247)
2025-11-23 13:00:16.740 | info     |             UMD | Pinning pages for Hugepage: virtual address 0x7ca300000000 and size 0x40000000 pinned to physical address 0x4200000000 and mapped to noc address 0x840000000 (pci_device.cpp:642)
2025-11-23 13:00:16.740 | info     |             UMD | Mapped hugepage 0x4200000000 to NOC address 0x840000000 (sysmem_manager.cpp:247)
2025-11-23 13:00:16.741 | info     |             UMD | Pinning pages for Hugepage: virtual address 0x7ca2c0000000 and size 0x40000000 pinned to physical address 0x4240000000 and mapped to noc address 0x880000000 (pci_device.cpp:642)
2025-11-23 13:00:16.741 | info     |             UMD | Mapped hugepage 0x4240000000 to NOC address 0x880000000 (sysmem_manager.cpp:247)
2025-11-23 13:00:16.742 | info     |             UMD | Pinning pages for Hugepage: virtual address 0x7ca280000000 and size 0x30000000 pinned to physical address 0x4280000000 and mapped to noc address 0x8c0000000 (pci_device.cpp:642)
2025-11-23 13:00:16.742 | info     |             UMD | Mapped hugepage 0x4280000000 to NOC address 0x8c0000000 (sysmem_manager.cpp:247)
2025-11-23 13:00:16.743 | info     |             UMD | Pinning pages for Hugepage: virtual address 0x7ca440000000 and size 0x40000000 pinned to physical address 0x280000000 and mapped to noc address 0x800000000 (pci_device.cpp:642)
2025-11-23 13:00:16.743 | info     |             UMD | Mapped hugepage 0x280000000 to NOC address 0x800000000 (sysmem_manager.cpp:247)
2025-11-23 13:00:16.743 | info     |             UMD | Pinning pages for Hugepage: virtual address 0x7ca400000000 and size 0x40000000 pinned to physical address 0x2c0000000 and mapped to noc address 0x840000000 (pci_device.cpp:642)
2025-11-23 13:00:16.743 | info     |             UMD | Mapped hugepage 0x2c0000000 to NOC address 0x840000000 (sysmem_manager.cpp:247)
2025-11-23 13:00:16.744 | info     |             UMD | Pinning pages for Hugepage: virtual address 0x7ca3c0000000 and size 0x40000000 pinned to physical address 0x300000000 and mapped to noc address 0x880000000 (pci_device.cpp:642)
2025-11-23 13:00:16.744 | info     |             UMD | Mapped hugepage 0x300000000 to NOC address 0x880000000 (sysmem_manager.cpp:247)
2025-11-23 13:00:16.745 | info     |             UMD | Pinning pages for Hugepage: virtual address 0x7ca380000000 and size 0x30000000 pinned to physical address 0x340000000 and mapped to noc address 0x8c0000000 (pci_device.cpp:642)
2025-11-23 13:00:16.745 | info     |             UMD | Mapped hugepage 0x340000000 to NOC address 0x8c0000000 (sysmem_manager.cpp:247)
2025-11-23 13:00:16.746 | info     |             UMD | Pinning pages for Hugepage: virtual address 0x7ca580000000 and size 0x40000000 pinned to physical address 0x180000000 and mapped to noc address 0x800000000 (pci_device.cpp:642)
2025-11-23 13:00:16.746 | info     |             UMD | Mapped hugepage 0x180000000 to NOC address 0x800000000 (sysmem_manager.cpp:247)
2025-11-23 13:00:16.747 | info     |             UMD | Pinning pages for Hugepage: virtual address 0x7ca540000000 and size 0x40000000 pinned to physical address 0x1c0000000 and mapped to noc address 0x840000000 (pci_device.cpp:642)
2025-11-23 13:00:16.747 | info     |             UMD | Mapped hugepage 0x1c0000000 to NOC address 0x840000000 (sysmem_manager.cpp:247)
2025-11-23 13:00:16.747 | info     |             UMD | Pinning pages for Hugepage: virtual address 0x7ca500000000 and size 0x40000000 pinned to physical address 0x200000000 and mapped to noc address 0x880000000 (pci_device.cpp:642)
2025-11-23 13:00:16.747 | info     |             UMD | Mapped hugepage 0x200000000 to NOC address 0x880000000 (sysmem_manager.cpp:247)
2025-11-23 13:00:16.748 | info     |             UMD | Pinning pages for Hugepage: virtual address 0x7ca4c0000000 and size 0x30000000 pinned to physical address 0x240000000 and mapped to noc address 0x8c0000000 (pci_device.cpp:642)
2025-11-23 13:00:16.748 | info     |             UMD | Mapped hugepage 0x240000000 to NOC address 0x8c0000000 (sysmem_manager.cpp:247)
2025-11-23 13:00:16.749 | info     |             UMD | Pinning pages for Hugepage: virtual address 0x7ca6c0000000 and size 0x40000000 pinned to physical address 0x40c0000000 and mapped to noc address 0x800000000 (pci_device.cpp:642)
2025-11-23 13:00:16.749 | info     |             UMD | Mapped hugepage 0x40c0000000 to NOC address 0x800000000 (sysmem_manager.cpp:247)
2025-11-23 13:00:16.750 | info     |             UMD | Pinning pages for Hugepage: virtual address 0x7ca680000000 and size 0x40000000 pinned to physical address 0x4100000000 and mapped to noc address 0x840000000 (pci_device.cpp:642)
2025-11-23 13:00:16.750 | info     |             UMD | Mapped hugepage 0x4100000000 to NOC address 0x840000000 (sysmem_manager.cpp:247)
2025-11-23 13:00:16.751 | info     |             UMD | Pinning pages for Hugepage: virtual address 0x7ca640000000 and size 0x40000000 pinned to physical address 0x4140000000 and mapped to noc address 0x880000000 (pci_device.cpp:642)
2025-11-23 13:00:16.751 | info     |             UMD | Mapped hugepage 0x4140000000 to NOC address 0x880000000 (sysmem_manager.cpp:247)
2025-11-23 13:00:16.751 | info     |             UMD | Pinning pages for Hugepage: virtual address 0x7ca600000000 and size 0x30000000 pinned to physical address 0x4180000000 and mapped to noc address 0x8c0000000 (pci_device.cpp:642)
2025-11-23 13:00:16.751 | info     |             UMD | Mapped hugepage 0x4180000000 to NOC address 0x8c0000000 (sysmem_manager.cpp:247)
2025-11-23 13:00:16.810 | info     |          Fabric | TopologyMapper mapping start (mesh=0): n_log=8, n_phys=8, log_deg_hist={2:4, 3:4}, phys_deg_hist={2:4, 3:4} (topology_mapper.cpp:728)
2025-11-23 13:00:16.810 | info     |          Fabric | TopologyMapper: First logical node li=0 (fabric_node=(M0, D0)) has mesh rank 0 (topology_mapper.cpp:1400)
2025-11-23 13:00:16.810 | info     |          Fabric | TopologyMapper: Found 8 physical ASIC candidates for first logical node li=0 (fabric_node=(M0, D0)) with matching mesh rank 0, will try each as first pinning (topology_mapper.cpp:1433)
2025-11-23 13:00:16.810 | info     |          Fabric | TopologyMapper: Trying first pinning 1/8: logical node li=0 (fabric_node=(M0, D0)) -> physical ASIC j=0 (asic_id=10226851854) (hostname=tauceti) (topology_mapper.cpp:1489)
2025-11-23 13:00:16.810 | info     |          Fabric | TopologyMapper: First pinning 1/8 failed: logical node li=0 (fabric_node=(M0, D0)) -> physical ASIC j=0 (asic_id=10226851854) (topology_mapper.cpp:1522)
2025-11-23 13:00:16.810 | info     |          Fabric | TopologyMapper: Trying first pinning 2/8: logical node li=0 (fabric_node=(M0, D0)) -> physical ASIC j=1 (asic_id=10226851885) (hostname=tauceti) (topology_mapper.cpp:1489)
2025-11-23 13:00:16.810 | info     |          Fabric | TopologyMapper: First pinning 2/8 failed: logical node li=0 (fabric_node=(M0, D0)) -> physical ASIC j=1 (asic_id=10226851885) (topology_mapper.cpp:1522)
2025-11-23 13:00:16.810 | info     |          Fabric | TopologyMapper: Trying first pinning 3/8: logical node li=0 (fabric_node=(M0, D0)) -> physical ASIC j=2 (asic_id=10226851927) (hostname=tauceti) (topology_mapper.cpp:1489)
2025-11-23 13:00:16.810 | info     |          Fabric | TopologyMapper: First pinning 3/8 failed: logical node li=0 (fabric_node=(M0, D0)) -> physical ASIC j=2 (asic_id=10226851927) (topology_mapper.cpp:1522)
2025-11-23 13:00:16.810 | info     |          Fabric | TopologyMapper: Trying first pinning 4/8: logical node li=0 (fabric_node=(M0, D0)) -> physical ASIC j=3 (asic_id=10226852052) (hostname=tauceti) (topology_mapper.cpp:1489)
2025-11-23 13:00:16.810 | info     |          Fabric | TopologyMapper: First pinning 4/8 failed: logical node li=0 (fabric_node=(M0, D0)) -> physical ASIC j=3 (asic_id=10226852052) (topology_mapper.cpp:1522)
2025-11-23 13:00:16.810 | info     |          Fabric | TopologyMapper: Trying first pinning 5/8: logical node li=0 (fabric_node=(M0, D0)) -> physical ASIC j=4 (asic_id=14521819150) (hostname=tauceti) (topology_mapper.cpp:1489)
2025-11-23 13:00:16.810 | info     |          Fabric | TopologyMapper: Successfully found mapping with first pinning 5/8: logical node li=0 (fabric_node=(M0, D0)) -> physical ASIC j=4 (asic_id=14521819150) (topology_mapper.cpp:1510)
2025-11-23 13:00:16.870 | info     |           Metal | While initializing device 0, active ethernet dispatch core (x=21,y=17) detected as still running, issuing exit signal. (metal_context.cpp:668)
2025-11-23 13:00:16.870 | info     |           Metal | While initializing device 0, active ethernet dispatch core (x=18,y=17) detected as still running, issuing exit signal. (metal_context.cpp:668)
2025-11-23 13:00:16.870 | info     |           Metal | While initializing device 0, active ethernet dispatch core (x=25,y=17) detected as still running, issuing exit signal. (metal_context.cpp:668)
2025-11-23 13:00:16.870 | info     |           Metal | While initializing device 0, active ethernet dispatch core (x=22,y=17) detected as still running, issuing exit signal. (metal_context.cpp:668)
2025-11-23 13:00:16.870 | info     |           Metal | While initializing device 0, active ethernet dispatch core (x=18,y=16) detected as still running, issuing exit signal. (metal_context.cpp:668)
2025-11-23 13:00:16.870 | info     |           Metal | While initializing device 0, active ethernet dispatch core (x=25,y=16) detected as still running, issuing exit signal. (metal_context.cpp:668)
2025-11-23 13:00:16.870 | critical |          Always | TT_FATAL: Read unexpected run_mailbox value from core (x=25,y=16) (assert.hpp:103)
2025-11-23 13:00:16.872 | warning  |          Always | Detected dispatch kernels still running but failed to complete an early exit. This may happen from time to time following a reset, continuing to FW initialization... (metal_context.cpp:703)
2025-11-23 13:00:16.877 | info     |           Metal | While initializing device 1, active ethernet dispatch core (x=21,y=17) detected as still running, issuing exit signal. (metal_context.cpp:668)
2025-11-23 13:00:16.877 | info     |           Metal | While initializing device 1, active ethernet dispatch core (x=22,y=17) detected as still running, issuing exit signal. (metal_context.cpp:668)
2025-11-23 13:00:16.878 | info     |           Metal | While initializing device 1, active ethernet dispatch core (x=18,y=17) detected as still running, issuing exit signal. (metal_context.cpp:668)
2025-11-23 13:00:16.878 | info     |           Metal | While initializing device 1, active ethernet dispatch core (x=25,y=17) detected as still running, issuing exit signal. (metal_context.cpp:668)
2025-11-23 13:00:16.878 | info     |           Metal | While initializing device 1, active ethernet dispatch core (x=21,y=16) detected as still running, issuing exit signal. (metal_context.cpp:668)
2025-11-23 13:00:16.878 | info     |           Metal | While initializing device 1, active ethernet dispatch core (x=22,y=16) detected as still running, issuing exit signal. (metal_context.cpp:668)
2025-11-23 13:00:16.878 | critical |          Always | TT_FATAL: Read unexpected run_mailbox value from core (x=22,y=16) (assert.hpp:103)
2025-11-23 13:00:16.879 | warning  |          Always | Detected dispatch kernels still running but failed to complete an early exit. This may happen from time to time following a reset, continuing to FW initialization... (metal_context.cpp:703)
2025-11-23 13:00:16.886 | info     |           Metal | While initializing device 2, active ethernet dispatch core (x=21,y=17) detected as still running, issuing exit signal. (metal_context.cpp:668)
2025-11-23 13:00:16.886 | info     |           Metal | While initializing device 2, active ethernet dispatch core (x=18,y=17) detected as still running, issuing exit signal. (metal_context.cpp:668)
2025-11-23 13:00:16.886 | info     |           Metal | While initializing device 2, active ethernet dispatch core (x=25,y=17) detected as still running, issuing exit signal. (metal_context.cpp:668)
2025-11-23 13:00:16.886 | info     |           Metal | While initializing device 2, active ethernet dispatch core (x=22,y=17) detected as still running, issuing exit signal. (metal_context.cpp:668)
2025-11-23 13:00:16.886 | info     |           Metal | While initializing device 2, active ethernet dispatch core (x=18,y=16) detected as still running, issuing exit signal. (metal_context.cpp:668)
2025-11-23 13:00:16.886 | info     |           Metal | While initializing device 2, active ethernet dispatch core (x=25,y=16) detected as still running, issuing exit signal. (metal_context.cpp:668)
2025-11-23 13:00:16.886 | critical |          Always | TT_FATAL: Read unexpected run_mailbox value from core (x=25,y=16) (assert.hpp:103)
2025-11-23 13:00:16.887 | warning  |          Always | Detected dispatch kernels still running but failed to complete an early exit. This may happen from time to time following a reset, continuing to FW initialization... (metal_context.cpp:703)
2025-11-23 13:00:16.894 | info     |           Metal | While initializing device 3, active ethernet dispatch core (x=21,y=17) detected as still running, issuing exit signal. (metal_context.cpp:668)
2025-11-23 13:00:16.894 | info     |           Metal | While initializing device 3, active ethernet dispatch core (x=22,y=17) detected as still running, issuing exit signal. (metal_context.cpp:668)
2025-11-23 13:00:16.894 | info     |           Metal | While initializing device 3, active ethernet dispatch core (x=18,y=17) detected as still running, issuing exit signal. (metal_context.cpp:668)
2025-11-23 13:00:16.894 | info     |           Metal | While initializing device 3, active ethernet dispatch core (x=25,y=17) detected as still running, issuing exit signal. (metal_context.cpp:668)
2025-11-23 13:00:16.894 | info     |           Metal | While initializing device 3, active ethernet dispatch core (x=21,y=16) detected as still running, issuing exit signal. (metal_context.cpp:668)
2025-11-23 13:00:16.894 | info     |           Metal | While initializing device 3, active ethernet dispatch core (x=22,y=16) detected as still running, issuing exit signal. (metal_context.cpp:668)
2025-11-23 13:00:16.894 | critical |          Always | TT_FATAL: Read unexpected run_mailbox value from core (x=22,y=16) (assert.hpp:103)
2025-11-23 13:00:16.895 | warning  |          Always | Detected dispatch kernels still running but failed to complete an early exit. This may happen from time to time following a reset, continuing to FW initialization... (metal_context.cpp:703)
2025-11-23 13:00:16.901 | info     |           Metal | While initializing device 4, active ethernet dispatch core (x=21,y=16) detected as still running, issuing exit signal. (metal_context.cpp:668)
2025-11-23 13:00:16.901 | info     |           Metal | While initializing device 4, active ethernet dispatch core (x=22,y=16) detected as still running, issuing exit signal. (metal_context.cpp:668)
2025-11-23 13:00:16.901 | info     |           Metal | While initializing device 4, active ethernet dispatch core (x=18,y=16) detected as still running, issuing exit signal. (metal_context.cpp:668)
2025-11-23 13:00:16.902 | info     |           Metal | While initializing device 4, active ethernet dispatch core (x=25,y=16) detected as still running, issuing exit signal. (metal_context.cpp:668)
2025-11-23 13:00:16.902 | critical |          Always | TT_FATAL: Read unexpected run_mailbox value from core (x=25,y=16) (assert.hpp:103)
2025-11-23 13:00:16.903 | warning  |          Always | Detected dispatch kernels still running but failed to complete an early exit. This may happen from time to time following a reset, continuing to FW initialization... (metal_context.cpp:703)
2025-11-23 13:00:17.016 | info     |           Metal | While initializing device 5, active ethernet dispatch core (x=21,y=16) detected as still running, issuing exit signal. (metal_context.cpp:668)
2025-11-23 13:00:17.017 | info     |           Metal | While initializing device 5, active ethernet dispatch core (x=22,y=16) detected as still running, issuing exit signal. (metal_context.cpp:668)
2025-11-23 13:00:17.017 | info     |           Metal | While initializing device 5, active ethernet dispatch core (x=18,y=16) detected as still running, issuing exit signal. (metal_context.cpp:668)
2025-11-23 13:00:17.017 | info     |           Metal | While initializing device 5, active ethernet dispatch core (x=25,y=16) detected as still running, issuing exit signal. (metal_context.cpp:668)
2025-11-23 13:00:17.017 | critical |          Always | TT_FATAL: Read unexpected run_mailbox value from core (x=25,y=16) (assert.hpp:103)
2025-11-23 13:00:17.019 | warning  |          Always | Detected dispatch kernels still running but failed to complete an early exit. This may happen from time to time following a reset, continuing to FW initialization... (metal_context.cpp:703)
2025-11-23 13:00:17.140 | info     |           Metal | While initializing device 6, active ethernet dispatch core (x=21,y=16) detected as still running, issuing exit signal. (metal_context.cpp:668)
2025-11-23 13:00:17.140 | info     |           Metal | While initializing device 6, active ethernet dispatch core (x=22,y=16) detected as still running, issuing exit signal. (metal_context.cpp:668)
2025-11-23 13:00:17.141 | info     |           Metal | While initializing device 6, active ethernet dispatch core (x=18,y=16) detected as still running, issuing exit signal. (metal_context.cpp:668)
2025-11-23 13:00:17.141 | info     |           Metal | While initializing device 6, active ethernet dispatch core (x=25,y=16) detected as still running, issuing exit signal. (metal_context.cpp:668)
2025-11-23 13:00:17.141 | critical |          Always | TT_FATAL: Read unexpected run_mailbox value from core (x=25,y=16) (assert.hpp:103)
2025-11-23 13:00:17.143 | warning  |          Always | Detected dispatch kernels still running but failed to complete an early exit. This may happen from time to time following a reset, continuing to FW initialization... (metal_context.cpp:703)
2025-11-23 13:00:17.265 | info     |           Metal | While initializing device 7, active ethernet dispatch core (x=21,y=16) detected as still running, issuing exit signal. (metal_context.cpp:668)
2025-11-23 13:00:17.265 | info     |           Metal | While initializing device 7, active ethernet dispatch core (x=22,y=16) detected as still running, issuing exit signal. (metal_context.cpp:668)
2025-11-23 13:00:17.266 | info     |           Metal | While initializing device 7, active ethernet dispatch core (x=18,y=16) detected as still running, issuing exit signal. (metal_context.cpp:668)
2025-11-23 13:00:17.266 | info     |           Metal | While initializing device 7, active ethernet dispatch core (x=25,y=16) detected as still running, issuing exit signal. (metal_context.cpp:668)
2025-11-23 13:00:17.266 | critical |          Always | TT_FATAL: Read unexpected run_mailbox value from core (x=25,y=16) (assert.hpp:103)
2025-11-23 13:00:17.268 | warning  |          Always | Detected dispatch kernels still running but failed to complete an early exit. This may happen from time to time following a reset, continuing to FW initialization... (metal_context.cpp:703)
2025-11-23 13:00:17.381 | warning  |           Metal | Opening subset of mmio devices slows down UMD read/write to remote chips. If opening more devices, consider using CreateDevices API. (device_pool.cpp:316)
2025-11-23 13:00:17.869 | error    |    BuildKernels | ncrisc compile failure -- cmd: cd /home/m48chen/.cache/tt-metal-cache/2889bb5ce3/11358605694596585868/kernels/reader_binary_1_tile/12088858009153797218/ncrisc/ && /home/m48chen/tt-metal/runtime/sfpi/compiler/bin/riscv-tt-elf-g++ -O2 -std=c++17 -flto=auto -ffast-math -fno-exceptions -g -MMD -fno-use-cxa-atexit -Wall -Werror -Wno-unknown-pragmas -Wno-deprecated-declarations -Wno-error=multistatement-macros -Wno-error=parentheses -Wno-error=unused-but-set-variable -Wno-unused-variable -Wno-unused-function -mcpu=tt-wh -fno-tree-loop-distribute-patterns -I. -I.. -I/home/m48chen/tt-metal/ -I/home/m48chen/tt-metal/ttnn -I/home/m48chen/tt-metal/ttnn/cpp -I/home/m48chen/tt-metal/tt_metal -I/home/m48chen/tt-metal/tt_metal/include -I/home/m48chen/tt-metal/tt_metal/hw/inc -I/home/m48chen/tt-metal/tt_metal/hostdevcommon/api -I/home/m48chen/tt-metal/tt_metal/hw/inc/debug -I/home/m48chen/tt-metal/tt_metal/api/ -I/home/m48chen/tt-metal/tt_metal/api/tt-metalium/ -I/home/m48chen/tt-metal/tt_metal/hw/ckernels/wormhole_b0/metal/common -I/home/m48chen/tt-metal/tt_metal/hw/ckernels/wormhole_b0/metal/llk_io -I/home/m48chen/tt-metal/tt_metal/hw/inc/tt-1xx -I/home/m48chen/tt-metal/tt_metal/hw/inc/tt-1xx/wormhole -I/home/m48chen/tt-metal/tt_metal/hw/inc/tt-1xx/wormhole/wormhole_b0_defines -I/home/m48chen/tt-metal/tt_metal/hw/inc/tt-1xx/wormhole/noc -I/home/m48chen/tt-metal/tt_metal/lite_fabric/hw/inc/wormhole -I/home/m48chen/tt-metal/tt_metal/third_party/tt_llk/tt_llk_wormhole_b0/common/inc -I/home/m48chen/tt-metal/tt_metal/third_party/tt_llk/tt_llk_wormhole_b0/llk_lib -I/home/m48chen/tt-metal/tt_metal/hw/firmware/src/tt-1xx -c -o ncrisck.o /home/m48chen/tt-metal/tt_metal/hw/firmware/src/tt-1xx/ncrisck.cc -DIS_NOT_POW2_NUM_DRAM_BANKS=1 -DIS_NOT_POW2_NUM_L1_BANKS=1 -DNUM_DRAM_BANKS=12 -DNUM_L1_BANKS=56 -DPCIE_NOC_X=0 -DPCIE_NOC_Y=3 -DTENSIX_FIRMWARE -DLOCAL_MEM_EN=0 -DROUTING_FW_ENABLED -DPROCESSOR_INDEX=1 -DCOMPILE_FOR_NCRISC -DARCH_WORMHOLE -DDISPATCH_MESSAGE_ADDR=4290183304 -DKERNEL_BUILD -DNOC_INDEX='0' -DNOC_MODE='0' -DKERNEL_COMPILE_TIME_ARGS=0,1,2  (build.cpp:60)
2025-11-23 13:00:17.870 | critical |          Always | TT_THROW: ncrisc build failed. Log: In file included from /home/m48chen/tt-metal/tt_metal/hw/inc/firmware_common.h:12,
                 from /home/m48chen/tt-metal/tt_metal/hw/firmware/src/tt-1xx/ncrisck.cc:17:
/home/m48chen/tt-metal/tt_metal/hw/inc/compile_time_args.h: In instantiation of 'constexpr uint32_t get_ct_arg() [with long unsigned int Idx = 3; uint32_t = long unsigned int]':
/home/m48chen/tt-metal/tt_metal/hw/inc/accessor/tensor_accessor_args.h:58:20:   required from 'constexpr const uint32_t TensorAccessorArgs<1>::NumBanksCT'
   62 | #define get_compile_time_arg_val(arg_idx) get_ct_arg<arg_idx>()
      |                                           ~~~~~~~~~~~~~~~~~~~^~
/home/m48chen/tt-metal/tt_metal/hw/inc/accessor/tensor_accessor_args.h:65:55:   required from 'struct TensorAccessorArgs<1>'
   65 |     static_assert(!is_sharded || num_banks_is_crta || NumBanksCT > 0, "Number of banks must be greater than 0!");
      |                                                       ^~~~~~~~~~
/home/m48chen/tt-metal/tt_metal/programming_examples/diode_equation_single_core_v2_generated/kernels/dataflow/reader_binary_1_tile.cpp:20:70:   required from here
   20 |     constexpr auto interleaved_accessor_args = TensorAccessorArgs<1>();
      |                                                                      ^
/home/m48chen/tt-metal/tt_metal/hw/inc/compile_time_args.h:25:23: error: static assertion failed: Index out of range
   25 |     static_assert(Idx < kernel_compile_time_args.size(), "Index out of range");
      |                   ~~~~^~~~~~~~~~~~~~~~~~~~~~~~~~~~~~~~~
/home/m48chen/tt-metal/tt_metal/hw/inc/compile_time_args.h:25:23: note: the comparison reduces to '(3 < 3)'
In file included from /home/m48chen/tt-metal/tt_metal/hw/inc/accessor/tensor_accessor.h:8,
                 from /home/m48chen/tt-metal/tt_metal/hw/inc/dataflow_api.h:28,
                 from /home/m48chen/tt-metal/tt_metal/hw/inc/firmware_common.h:20:
/home/m48chen/tt-metal/tt_metal/hw/inc/accessor/tensor_accessor_args.h: In instantiation of 'struct TensorAccessorArgs<1>':
/home/m48chen/tt-metal/tt_metal/programming_examples/diode_equation_single_core_v2_generated/kernels/dataflow/reader_binary_1_tile.cpp:20:70:   required from here
   20 |     constexpr auto interleaved_accessor_args = TensorAccessorArgs<1>();
      |                                                                      ^
/home/m48chen/tt-metal/tt_metal/hw/inc/accessor/tensor_accessor_args.h:65:52: error: non-constant condition for static assertion
   65 |     static_assert(!is_sharded || num_banks_is_crta || NumBanksCT > 0, "Number of banks must be greater than 0!");
      |                   ~~~~~~~~~~~~~~~~~~~~~~~~~~~~~~~~~^~~~~~~~~~~~~~~~~
/home/m48chen/tt-metal/tt_metal/hw/inc/compile_time_args.h: In instantiation of 'constexpr uint32_t get_ct_arg() [with long unsigned int Idx = 4; uint32_t = long unsigned int]':
/home/m48chen/tt-metal/tt_metal/hw/inc/accessor/helpers.h:17:16:   required by substitution of 'template<template<long unsigned int ...<anonymous> > class Wrapper, unsigned int BASE_IDX, unsigned int ...Is> constexpr Wrapper<(get_ct_arg<BASE_IDX + Is>)()...> tensor_accessor::detail::make_struct_from_sequence_wrapper(std::index_sequence<_Idx ...>) [with Wrapper = tensor_accessor::ArrayStaticWrapperU32; unsigned int BASE_IDX = 4; unsigned int ...Is = {0, 1}]'
   62 | #define get_compile_time_arg_val(arg_idx) get_ct_arg<arg_idx>()
      |                                           ~~~~~~~~~~~~~~~~~~~^~
/home/m48chen/tt-metal/tt_metal/hw/inc/accessor/helpers.h:21:62:   required by substitution of 'template<template<long unsigned int ...<anonymous> > class Wrapper, unsigned int base, long unsigned int rank> using tensor_accessor::detail::struct_cta_sequence_wrapper_t = decltype (make_struct_from_sequence_wrapper<template<long unsigned int ...<anonymous> > class Wrapper, base>(std::make_index_sequence<rank>{})) [with Wrapper = tensor_accessor::ArrayStaticWrapperU32; unsigned int base = 4; long unsigned int rank = 2]'
   21 |     decltype(make_struct_from_sequence_wrapper<Wrapper, base>(std::make_index_sequence<rank>{}));
      |              ~~~~~~~~~~~~~~~~~~~~~~~~~~~~~~~~~~~~~~~~~~~~~~~~^~~~~~~~~~~~~~~~~~~~~~~~~~~~~~~~~~
/home/m48chen/tt-metal/tt_metal/hw/inc/accessor/array_wrapper.h:82:11:   required from 'struct tensor_accessor::ArrayWrapperTypeSelectorU32<true, 4, 2>'
   82 |     using type = detail::struct_cta_sequence_wrapper_t<ArrayStaticWrapperU32, StartIdx, Size>;
      |           ^~~~
/home/m48chen/tt-metal/tt_metal/hw/inc/accessor/tensor_accessor.h:380:1:   required by substitution of 'template<unsigned int CTA_OFFSET, unsigned int CRTA_OFFSET> TensorAccessor(const TensorAccessorArgs<CTA_OFFSET, CRTA_OFFSET>&, size_t, uint32_t) -> TensorAccessor<tensor_accessor::DistributionSpec<TensorAccessorArgs<CTA_OFFSET, CRTA_OFFSET>::RankCT, TensorAccessorArgs<CTA_OFFSET, CRTA_OFFSET>::NumBanksCT, typename tensor_accessor::ArrayWrapperTypeSelectorU32<(! TensorAccessorArgs<CTA_OFFSET, CRTA_OFFSET>::tensor_shape_is_crta), TensorAccessorArgs<CTA_OFFSET, CRTA_OFFSET>::TensorShapeCTAOffset, TensorAccessorArgs<CTA_OFFSET, CRTA_OFFSET>::RankCT>::type, typename tensor_accessor::ArrayWrapperTypeSelectorU32<(! TensorAccessorArgs<CTA_OFFSET, CRTA_OFFSET>::shard_shape_is_crta), TensorAccessorArgs<CTA_OFFSET, CRTA_OFFSET>::ShardShapeCTAOffset, TensorAccessorArgs<CTA_OFFSET, CRTA_OFFSET>::RankCT>::type, typename tensor_accessor::ArrayWrapperTypeSelectorPackedU16<(! TensorAccessorArgs<CTA_OFFSET, CRTA_OFFSET>::bank_coords_is_crta), TensorAccessorArgs<CTA_OFFSET, CRTA_OFFSET>::BankCoordsCTAOffset, TensorAccessorArgs<CTA_OFFSET, CRTA_OFFSET>::NumBanksCT>::type, (! TensorAccessorArgs<CTA_OFFSET, CRTA_OFFSET>::is_sharded), TensorAccessorArgs<CTA_OFFSET, CRTA_OFFSET>::is_dram> > [with unsigned int CTA_OFFSET = 1; unsigned int CRTA_OFFSET = 4294967295]'
  380 | TensorAccessor(const TensorAccessorArgs<CTA_OFFSET, CRTA_OFFSET>& args, size_t, uint32_t)
      | ^~~~~~~~~~~~~~
/home/m48chen/tt-metal/tt_metal/programming_examples/diode_equation_single_core_v2_generated/kernels/dataflow/reader_binary_1_tile.cpp:23:100:   required from here
   23 |         TensorAccessor(interleaved_accessor_args, voltage_buffer_addr, voltage_data_tile_size_bytes);
      |                                                                                                    ^
/home/m48chen/tt-metal/tt_metal/hw/inc/compile_time_args.h:25:23: error: static assertion failed: Index out of range
   25 |     static_assert(Idx < kernel_compile_time_args.size(), "Index out of range");
      |                   ~~~~^~~~~~~~~~~~~~~~~~~~~~~~~~~~~~~~~
/home/m48chen/tt-metal/tt_metal/hw/inc/compile_time_args.h:25:23: note: the comparison reduces to '(4 < 3)'
/home/m48chen/tt-metal/tt_metal/hw/inc/compile_time_args.h: In instantiation of 'constexpr uint32_t get_ct_arg() [with long unsigned int Idx = 5; uint32_t = long unsigned int]':
/home/m48chen/tt-metal/tt_metal/hw/inc/accessor/helpers.h:17:16:   required by substitution of 'template<template<long unsigned int ...<anonymous> > class Wrapper, unsigned int BASE_IDX, unsigned int ...Is> constexpr Wrapper<(get_ct_arg<BASE_IDX + Is>)()...> tensor_accessor::detail::make_struct_from_sequence_wrapper(std::index_sequence<_Idx ...>) [with Wrapper = tensor_accessor::ArrayStaticWrapperU32; unsigned int BASE_IDX = 4; unsigned int ...Is = {0, 1}]'
   62 | #define get_compile_time_arg_val(arg_idx) get_ct_arg<arg_idx>()
      |                                           ~~~~~~~~~~~~~~~~~~~^~
/home/m48chen/tt-metal/tt_metal/hw/inc/accessor/helpers.h:21:62:   required by substitution of 'template<template<long unsigned int ...<anonymous> > class Wrapper, unsigned int base, long unsigned int rank> using tensor_accessor::detail::struct_cta_sequence_wrapper_t = decltype (make_struct_from_sequence_wrapper<template<long unsigned int ...<anonymous> > class Wrapper, base>(std::make_index_sequence<rank>{})) [with Wrapper = tensor_accessor::ArrayStaticWrapperU32; unsigned int base = 4; long unsigned int rank = 2]'
   21 |     decltype(make_struct_from_sequence_wrapper<Wrapper, base>(std::make_index_sequence<rank>{}));
      |              ~~~~~~~~~~~~~~~~~~~~~~~~~~~~~~~~~~~~~~~~~~~~~~~~^~~~~~~~~~~~~~~~~~~~~~~~~~~~~~~~~~
/home/m48chen/tt-metal/tt_metal/hw/inc/accessor/array_wrapper.h:82:11:   required from 'struct tensor_accessor::ArrayWrapperTypeSelectorU32<true, 4, 2>'
   82 |     using type = detail::struct_cta_sequence_wrapper_t<ArrayStaticWrapperU32, StartIdx, Size>;
      |           ^~~~
/home/m48chen/tt-metal/tt_metal/hw/inc/accessor/tensor_accessor.h:380:1:   required by substitution of 'template<unsigned int CTA_OFFSET, unsigned int CRTA_OFFSET> TensorAccessor(const TensorAccessorArgs<CTA_OFFSET, CRTA_OFFSET>&, size_t, uint32_t) -> TensorAccessor<tensor_accessor::DistributionSpec<TensorAccessorArgs<CTA_OFFSET, CRTA_OFFSET>::RankCT, TensorAccessorArgs<CTA_OFFSET, CRTA_OFFSET>::NumBanksCT, typename tensor_accessor::ArrayWrapperTypeSelectorU32<(! TensorAccessorArgs<CTA_OFFSET, CRTA_OFFSET>::tensor_shape_is_crta), TensorAccessorArgs<CTA_OFFSET, CRTA_OFFSET>::TensorShapeCTAOffset, TensorAccessorArgs<CTA_OFFSET, CRTA_OFFSET>::RankCT>::type, typename tensor_accessor::ArrayWrapperTypeSelectorU32<(! TensorAccessorArgs<CTA_OFFSET, CRTA_OFFSET>::shard_shape_is_crta), TensorAccessorArgs<CTA_OFFSET, CRTA_OFFSET>::ShardShapeCTAOffset, TensorAccessorArgs<CTA_OFFSET, CRTA_OFFSET>::RankCT>::type, typename tensor_accessor::ArrayWrapperTypeSelectorPackedU16<(! TensorAccessorArgs<CTA_OFFSET, CRTA_OFFSET>::bank_coords_is_crta), TensorAccessorArgs<CTA_OFFSET, CRTA_OFFSET>::BankCoordsCTAOffset, TensorAccessorArgs<CTA_OFFSET, CRTA_OFFSET>::NumBanksCT>::type, (! TensorAccessorArgs<CTA_OFFSET, CRTA_OFFSET>::is_sharded), TensorAccessorArgs<CTA_OFFSET, CRTA_OFFSET>::is_dram> > [with unsigned int CTA_OFFSET = 1; unsigned int CRTA_OFFSET = 4294967295]'
  380 | TensorAccessor(const TensorAccessorArgs<CTA_OFFSET, CRTA_OFFSET>& args, size_t, uint32_t)
      | ^~~~~~~~~~~~~~
/home/m48chen/tt-metal/tt_metal/programming_examples/diode_equation_single_core_v2_generated/kernels/dataflow/reader_binary_1_tile.cpp:23:100:   required from here
   23 |         TensorAccessor(interleaved_accessor_args, voltage_buffer_addr, voltage_data_tile_size_bytes);
      |                                                                                                    ^
/home/m48chen/tt-metal/tt_metal/hw/inc/compile_time_args.h:25:23: error: static assertion failed: Index out of range
   25 |     static_assert(Idx < kernel_compile_time_args.size(), "Index out of range");
      |                   ~~~~^~~~~~~~~~~~~~~~~~~~~~~~~~~~~~~~~
/home/m48chen/tt-metal/tt_metal/hw/inc/compile_time_args.h:25:23: note: the comparison reduces to '(5 < 3)'
In file included from /home/m48chen/tt-metal/tt_metal/hw/inc/accessor/array_wrapper.h:11,
                 from /home/m48chen/tt-metal/tt_metal/hw/inc/accessor/tensor_accessor.h:9:
/home/m48chen/tt-metal/tt_metal/hw/inc/accessor/helpers.h: In substitution of 'template<template<long unsigned int ...<anonymous> > class Wrapper, unsigned int base, long unsigned int rank> using tensor_accessor::detail::struct_cta_sequence_wrapper_t = decltype (make_struct_from_sequence_wrapper<template<long unsigned int ...<anonymous> > class Wrapper, base>(std::make_index_sequence<rank>{})) [with Wrapper = tensor_accessor::ArrayStaticWrapperU32; unsigned int base = 4; long unsigned int rank = 2]':
/home/m48chen/tt-metal/tt_metal/hw/inc/accessor/array_wrapper.h:82:11:   required from 'struct tensor_accessor::ArrayWrapperTypeSelectorU32<true, 4, 2>'
   82 |     using type = detail::struct_cta_sequence_wrapper_t<ArrayStaticWrapperU32, StartIdx, Size>;
      |           ^~~~
/home/m48chen/tt-metal/tt_metal/hw/inc/accessor/tensor_accessor.h:380:1:   required by substitution of 'template<unsigned int CTA_OFFSET, unsigned int CRTA_OFFSET> TensorAccessor(const TensorAccessorArgs<CTA_OFFSET, CRTA_OFFSET>&, size_t, uint32_t) -> TensorAccessor<tensor_accessor::DistributionSpec<TensorAccessorArgs<CTA_OFFSET, CRTA_OFFSET>::RankCT, TensorAccessorArgs<CTA_OFFSET, CRTA_OFFSET>::NumBanksCT, typename tensor_accessor::ArrayWrapperTypeSelectorU32<(! TensorAccessorArgs<CTA_OFFSET, CRTA_OFFSET>::tensor_shape_is_crta), TensorAccessorArgs<CTA_OFFSET, CRTA_OFFSET>::TensorShapeCTAOffset, TensorAccessorArgs<CTA_OFFSET, CRTA_OFFSET>::RankCT>::type, typename tensor_accessor::ArrayWrapperTypeSelectorU32<(! TensorAccessorArgs<CTA_OFFSET, CRTA_OFFSET>::shard_shape_is_crta), TensorAccessorArgs<CTA_OFFSET, CRTA_OFFSET>::ShardShapeCTAOffset, TensorAccessorArgs<CTA_OFFSET, CRTA_OFFSET>::RankCT>::type, typename tensor_accessor::ArrayWrapperTypeSelectorPackedU16<(! TensorAccessorArgs<CTA_OFFSET, CRTA_OFFSET>::bank_coords_is_crta), TensorAccessorArgs<CTA_OFFSET, CRTA_OFFSET>::BankCoordsCTAOffset, TensorAccessorArgs<CTA_OFFSET, CRTA_OFFSET>::NumBanksCT>::type, (! TensorAccessorArgs<CTA_OFFSET, CRTA_OFFSET>::is_sharded), TensorAccessorArgs<CTA_OFFSET, CRTA_OFFSET>::is_dram> > [with unsigned int CTA_OFFSET = 1; unsigned int CRTA_OFFSET = 4294967295]'
  380 | TensorAccessor(const TensorAccessorArgs<CTA_OFFSET, CRTA_OFFSET>& args, size_t, uint32_t)
      | ^~~~~~~~~~~~~~
/home/m48chen/tt-metal/tt_metal/programming_examples/diode_equation_single_core_v2_generated/kernels/dataflow/reader_binary_1_tile.cpp:23:100:   required from here
   23 |         TensorAccessor(interleaved_accessor_args, voltage_buffer_addr, voltage_data_tile_size_bytes);
      |                                                                                                    ^
/home/m48chen/tt-metal/tt_metal/hw/inc/accessor/helpers.h:21:62: error: no matching function for call to 'make_struct_from_sequence_wrapper<template<long unsigned int ...Elements> using tensor_accessor::ArrayStaticWrapperU32 = tensor_accessor::ArrayStaticWrapper<long unsigned int, Elements ...>, 4>(std::make_index_sequence<2>)'
   21 |     decltype(make_struct_from_sequence_wrapper<Wrapper, base>(std::make_index_sequence<rank>{}));
      |              ~~~~~~~~~~~~~~~~~~~~~~~~~~~~~~~~~~~~~~~~~~~~~~~~^~~~~~~~~~~~~~~~~~~~~~~~~~~~~~~~~~
/home/m48chen/tt-metal/tt_metal/hw/inc/accessor/helpers.h:21:62: note: there is 1 candidate
/home/m48chen/tt-metal/tt_metal/hw/inc/accessor/helpers.h:16:16: note: candidate 1: 'template<template<long unsigned int ...<anonymous> > class Wrapper, unsigned int BASE_IDX, unsigned int ...Is> constexpr Wrapper<(get_ct_arg<BASE_IDX + Is>)()...> tensor_accessor::detail::make_struct_from_sequence_wrapper(std::index_sequence<_Idx ...>)'
   16 | constexpr auto make_struct_from_sequence_wrapper(std::index_sequence<Is...>)
      |                ^~~~~~~~~~~~~~~~~~~~~~~~~~~~~~~~~
/home/m48chen/tt-metal/tt_metal/hw/inc/accessor/helpers.h:16:16: note: substitution of deduced template arguments resulted in errors seen above
In file included from ../kernel_includes.hpp:1,
                 from /home/m48chen/tt-metal/tt_metal/hw/firmware/src/tt-1xx/ncrisck.cc:22:
/home/m48chen/tt-metal/tt_metal/programming_examples/diode_equation_single_core_v2_generated/kernels/dataflow/reader_binary_1_tile.cpp: In function 'void kernel_main()':
/home/m48chen/tt-metal/tt_metal/programming_examples/diode_equation_single_core_v2_generated/kernels/dataflow/reader_binary_1_tile.cpp:23:100: error: class template argument deduction failed:
   23 |         TensorAccessor(interleaved_accessor_args, voltage_buffer_addr, voltage_data_tile_size_bytes);
      |                                                                                                    ^
/home/m48chen/tt-metal/tt_metal/programming_examples/diode_equation_single_core_v2_generated/kernels/dataflow/reader_binary_1_tile.cpp:23:100: error: no matching function for call to 'TensorAccessor(const TensorAccessorArgs<1>&, const uint32_t&, const uint32_t&)'
/home/m48chen/tt-metal/tt_metal/programming_examples/diode_equation_single_core_v2_generated/kernels/dataflow/reader_binary_1_tile.cpp:23:100: note: there are 6 candidates
/home/m48chen/tt-metal/tt_metal/hw/inc/accessor/tensor_accessor.h:74:5: note: candidate 1: 'template<class DSpecT, unsigned int CTA_OFFSET, unsigned int CRTA_OFFSET> TensorAccessor(const TensorAccessorArgs<CTA_OFFSET, CRTA_OFFSET>&, size_t, uint32_t) -> TensorAccessor<DSpecT>'
   74 |     TensorAccessor(
      |     ^~~~~~~~~~~~~~
/home/m48chen/tt-metal/tt_metal/hw/inc/accessor/tensor_accessor.h:74:5: note: template argument deduction/substitution failed:
/home/m48chen/tt-metal/tt_metal/programming_examples/diode_equation_single_core_v2_generated/kernels/dataflow/reader_binary_1_tile.cpp:23:100: note:   couldn't deduce template parameter 'DSpecT'
   23 |         TensorAccessor(interleaved_accessor_args, voltage_buffer_addr, voltage_data_tile_size_bytes);
      |                                                                                                    ^
/home/m48chen/tt-metal/tt_metal/hw/inc/accessor/tensor_accessor.h:70:5: note: candidate 2: 'template<class DSpecT, class DSpec_, typename std::enable_if<DSpec_::is_static, int>::type <anonymous> > TensorAccessor(size_t, uint32_t) -> TensorAccessor<DSpecT>'
   70 |     TensorAccessor(const size_t bank_base_address_in = 0, uint32_t page_size_in = 0) :
      |     ^~~~~~~~~~~~~~
/home/m48chen/tt-metal/tt_metal/hw/inc/accessor/tensor_accessor.h:70:5: note: candidate expects 2 arguments, 3 provided
/home/m48chen/tt-metal/tt_metal/hw/inc/accessor/tensor_accessor.h:65:24: note: candidate 3: 'template<class DSpecT, class DSpec_, typename std::enable_if<is_same_v<typename std::decay<_Tp2>::type, DSpecT>, int>::type <anonymous> > TensorAccessor(DSpec_&&, size_t, uint32_t) -> TensorAccessor<DSpecT>'
   65 |     constexpr explicit TensorAccessor(
      |                        ^~~~~~~~~~~~~~
/home/m48chen/tt-metal/tt_metal/hw/inc/accessor/tensor_accessor.h:65:24: note: template argument deduction/substitution failed:
/home/m48chen/tt-metal/tt_metal/programming_examples/diode_equation_single_core_v2_generated/kernels/dataflow/reader_binary_1_tile.cpp:23:100: note:   couldn't deduce template parameter 'DSpecT'
   23 |         TensorAccessor(interleaved_accessor_args, voltage_buffer_addr, voltage_data_tile_size_bytes);
      |                                                                                                    ^
/home/m48chen/tt-metal/tt_metal/hw/inc/accessor/tensor_accessor.h:51:8: note: candidate 4: 'template<class DSpecT> TensorAccessor(TensorAccessor<DSpecT>) -> TensorAccessor<DSpecT>'
   51 | struct TensorAccessor {
      |        ^~~~~~~~~~~~~~
/home/m48chen/tt-metal/tt_metal/hw/inc/accessor/tensor_accessor.h:51:8: note: candidate expects 1 argument, 3 provided
/home/m48chen/tt-metal/tt_metal/hw/inc/accessor/tensor_accessor.h:410:1: note: candidate 5: 'template<long unsigned int RankCT, long unsigned int NumBanksCT, class TensorShapeWrapper, class ShardShapeWrapper, class BankCoordsWrapper, bool IsInterleaved, bool IsDram> TensorAccessor(tensor_accessor::DistributionSpec<RankCT, NumBanksCT, TensorShapeWrapper, ShardShapeWrapper, BankCoordsWrapper, IsInterleaved, IsDram>, size_t, uint32_t) -> TensorAccessor<tensor_accessor::DistributionSpec<RankCT, NumBanksCT, TensorShapeWrapper, ShardShapeWrapper, BankCoordsWrapper, IsInterleaved, IsDram> >'
  410 | TensorAccessor(
      | ^~~~~~~~~~~~~~
/home/m48chen/tt-metal/tt_metal/hw/inc/accessor/tensor_accessor.h:410:1: note: template argument deduction/substitution failed:
/home/m48chen/tt-metal/tt_metal/programming_examples/diode_equation_single_core_v2_generated/kernels/dataflow/reader_binary_1_tile.cpp:23:100: note:   'TensorAccessorArgs<1>' is not derived from 'tensor_accessor::DistributionSpec<RankCT, NumBanksCT, TensorShapeWrapper, ShardShapeWrapper, BankCoordsWrapper, IsInterleaved, IsDram>'
   23 |         TensorAccessor(interleaved_accessor_args, voltage_buffer_addr, voltage_data_tile_size_bytes);
      |                                                                                                    ^
/home/m48chen/tt-metal/tt_metal/hw/inc/accessor/tensor_accessor.h:380:1: note: candidate 6: 'template<unsigned int CTA_OFFSET, unsigned int CRTA_OFFSET> TensorAccessor(const TensorAccessorArgs<CTA_OFFSET, CRTA_OFFSET>&, size_t, uint32_t) -> TensorAccessor<tensor_accessor::DistributionSpec<TensorAccessorArgs<CTA_OFFSET, CRTA_OFFSET>::RankCT, TensorAccessorArgs<CTA_OFFSET, CRTA_OFFSET>::NumBanksCT, typename tensor_accessor::ArrayWrapperTypeSelectorU32<(! TensorAccessorArgs<CTA_OFFSET, CRTA_OFFSET>::tensor_shape_is_crta), TensorAccessorArgs<CTA_OFFSET, CRTA_OFFSET>::TensorShapeCTAOffset, TensorAccessorArgs<CTA_OFFSET, CRTA_OFFSET>::RankCT>::type, typename tensor_accessor::ArrayWrapperTypeSelectorU32<(! TensorAccessorArgs<CTA_OFFSET, CRTA_OFFSET>::shard_shape_is_crta), TensorAccessorArgs<CTA_OFFSET, CRTA_OFFSET>::ShardShapeCTAOffset, TensorAccessorArgs<CTA_OFFSET, CRTA_OFFSET>::RankCT>::type, typename tensor_accessor::ArrayWrapperTypeSelectorPackedU16<(! TensorAccessorArgs<CTA_OFFSET, CRTA_OFFSET>::bank_coords_is_crta), TensorAccessorArgs<CTA_OFFSET, CRTA_OFFSET>::BankCoordsCTAOffset, TensorAccessorArgs<CTA_OFFSET, CRTA_OFFSET>::NumBanksCT>::type, (! TensorAccessorArgs<CTA_OFFSET, CRTA_OFFSET>::is_sharded), TensorAccessorArgs<CTA_OFFSET, CRTA_OFFSET>::is_dram> >'
  380 | TensorAccessor(const TensorAccessorArgs<CTA_OFFSET, CRTA_OFFSET>& args, size_t, uint32_t)
      | ^~~~~~~~~~~~~~
/home/m48chen/tt-metal/tt_metal/hw/inc/accessor/tensor_accessor.h:380:1: note: template argument deduction/substitution failed:
/home/m48chen/tt-metal/tt_metal/programming_examples/diode_equation_single_core_v2_generated/kernels/dataflow/reader_binary_1_tile.cpp:25:90: error: class template argument deduction failed:
   25 |         TensorAccessor(interleaved_accessor_args, vj_buffer_addr, vj_data_tile_size_bytes);
      |                                                                                          ^
/home/m48chen/tt-metal/tt_metal/programming_examples/diode_equation_single_core_v2_generated/kernels/dataflow/reader_binary_1_tile.cpp:25:90: error: no matching function for call to 'TensorAccessor(const TensorAccessorArgs<1>&, const uint32_t&, const uint32_t&)'
/home/m48chen/tt-metal/tt_metal/programming_examples/diode_equation_single_core_v2_generated/kernels/dataflow/reader_binary_1_tile.cpp:25:90: note: there are 6 candidates
/home/m48chen/tt-metal/tt_metal/hw/inc/accessor/tensor_accessor.h:74:5: note: candidate 1: 'template<class DSpecT, unsigned int CTA_OFFSET, unsigned int CRTA_OFFSET> TensorAccessor(const TensorAccessorArgs<CTA_OFFSET, CRTA_OFFSET>&, size_t, uint32_t) -> TensorAccessor<DSpecT>'
   74 |     TensorAccessor(
      |     ^~~~~~~~~~~~~~
/home/m48chen/tt-metal/tt_metal/hw/inc/accessor/tensor_accessor.h:74:5: note: template argument deduction/substitution failed:
/home/m48chen/tt-metal/tt_metal/programming_examples/diode_equation_single_core_v2_generated/kernels/dataflow/reader_binary_1_tile.cpp:25:90: note:   couldn't deduce template parameter 'DSpecT'
   25 |         TensorAccessor(interleaved_accessor_args, vj_buffer_addr, vj_data_tile_size_bytes);
      |                                                                                          ^
/home/m48chen/tt-metal/tt_metal/hw/inc/accessor/tensor_accessor.h:70:5: note: candidate 2: 'template<class DSpecT, class DSpec_, typename std::enable_if<DSpec_::is_static, int>::type <anonymous> > TensorAccessor(size_t, uint32_t) -> TensorAccessor<DSpecT>'
   70 |     TensorAccessor(const size_t bank_base_address_in = 0, uint32_t page_size_in = 0) :
      |     ^~~~~~~~~~~~~~
/home/m48chen/tt-metal/tt_metal/hw/inc/accessor/tensor_accessor.h:70:5: note: candidate expects 2 arguments, 3 provided
/home/m48chen/tt-metal/tt_metal/hw/inc/accessor/tensor_accessor.h:65:24: note: candidate 3: 'template<class DSpecT, class DSpec_, typename std::enable_if<is_same_v<typename std::decay<_Tp2>::type, DSpecT>, int>::type <anonymous> > TensorAccessor(DSpec_&&, size_t, uint32_t) -> TensorAccessor<DSpecT>'
   65 |     constexpr explicit TensorAccessor(
      |                        ^~~~~~~~~~~~~~
/home/m48chen/tt-metal/tt_metal/hw/inc/accessor/tensor_accessor.h:65:24: note: template argument deduction/substitution failed:
/home/m48chen/tt-metal/tt_metal/programming_examples/diode_equation_single_core_v2_generated/kernels/dataflow/reader_binary_1_tile.cpp:25:90: note:   couldn't deduce template parameter 'DSpecT'
   25 |         TensorAccessor(interleaved_accessor_args, vj_buffer_addr, vj_data_tile_size_bytes);
      |                                                                                          ^
/home/m48chen/tt-metal/tt_metal/hw/inc/accessor/tensor_accessor.h:51:8: note: candidate 4: 'template<class DSpecT> TensorAccessor(TensorAccessor<DSpecT>) -> TensorAccessor<DSpecT>'
   51 | struct TensorAccessor {
      |        ^~~~~~~~~~~~~~
/home/m48chen/tt-metal/tt_metal/hw/inc/accessor/tensor_accessor.h:51:8: note: candidate expects 1 argument, 3 provided
/home/m48chen/tt-metal/tt_metal/hw/inc/accessor/tensor_accessor.h:410:1: note: candidate 5: 'template<long unsigned int RankCT, long unsigned int NumBanksCT, class TensorShapeWrapper, class ShardShapeWrapper, class BankCoordsWrapper, bool IsInterleaved, bool IsDram> TensorAccessor(tensor_accessor::DistributionSpec<RankCT, NumBanksCT, TensorShapeWrapper, ShardShapeWrapper, BankCoordsWrapper, IsInterleaved, IsDram>, size_t, uint32_t) -> TensorAccessor<tensor_accessor::DistributionSpec<RankCT, NumBanksCT, TensorShapeWrapper, ShardShapeWrapper, BankCoordsWrapper, IsInterleaved, IsDram> >'
  410 | TensorAccessor(
      | ^~~~~~~~~~~~~~
/home/m48chen/tt-metal/tt_metal/hw/inc/accessor/tensor_accessor.h:410:1: note: template argument deduction/substitution failed:
/home/m48chen/tt-metal/tt_metal/programming_examples/diode_equation_single_core_v2_generated/kernels/dataflow/reader_binary_1_tile.cpp:25:90: note:   'TensorAccessorArgs<1>' is not derived from 'tensor_accessor::DistributionSpec<RankCT, NumBanksCT, TensorShapeWrapper, ShardShapeWrapper, BankCoordsWrapper, IsInterleaved, IsDram>'
   25 |         TensorAccessor(interleaved_accessor_args, vj_buffer_addr, vj_data_tile_size_bytes);
      |                                                                                          ^
/home/m48chen/tt-metal/tt_metal/hw/inc/accessor/tensor_accessor.h:380:1: note: candidate 6: 'template<unsigned int CTA_OFFSET, unsigned int CRTA_OFFSET> TensorAccessor(const TensorAccessorArgs<CTA_OFFSET, CRTA_OFFSET>&, size_t, uint32_t) -> TensorAccessor<tensor_accessor::DistributionSpec<TensorAccessorArgs<CTA_OFFSET, CRTA_OFFSET>::RankCT, TensorAccessorArgs<CTA_OFFSET, CRTA_OFFSET>::NumBanksCT, typename tensor_accessor::ArrayWrapperTypeSelectorU32<(! TensorAccessorArgs<CTA_OFFSET, CRTA_OFFSET>::tensor_shape_is_crta), TensorAccessorArgs<CTA_OFFSET, CRTA_OFFSET>::TensorShapeCTAOffset, TensorAccessorArgs<CTA_OFFSET, CRTA_OFFSET>::RankCT>::type, typename tensor_accessor::ArrayWrapperTypeSelectorU32<(! TensorAccessorArgs<CTA_OFFSET, CRTA_OFFSET>::shard_shape_is_crta), TensorAccessorArgs<CTA_OFFSET, CRTA_OFFSET>::ShardShapeCTAOffset, TensorAccessorArgs<CTA_OFFSET, CRTA_OFFSET>::RankCT>::type, typename tensor_accessor::ArrayWrapperTypeSelectorPackedU16<(! TensorAccessorArgs<CTA_OFFSET, CRTA_OFFSET>::bank_coords_is_crta), TensorAccessorArgs<CTA_OFFSET, CRTA_OFFSET>::BankCoordsCTAOffset, TensorAccessorArgs<CTA_OFFSET, CRTA_OFFSET>::NumBanksCT>::type, (! TensorAccessorArgs<CTA_OFFSET, CRTA_OFFSET>::is_sharded), TensorAccessorArgs<CTA_OFFSET, CRTA_OFFSET>::is_dram> >'
  380 | TensorAccessor(const TensorAccessorArgs<CTA_OFFSET, CRTA_OFFSET>& args, size_t, uint32_t)
      | ^~~~~~~~~~~~~~
/home/m48chen/tt-metal/tt_metal/hw/inc/accessor/tensor_accessor.h:380:1: note: template argument deduction/substitution failed:
 (assert.hpp:103)
2025-11-23 13:00:17.877 | critical |          Always | TT_THROW: Failed to generate binaries for reader_binary_1_tile TT_THROW @ /home/m48chen/tt-metal/tt_metal/jit_build/build.cpp:64: tt::exception
info:
ncrisc build failed. Log: In file included from /home/m48chen/tt-metal/tt_metal/hw/inc/firmware_common.h:12,
                 from /home/m48chen/tt-metal/tt_metal/hw/firmware/src/tt-1xx/ncrisck.cc:17:
/home/m48chen/tt-metal/tt_metal/hw/inc/compile_time_args.h: In instantiation of 'constexpr uint32_t get_ct_arg() [with long unsigned int Idx = 3; uint32_t = long unsigned int]':
/home/m48chen/tt-metal/tt_metal/hw/inc/accessor/tensor_accessor_args.h:58:20:   required from 'constexpr const uint32_t TensorAccessorArgs<1>::NumBanksCT'
   62 | #define get_compile_time_arg_val(arg_idx) get_ct_arg<arg_idx>()
      |                                           ~~~~~~~~~~~~~~~~~~~^~
/home/m48chen/tt-metal/tt_metal/hw/inc/accessor/tensor_accessor_args.h:65:55:   required from 'struct TensorAccessorArgs<1>'
   65 |     static_assert(!is_sharded || num_banks_is_crta || NumBanksCT > 0, "Number of banks must be greater than 0!");
      |                                                       ^~~~~~~~~~
/home/m48chen/tt-metal/tt_metal/programming_examples/diode_equation_single_core_v2_generated/kernels/dataflow/reader_binary_1_tile.cpp:20:70:   required from here
   20 |     constexpr auto interleaved_accessor_args = TensorAccessorArgs<1>();
      |                                                                      ^
/home/m48chen/tt-metal/tt_metal/hw/inc/compile_time_args.h:25:23: error: static assertion failed: Index out of range
   25 |     static_assert(Idx < kernel_compile_time_args.size(), "Index out of range");
      |                   ~~~~^~~~~~~~~~~~~~~~~~~~~~~~~~~~~~~~~
/home/m48chen/tt-metal/tt_metal/hw/inc/compile_time_args.h:25:23: note: the comparison reduces to '(3 < 3)'
In file included from /home/m48chen/tt-metal/tt_metal/hw/inc/accessor/tensor_accessor.h:8,
                 from /home/m48chen/tt-metal/tt_metal/hw/inc/dataflow_api.h:28,
                 from /home/m48chen/tt-metal/tt_metal/hw/inc/firmware_common.h:20:
/home/m48chen/tt-metal/tt_metal/hw/inc/accessor/tensor_accessor_args.h: In instantiation of 'struct TensorAccessorArgs<1>':
/home/m48chen/tt-metal/tt_metal/programming_examples/diode_equation_single_core_v2_generated/kernels/dataflow/reader_binary_1_tile.cpp:20:70:   required from here
   20 |     constexpr auto interleaved_accessor_args = TensorAccessorArgs<1>();
      |                                                                      ^
/home/m48chen/tt-metal/tt_metal/hw/inc/accessor/tensor_accessor_args.h:65:52: error: non-constant condition for static assertion
   65 |     static_assert(!is_sharded || num_banks_is_crta || NumBanksCT > 0, "Number of banks must be greater than 0!");
      |                   ~~~~~~~~~~~~~~~~~~~~~~~~~~~~~~~~~^~~~~~~~~~~~~~~~~
/home/m48chen/tt-metal/tt_metal/hw/inc/compile_time_args.h: In instantiation of 'constexpr uint32_t get_ct_arg() [with long unsigned int Idx = 4; uint32_t = long unsigned int]':
/home/m48chen/tt-metal/tt_metal/hw/inc/accessor/helpers.h:17:16:   required by substitution of 'template<template<long unsigned int ...<anonymous> > class Wrapper, unsigned int BASE_IDX, unsigned int ...Is> constexpr Wrapper<(get_ct_arg<BASE_IDX + Is>)()...> tensor_accessor::detail::make_struct_from_sequence_wrapper(std::index_sequence<_Idx ...>) [with Wrapper = tensor_accessor::ArrayStaticWrapperU32; unsigned int BASE_IDX = 4; unsigned int ...Is = {0, 1}]'
   62 | #define get_compile_time_arg_val(arg_idx) get_ct_arg<arg_idx>()
      |                                           ~~~~~~~~~~~~~~~~~~~^~
/home/m48chen/tt-metal/tt_metal/hw/inc/accessor/helpers.h:21:62:   required by substitution of 'template<template<long unsigned int ...<anonymous> > class Wrapper, unsigned int base, long unsigned int rank> using tensor_accessor::detail::struct_cta_sequence_wrapper_t = decltype (make_struct_from_sequence_wrapper<template<long unsigned int ...<anonymous> > class Wrapper, base>(std::make_index_sequence<rank>{})) [with Wrapper = tensor_accessor::ArrayStaticWrapperU32; unsigned int base = 4; long unsigned int rank = 2]'
   21 |     decltype(make_struct_from_sequence_wrapper<Wrapper, base>(std::make_index_sequence<rank>{}));
      |              ~~~~~~~~~~~~~~~~~~~~~~~~~~~~~~~~~~~~~~~~~~~~~~~~^~~~~~~~~~~~~~~~~~~~~~~~~~~~~~~~~~
/home/m48chen/tt-metal/tt_metal/hw/inc/accessor/array_wrapper.h:82:11:   required from 'struct tensor_accessor::ArrayWrapperTypeSelectorU32<true, 4, 2>'
   82 |     using type = detail::struct_cta_sequence_wrapper_t<ArrayStaticWrapperU32, StartIdx, Size>;
      |           ^~~~
/home/m48chen/tt-metal/tt_metal/hw/inc/accessor/tensor_accessor.h:380:1:   required by substitution of 'template<unsigned int CTA_OFFSET, unsigned int CRTA_OFFSET> TensorAccessor(const TensorAccessorArgs<CTA_OFFSET, CRTA_OFFSET>&, size_t, uint32_t) -> TensorAccessor<tensor_accessor::DistributionSpec<TensorAccessorArgs<CTA_OFFSET, CRTA_OFFSET>::RankCT, TensorAccessorArgs<CTA_OFFSET, CRTA_OFFSET>::NumBanksCT, typename tensor_accessor::ArrayWrapperTypeSelectorU32<(! TensorAccessorArgs<CTA_OFFSET, CRTA_OFFSET>::tensor_shape_is_crta), TensorAccessorArgs<CTA_OFFSET, CRTA_OFFSET>::TensorShapeCTAOffset, TensorAccessorArgs<CTA_OFFSET, CRTA_OFFSET>::RankCT>::type, typename tensor_accessor::ArrayWrapperTypeSelectorU32<(! TensorAccessorArgs<CTA_OFFSET, CRTA_OFFSET>::shard_shape_is_crta), TensorAccessorArgs<CTA_OFFSET, CRTA_OFFSET>::ShardShapeCTAOffset, TensorAccessorArgs<CTA_OFFSET, CRTA_OFFSET>::RankCT>::type, typename tensor_accessor::ArrayWrapperTypeSelectorPackedU16<(! TensorAccessorArgs<CTA_OFFSET, CRTA_OFFSET>::bank_coords_is_crta), TensorAccessorArgs<CTA_OFFSET, CRTA_OFFSET>::BankCoordsCTAOffset, TensorAccessorArgs<CTA_OFFSET, CRTA_OFFSET>::NumBanksCT>::type, (! TensorAccessorArgs<CTA_OFFSET, CRTA_OFFSET>::is_sharded), TensorAccessorArgs<CTA_OFFSET, CRTA_OFFSET>::is_dram> > [with unsigned int CTA_OFFSET = 1; unsigned int CRTA_OFFSET = 4294967295]'
  380 | TensorAccessor(const TensorAccessorArgs<CTA_OFFSET, CRTA_OFFSET>& args, size_t, uint32_t)
      | ^~~~~~~~~~~~~~
/home/m48chen/tt-metal/tt_metal/programming_examples/diode_equation_single_core_v2_generated/kernels/dataflow/reader_binary_1_tile.cpp:23:100:   required from here
   23 |         TensorAccessor(interleaved_accessor_args, voltage_buffer_addr, voltage_data_tile_size_bytes);
      |                                                                                                    ^
/home/m48chen/tt-metal/tt_metal/hw/inc/compile_time_args.h:25:23: error: static assertion failed: Index out of range
   25 |     static_assert(Idx < kernel_compile_time_args.size(), "Index out of range");
      |                   ~~~~^~~~~~~~~~~~~~~~~~~~~~~~~~~~~~~~~
/home/m48chen/tt-metal/tt_metal/hw/inc/compile_time_args.h:25:23: note: the comparison reduces to '(4 < 3)'
/home/m48chen/tt-metal/tt_metal/hw/inc/compile_time_args.h: In instantiation of 'constexpr uint32_t get_ct_arg() [with long unsigned int Idx = 5; uint32_t = long unsigned int]':
/home/m48chen/tt-metal/tt_metal/hw/inc/accessor/helpers.h:17:16:   required by substitution of 'template<template<long unsigned int ...<anonymous> > class Wrapper, unsigned int BASE_IDX, unsigned int ...Is> constexpr Wrapper<(get_ct_arg<BASE_IDX + Is>)()...> tensor_accessor::detail::make_struct_from_sequence_wrapper(std::index_sequence<_Idx ...>) [with Wrapper = tensor_accessor::ArrayStaticWrapperU32; unsigned int BASE_IDX = 4; unsigned int ...Is = {0, 1}]'
   62 | #define get_compile_time_arg_val(arg_idx) get_ct_arg<arg_idx>()
      |                                           ~~~~~~~~~~~~~~~~~~~^~
/home/m48chen/tt-metal/tt_metal/hw/inc/accessor/helpers.h:21:62:   required by substitution of 'template<template<long unsigned int ...<anonymous> > class Wrapper, unsigned int base, long unsigned int rank> using tensor_accessor::detail::struct_cta_sequence_wrapper_t = decltype (make_struct_from_sequence_wrapper<template<long unsigned int ...<anonymous> > class Wrapper, base>(std::make_index_sequence<rank>{})) [with Wrapper = tensor_accessor::ArrayStaticWrapperU32; unsigned int base = 4; long unsigned int rank = 2]'
   21 |     decltype(make_struct_from_sequence_wrapper<Wrapper, base>(std::make_index_sequence<rank>{}));
      |              ~~~~~~~~~~~~~~~~~~~~~~~~~~~~~~~~~~~~~~~~~~~~~~~~^~~~~~~~~~~~~~~~~~~~~~~~~~~~~~~~~~
/home/m48chen/tt-metal/tt_metal/hw/inc/accessor/array_wrapper.h:82:11:   required from 'struct tensor_accessor::ArrayWrapperTypeSelectorU32<true, 4, 2>'
   82 |     using type = detail::struct_cta_sequence_wrapper_t<ArrayStaticWrapperU32, StartIdx, Size>;
      |           ^~~~
/home/m48chen/tt-metal/tt_metal/hw/inc/accessor/tensor_accessor.h:380:1:   required by substitution of 'template<unsigned int CTA_OFFSET, unsigned int CRTA_OFFSET> TensorAccessor(const TensorAccessorArgs<CTA_OFFSET, CRTA_OFFSET>&, size_t, uint32_t) -> TensorAccessor<tensor_accessor::DistributionSpec<TensorAccessorArgs<CTA_OFFSET, CRTA_OFFSET>::RankCT, TensorAccessorArgs<CTA_OFFSET, CRTA_OFFSET>::NumBanksCT, typename tensor_accessor::ArrayWrapperTypeSelectorU32<(! TensorAccessorArgs<CTA_OFFSET, CRTA_OFFSET>::tensor_shape_is_crta), TensorAccessorArgs<CTA_OFFSET, CRTA_OFFSET>::TensorShapeCTAOffset, TensorAccessorArgs<CTA_OFFSET, CRTA_OFFSET>::RankCT>::type, typename tensor_accessor::ArrayWrapperTypeSelectorU32<(! TensorAccessorArgs<CTA_OFFSET, CRTA_OFFSET>::shard_shape_is_crta), TensorAccessorArgs<CTA_OFFSET, CRTA_OFFSET>::ShardShapeCTAOffset, TensorAccessorArgs<CTA_OFFSET, CRTA_OFFSET>::RankCT>::type, typename tensor_accessor::ArrayWrapperTypeSelectorPackedU16<(! TensorAccessorArgs<CTA_OFFSET, CRTA_OFFSET>::bank_coords_is_crta), TensorAccessorArgs<CTA_OFFSET, CRTA_OFFSET>::BankCoordsCTAOffset, TensorAccessorArgs<CTA_OFFSET, CRTA_OFFSET>::NumBanksCT>::type, (! TensorAccessorArgs<CTA_OFFSET, CRTA_OFFSET>::is_sharded), TensorAccessorArgs<CTA_OFFSET, CRTA_OFFSET>::is_dram> > [with unsigned int CTA_OFFSET = 1; unsigned int CRTA_OFFSET = 4294967295]'
  380 | TensorAccessor(const TensorAccessorArgs<CTA_OFFSET, CRTA_OFFSET>& args, size_t, uint32_t)
      | ^~~~~~~~~~~~~~
/home/m48chen/tt-metal/tt_metal/programming_examples/diode_equation_single_core_v2_generated/kernels/dataflow/reader_binary_1_tile.cpp:23:100:   required from here
   23 |         TensorAccessor(interleaved_accessor_args, voltage_buffer_addr, voltage_data_tile_size_bytes);
      |                                                                                                    ^
/home/m48chen/tt-metal/tt_metal/hw/inc/compile_time_args.h:25:23: error: static assertion failed: Index out of range
   25 |     static_assert(Idx < kernel_compile_time_args.size(), "Index out of range");
      |                   ~~~~^~~~~~~~~~~~~~~~~~~~~~~~~~~~~~~~~
/home/m48chen/tt-metal/tt_metal/hw/inc/compile_time_args.h:25:23: note: the comparison reduces to '(5 < 3)'
In file included from /home/m48chen/tt-metal/tt_metal/hw/inc/accessor/array_wrapper.h:11,
                 from /home/m48chen/tt-metal/tt_metal/hw/inc/accessor/tensor_accessor.h:9:
/home/m48chen/tt-metal/tt_metal/hw/inc/accessor/helpers.h: In substitution of 'template<template<long unsigned int ...<anonymous> > class Wrapper, unsigned int base, long unsigned int rank> using tensor_accessor::detail::struct_cta_sequence_wrapper_t = decltype (make_struct_from_sequence_wrapper<template<long unsigned int ...<anonymous> > class Wrapper, base>(std::make_index_sequence<rank>{})) [with Wrapper = tensor_accessor::ArrayStaticWrapperU32; unsigned int base = 4; long unsigned int rank = 2]':
/home/m48chen/tt-metal/tt_metal/hw/inc/accessor/array_wrapper.h:82:11:   required from 'struct tensor_accessor::ArrayWrapperTypeSelectorU32<true, 4, 2>'
   82 |     using type = detail::struct_cta_sequence_wrapper_t<ArrayStaticWrapperU32, StartIdx, Size>;
      |           ^~~~
/home/m48chen/tt-metal/tt_metal/hw/inc/accessor/tensor_accessor.h:380:1:   required by substitution of 'template<unsigned int CTA_OFFSET, unsigned int CRTA_OFFSET> TensorAccessor(const TensorAccessorArgs<CTA_OFFSET, CRTA_OFFSET>&, size_t, uint32_t) -> TensorAccessor<tensor_accessor::DistributionSpec<TensorAccessorArgs<CTA_OFFSET, CRTA_OFFSET>::RankCT, TensorAccessorArgs<CTA_OFFSET, CRTA_OFFSET>::NumBanksCT, typename tensor_accessor::ArrayWrapperTypeSelectorU32<(! TensorAccessorArgs<CTA_OFFSET, CRTA_OFFSET>::tensor_shape_is_crta), TensorAccessorArgs<CTA_OFFSET, CRTA_OFFSET>::TensorShapeCTAOffset, TensorAccessorArgs<CTA_OFFSET, CRTA_OFFSET>::RankCT>::type, typename tensor_accessor::ArrayWrapperTypeSelectorU32<(! TensorAccessorArgs<CTA_OFFSET, CRTA_OFFSET>::shard_shape_is_crta), TensorAccessorArgs<CTA_OFFSET, CRTA_OFFSET>::ShardShapeCTAOffset, TensorAccessorArgs<CTA_OFFSET, CRTA_OFFSET>::RankCT>::type, typename tensor_accessor::ArrayWrapperTypeSelectorPackedU16<(! TensorAccessorArgs<CTA_OFFSET, CRTA_OFFSET>::bank_coords_is_crta), TensorAccessorArgs<CTA_OFFSET, CRTA_OFFSET>::BankCoordsCTAOffset, TensorAccessorArgs<CTA_OFFSET, CRTA_OFFSET>::NumBanksCT>::type, (! TensorAccessorArgs<CTA_OFFSET, CRTA_OFFSET>::is_sharded), TensorAccessorArgs<CTA_OFFSET, CRTA_OFFSET>::is_dram> > [with unsigned int CTA_OFFSET = 1; unsigned int CRTA_OFFSET = 4294967295]'
  380 | TensorAccessor(const TensorAccessorArgs<CTA_OFFSET, CRTA_OFFSET>& args, size_t, uint32_t)
      | ^~~~~~~~~~~~~~
/home/m48chen/tt-metal/tt_metal/programming_examples/diode_equation_single_core_v2_generated/kernels/dataflow/reader_binary_1_tile.cpp:23:100:   required from here
   23 |         TensorAccessor(interleaved_accessor_args, voltage_buffer_addr, voltage_data_tile_size_bytes);
      |                                                                                                    ^
/home/m48chen/tt-metal/tt_metal/hw/inc/accessor/helpers.h:21:62: error: no matching function for call to 'make_struct_from_sequence_wrapper<template<long unsigned int ...Elements> using tensor_accessor::ArrayStaticWrapperU32 = tensor_accessor::ArrayStaticWrapper<long unsigned int, Elements ...>, 4>(std::make_index_sequence<2>)'
   21 |     decltype(make_struct_from_sequence_wrapper<Wrapper, base>(std::make_index_sequence<rank>{}));
      |              ~~~~~~~~~~~~~~~~~~~~~~~~~~~~~~~~~~~~~~~~~~~~~~~~^~~~~~~~~~~~~~~~~~~~~~~~~~~~~~~~~~
/home/m48chen/tt-metal/tt_metal/hw/inc/accessor/helpers.h:21:62: note: there is 1 candidate
/home/m48chen/tt-metal/tt_metal/hw/inc/accessor/helpers.h:16:16: note: candidate 1: 'template<template<long unsigned int ...<anonymous> > class Wrapper, unsigned int BASE_IDX, unsigned int ...Is> constexpr Wrapper<(get_ct_arg<BASE_IDX + Is>)()...> tensor_accessor::detail::make_struct_from_sequence_wrapper(std::index_sequence<_Idx ...>)'
   16 | constexpr auto make_struct_from_sequence_wrapper(std::index_sequence<Is...>)
      |                ^~~~~~~~~~~~~~~~~~~~~~~~~~~~~~~~~
/home/m48chen/tt-metal/tt_metal/hw/inc/accessor/helpers.h:16:16: note: substitution of deduced template arguments resulted in errors seen above
In file included from ../kernel_includes.hpp:1,
                 from /home/m48chen/tt-metal/tt_metal/hw/firmware/src/tt-1xx/ncrisck.cc:22:
/home/m48chen/tt-metal/tt_metal/programming_examples/diode_equation_single_core_v2_generated/kernels/dataflow/reader_binary_1_tile.cpp: In function 'void kernel_main()':
/home/m48chen/tt-metal/tt_metal/programming_examples/diode_equation_single_core_v2_generated/kernels/dataflow/reader_binary_1_tile.cpp:23:100: error: class template argument deduction failed:
   23 |         TensorAccessor(interleaved_accessor_args, voltage_buffer_addr, voltage_data_tile_size_bytes);
      |                                                                                                    ^
/home/m48chen/tt-metal/tt_metal/programming_examples/diode_equation_single_core_v2_generated/kernels/dataflow/reader_binary_1_tile.cpp:23:100: error: no matching function for call to 'TensorAccessor(const TensorAccessorArgs<1>&, const uint32_t&, const uint32_t&)'
/home/m48chen/tt-metal/tt_metal/programming_examples/diode_equation_single_core_v2_generated/kernels/dataflow/reader_binary_1_tile.cpp:23:100: note: there are 6 candidates
/home/m48chen/tt-metal/tt_metal/hw/inc/accessor/tensor_accessor.h:74:5: note: candidate 1: 'template<class DSpecT, unsigned int CTA_OFFSET, unsigned int CRTA_OFFSET> TensorAccessor(const TensorAccessorArgs<CTA_OFFSET, CRTA_OFFSET>&, size_t, uint32_t) -> TensorAccessor<DSpecT>'
   74 |     TensorAccessor(
      |     ^~~~~~~~~~~~~~
/home/m48chen/tt-metal/tt_metal/hw/inc/accessor/tensor_accessor.h:74:5: note: template argument deduction/substitution failed:
/home/m48chen/tt-metal/tt_metal/programming_examples/diode_equation_single_core_v2_generated/kernels/dataflow/reader_binary_1_tile.cpp:23:100: note:   couldn't deduce template parameter 'DSpecT'
   23 |         TensorAccessor(interleaved_accessor_args, voltage_buffer_addr, voltage_data_tile_size_bytes);
      |                                                                                                    ^
/home/m48chen/tt-metal/tt_metal/hw/inc/accessor/tensor_accessor.h:70:5: note: candidate 2: 'template<class DSpecT, class DSpec_, typename std::enable_if<DSpec_::is_static, int>::type <anonymous> > TensorAccessor(size_t, uint32_t) -> TensorAccessor<DSpecT>'
   70 |     TensorAccessor(const size_t bank_base_address_in = 0, uint32_t page_size_in = 0) :
      |     ^~~~~~~~~~~~~~
/home/m48chen/tt-metal/tt_metal/hw/inc/accessor/tensor_accessor.h:70:5: note: candidate expects 2 arguments, 3 provided
/home/m48chen/tt-metal/tt_metal/hw/inc/accessor/tensor_accessor.h:65:24: note: candidate 3: 'template<class DSpecT, class DSpec_, typename std::enable_if<is_same_v<typename std::decay<_Tp2>::type, DSpecT>, int>::type <anonymous> > TensorAccessor(DSpec_&&, size_t, uint32_t) -> TensorAccessor<DSpecT>'
   65 |     constexpr explicit TensorAccessor(
      |                        ^~~~~~~~~~~~~~
/home/m48chen/tt-metal/tt_metal/hw/inc/accessor/tensor_accessor.h:65:24: note: template argument deduction/substitution failed:
/home/m48chen/tt-metal/tt_metal/programming_examples/diode_equation_single_core_v2_generated/kernels/dataflow/reader_binary_1_tile.cpp:23:100: note:   couldn't deduce template parameter 'DSpecT'
   23 |         TensorAccessor(interleaved_accessor_args, voltage_buffer_addr, voltage_data_tile_size_bytes);
      |                                                                                                    ^
/home/m48chen/tt-metal/tt_metal/hw/inc/accessor/tensor_accessor.h:51:8: note: candidate 4: 'template<class DSpecT> TensorAccessor(TensorAccessor<DSpecT>) -> TensorAccessor<DSpecT>'
   51 | struct TensorAccessor {
      |        ^~~~~~~~~~~~~~
/home/m48chen/tt-metal/tt_metal/hw/inc/accessor/tensor_accessor.h:51:8: note: candidate expects 1 argument, 3 provided
/home/m48chen/tt-metal/tt_metal/hw/inc/accessor/tensor_accessor.h:410:1: note: candidate 5: 'template<long unsigned int RankCT, long unsigned int NumBanksCT, class TensorShapeWrapper, class ShardShapeWrapper, class BankCoordsWrapper, bool IsInterleaved, bool IsDram> TensorAccessor(tensor_accessor::DistributionSpec<RankCT, NumBanksCT, TensorShapeWrapper, ShardShapeWrapper, BankCoordsWrapper, IsInterleaved, IsDram>, size_t, uint32_t) -> TensorAccessor<tensor_accessor::DistributionSpec<RankCT, NumBanksCT, TensorShapeWrapper, ShardShapeWrapper, BankCoordsWrapper, IsInterleaved, IsDram> >'
  410 | TensorAccessor(
      | ^~~~~~~~~~~~~~
/home/m48chen/tt-metal/tt_metal/hw/inc/accessor/tensor_accessor.h:410:1: note: template argument deduction/substitution failed:
/home/m48chen/tt-metal/tt_metal/programming_examples/diode_equation_single_core_v2_generated/kernels/dataflow/reader_binary_1_tile.cpp:23:100: note:   'TensorAccessorArgs<1>' is not derived from 'tensor_accessor::DistributionSpec<RankCT, NumBanksCT, TensorShapeWrapper, ShardShapeWrapper, BankCoordsWrapper, IsInterleaved, IsDram>'
   23 |         TensorAccessor(interleaved_accessor_args, voltage_buffer_addr, voltage_data_tile_size_bytes);
      |                                                                                                    ^
/home/m48chen/tt-metal/tt_metal/hw/inc/accessor/tensor_accessor.h:380:1: note: candidate 6: 'template<unsigned int CTA_OFFSET, unsigned int CRTA_OFFSET> TensorAccessor(const TensorAccessorArgs<CTA_OFFSET, CRTA_OFFSET>&, size_t, uint32_t) -> TensorAccessor<tensor_accessor::DistributionSpec<TensorAccessorArgs<CTA_OFFSET, CRTA_OFFSET>::RankCT, TensorAccessorArgs<CTA_OFFSET, CRTA_OFFSET>::NumBanksCT, typename tensor_accessor::ArrayWrapperTypeSelectorU32<(! TensorAccessorArgs<CTA_OFFSET, CRTA_OFFSET>::tensor_shape_is_crta), TensorAccessorArgs<CTA_OFFSET, CRTA_OFFSET>::TensorShapeCTAOffset, TensorAccessorArgs<CTA_OFFSET, CRTA_OFFSET>::RankCT>::type, typename tensor_accessor::ArrayWrapperTypeSelectorU32<(! TensorAccessorArgs<CTA_OFFSET, CRTA_OFFSET>::shard_shape_is_crta), TensorAccessorArgs<CTA_OFFSET, CRTA_OFFSET>::ShardShapeCTAOffset, TensorAccessorArgs<CTA_OFFSET, CRTA_OFFSET>::RankCT>::type, typename tensor_accessor::ArrayWrapperTypeSelectorPackedU16<(! TensorAccessorArgs<CTA_OFFSET, CRTA_OFFSET>::bank_coords_is_crta), TensorAccessorArgs<CTA_OFFSET, CRTA_OFFSET>::BankCoordsCTAOffset, TensorAccessorArgs<CTA_OFFSET, CRTA_OFFSET>::NumBanksCT>::type, (! TensorAccessorArgs<CTA_OFFSET, CRTA_OFFSET>::is_sharded), TensorAccessorArgs<CTA_OFFSET, CRTA_OFFSET>::is_dram> >'
  380 | TensorAccessor(const TensorAccessorArgs<CTA_OFFSET, CRTA_OFFSET>& args, size_t, uint32_t)
      | ^~~~~~~~~~~~~~
/home/m48chen/tt-metal/tt_metal/hw/inc/accessor/tensor_accessor.h:380:1: note: template argument deduction/substitution failed:
/home/m48chen/tt-metal/tt_metal/programming_examples/diode_equation_single_core_v2_generated/kernels/dataflow/reader_binary_1_tile.cpp:25:90: error: class template argument deduction failed:
   25 |         TensorAccessor(interleaved_accessor_args, vj_buffer_addr, vj_data_tile_size_bytes);
      |                                                                                          ^
/home/m48chen/tt-metal/tt_metal/programming_examples/diode_equation_single_core_v2_generated/kernels/dataflow/reader_binary_1_tile.cpp:25:90: error: no matching function for call to 'TensorAccessor(const TensorAccessorArgs<1>&, const uint32_t&, const uint32_t&)'
/home/m48chen/tt-metal/tt_metal/programming_examples/diode_equation_single_core_v2_generated/kernels/dataflow/reader_binary_1_tile.cpp:25:90: note: there are 6 candidates
/home/m48chen/tt-metal/tt_metal/hw/inc/accessor/tensor_accessor.h:74:5: note: candidate 1: 'template<class DSpecT, unsigned int CTA_OFFSET, unsigned int CRTA_OFFSET> TensorAccessor(const TensorAccessorArgs<CTA_OFFSET, CRTA_OFFSET>&, size_t, uint32_t) -> TensorAccessor<DSpecT>'
   74 |     TensorAccessor(
      |     ^~~~~~~~~~~~~~
/home/m48chen/tt-metal/tt_metal/hw/inc/accessor/tensor_accessor.h:74:5: note: template argument deduction/substitution failed:
/home/m48chen/tt-metal/tt_metal/programming_examples/diode_equation_single_core_v2_generated/kernels/dataflow/reader_binary_1_tile.cpp:25:90: note:   couldn't deduce template parameter 'DSpecT'
   25 |         TensorAccessor(interleaved_accessor_args, vj_buffer_addr, vj_data_tile_size_bytes);
      |                                                                                          ^
/home/m48chen/tt-metal/tt_metal/hw/inc/accessor/tensor_accessor.h:70:5: note: candidate 2: 'template<class DSpecT, class DSpec_, typename std::enable_if<DSpec_::is_static, int>::type <anonymous> > TensorAccessor(size_t, uint32_t) -> TensorAccessor<DSpecT>'
   70 |     TensorAccessor(const size_t bank_base_address_in = 0, uint32_t page_size_in = 0) :
      |     ^~~~~~~~~~~~~~
/home/m48chen/tt-metal/tt_metal/hw/inc/accessor/tensor_accessor.h:70:5: note: candidate expects 2 arguments, 3 provided
/home/m48chen/tt-metal/tt_metal/hw/inc/accessor/tensor_accessor.h:65:24: note: candidate 3: 'template<class DSpecT, class DSpec_, typename std::enable_if<is_same_v<typename std::decay<_Tp2>::type, DSpecT>, int>::type <anonymous> > TensorAccessor(DSpec_&&, size_t, uint32_t) -> TensorAccessor<DSpecT>'
   65 |     constexpr explicit TensorAccessor(
      |                        ^~~~~~~~~~~~~~
/home/m48chen/tt-metal/tt_metal/hw/inc/accessor/tensor_accessor.h:65:24: note: template argument deduction/substitution failed:
/home/m48chen/tt-metal/tt_metal/programming_examples/diode_equation_single_core_v2_generated/kernels/dataflow/reader_binary_1_tile.cpp:25:90: note:   couldn't deduce template parameter 'DSpecT'
   25 |         TensorAccessor(interleaved_accessor_args, vj_buffer_addr, vj_data_tile_size_bytes);
      |                                                                                          ^
/home/m48chen/tt-metal/tt_metal/hw/inc/accessor/tensor_accessor.h:51:8: note: candidate 4: 'template<class DSpecT> TensorAccessor(TensorAccessor<DSpecT>) -> TensorAccessor<DSpecT>'
   51 | struct TensorAccessor {
      |        ^~~~~~~~~~~~~~
/home/m48chen/tt-metal/tt_metal/hw/inc/accessor/tensor_accessor.h:51:8: note: candidate expects 1 argument, 3 provided
/home/m48chen/tt-metal/tt_metal/hw/inc/accessor/tensor_accessor.h:410:1: note: candidate 5: 'template<long unsigned int RankCT, long unsigned int NumBanksCT, class TensorShapeWrapper, class ShardShapeWrapper, class BankCoordsWrapper, bool IsInterleaved, bool IsDram> TensorAccessor(tensor_accessor::DistributionSpec<RankCT, NumBanksCT, TensorShapeWrapper, ShardShapeWrapper, BankCoordsWrapper, IsInterleaved, IsDram>, size_t, uint32_t) -> TensorAccessor<tensor_accessor::DistributionSpec<RankCT, NumBanksCT, TensorShapeWrapper, ShardShapeWrapper, BankCoordsWrapper, IsInterleaved, IsDram> >'
  410 | TensorAccessor(
      | ^~~~~~~~~~~~~~
/home/m48chen/tt-metal/tt_metal/hw/inc/accessor/tensor_accessor.h:410:1: note: template argument deduction/substitution failed:
/home/m48chen/tt-metal/tt_metal/programming_examples/diode_equation_single_core_v2_generated/kernels/dataflow/reader_binary_1_tile.cpp:25:90: note:   'TensorAccessorArgs<1>' is not derived from 'tensor_accessor::DistributionSpec<RankCT, NumBanksCT, TensorShapeWrapper, ShardShapeWrapper, BankCoordsWrapper, IsInterleaved, IsDram>'
   25 |         TensorAccessor(interleaved_accessor_args, vj_buffer_addr, vj_data_tile_size_bytes);
      |                                                                                          ^
/home/m48chen/tt-metal/tt_metal/hw/inc/accessor/tensor_accessor.h:380:1: note: candidate 6: 'template<unsigned int CTA_OFFSET, unsigned int CRTA_OFFSET> TensorAccessor(const TensorAccessorArgs<CTA_OFFSET, CRTA_OFFSET>&, size_t, uint32_t) -> TensorAccessor<tensor_accessor::DistributionSpec<TensorAccessorArgs<CTA_OFFSET, CRTA_OFFSET>::RankCT, TensorAccessorArgs<CTA_OFFSET, CRTA_OFFSET>::NumBanksCT, typename tensor_accessor::ArrayWrapperTypeSelectorU32<(! TensorAccessorArgs<CTA_OFFSET, CRTA_OFFSET>::tensor_shape_is_crta), TensorAccessorArgs<CTA_OFFSET, CRTA_OFFSET>::TensorShapeCTAOffset, TensorAccessorArgs<CTA_OFFSET, CRTA_OFFSET>::RankCT>::type, typename tensor_accessor::ArrayWrapperTypeSelectorU32<(! TensorAccessorArgs<CTA_OFFSET, CRTA_OFFSET>::shard_shape_is_crta), TensorAccessorArgs<CTA_OFFSET, CRTA_OFFSET>::ShardShapeCTAOffset, TensorAccessorArgs<CTA_OFFSET, CRTA_OFFSET>::RankCT>::type, typename tensor_accessor::ArrayWrapperTypeSelectorPackedU16<(! TensorAccessorArgs<CTA_OFFSET, CRTA_OFFSET>::bank_coords_is_crta), TensorAccessorArgs<CTA_OFFSET, CRTA_OFFSET>::BankCoordsCTAOffset, TensorAccessorArgs<CTA_OFFSET, CRTA_OFFSET>::NumBanksCT>::type, (! TensorAccessorArgs<CTA_OFFSET, CRTA_OFFSET>::is_sharded), TensorAccessorArgs<CTA_OFFSET, CRTA_OFFSET>::is_dram> >'
  380 | TensorAccessor(const TensorAccessorArgs<CTA_OFFSET, CRTA_OFFSET>& args, size_t, uint32_t)
      | ^~~~~~~~~~~~~~
/home/m48chen/tt-metal/tt_metal/hw/inc/accessor/tensor_accessor.h:380:1: note: template argument deduction/substitution failed:

backtrace:
 --- /home/m48chen/tt-metal/build_Release/tt_metal/libtt_metal.so(+0x3a0409) [0x7ca725c64409]
 --- /home/m48chen/tt-metal/build_Release/tt_metal/libtt_metal.so(+0x54c45f) [0x7ca725e1045f]
 --- tt::tt_metal::JitBuildState::compile_one(std::__cxx11::basic_string<char, std::char_traits<char>, std::allocator<char> > const&, tt::tt_metal::JitBuildSettings const*, std::__cxx11::basic_string<char, std::char_traits<char>, std::allocator<char> > const&, std::__cxx11::basic_string<char, std::char_traits<char>, std::allocator<char> > const&) const
 --- /home/m48chen/tt-metal/build_Release/tt_metal/libtt_metal.so(+0x5526b4) [0x7ca725e166b4]
 --- /home/m48chen/tt-metal/build_Release/tt_metal/libtt_metal.so(+0x552642) [0x7ca725e16642]
 --- /home/m48chen/tt-metal/build_Release/tt_metal/libtt_metal.so(+0x319927) [0x7ca725bdd927]
 --- /lib/x86_64-linux-gnu/libc.so.6(+0x99ee8) [0x7ca724e99ee8]
 --- /home/m48chen/tt-metal/build_Release/tt_metal/libtt_metal.so(+0x3198a2) [0x7ca725bdd8a2]
 --- /home/m48chen/tt-metal/build_Release/tt_metal/libtt_metal.so(+0x5523c1) [0x7ca725e163c1]
 --- /home/m48chen/tt-metal/build_Release/tt_metal/libtt_metal.so(+0x31d835) [0x7ca725be1835]
 --- /home/m48chen/tt-metal/build_Release/tt_metal/libtt_metal.so(+0x31c49e) [0x7ca725be049e]
 --- /home/m48chen/tt-metal/build_Release/tt_metal/libtt_metal.so(+0x31b8a8) [0x7ca725bdf8a8]
 --- /lib/x86_64-linux-gnu/libstdc++.so.6(+0xdc253) [0x7ca7252dc253]
 --- /lib/x86_64-linux-gnu/libc.so.6(+0x94ac3) [0x7ca724e94ac3]
 --- /lib/x86_64-linux-gnu/libc.so.6(+0x1268c0) [0x7ca724f268c0]
 (assert.hpp:103)
2025-11-23 13:00:17.888 | error    |    BuildKernels | trisc2 compile failure -- cmd: cd /home/m48chen/.cache/tt-metal-cache/2889bb5ce3/11358605694596585868/kernels/diode_equation/6409767981030184677/trisc2/ && /home/m48chen/tt-metal/runtime/sfpi/compiler/bin/riscv-tt-elf-g++ -O3 -std=c++17 -flto=auto -ffast-math -fno-exceptions -g -MMD -fno-use-cxa-atexit -Wall -Werror -Wno-unknown-pragmas -Wno-deprecated-declarations -Wno-error=multistatement-macros -Wno-error=parentheses -Wno-error=unused-but-set-variable -Wno-unused-variable -Wno-unused-function -mcpu=tt-wh-tensix -I. -I.. -I/home/m48chen/tt-metal/ -I/home/m48chen/tt-metal/ttnn -I/home/m48chen/tt-metal/ttnn/cpp -I/home/m48chen/tt-metal/tt_metal -I/home/m48chen/tt-metal/tt_metal/include -I/home/m48chen/tt-metal/tt_metal/hw/inc -I/home/m48chen/tt-metal/tt_metal/hostdevcommon/api -I/home/m48chen/tt-metal/tt_metal/hw/inc/debug -I/home/m48chen/tt-metal/tt_metal/api/ -I/home/m48chen/tt-metal/tt_metal/api/tt-metalium/ -I/home/m48chen/tt-metal/runtime/sfpi/include -I/home/m48chen/tt-metal/tt_metal/hw/ckernels/wormhole_b0/metal/common -I/home/m48chen/tt-metal/tt_metal/hw/ckernels/wormhole_b0/metal/llk_io -I/home/m48chen/tt-metal/tt_metal/hw/inc/tt-1xx -I/home/m48chen/tt-metal/tt_metal/hw/inc/tt-1xx/wormhole -I/home/m48chen/tt-metal/tt_metal/hw/inc/tt-1xx/wormhole/wormhole_b0_defines -I/home/m48chen/tt-metal/tt_metal/hw/inc/tt-1xx/wormhole/noc -I/home/m48chen/tt-metal/tt_metal/lite_fabric/hw/inc/wormhole -I/home/m48chen/tt-metal/tt_metal/third_party/tt_llk/tt_llk_wormhole_b0/common/inc -I/home/m48chen/tt-metal/tt_metal/third_party/tt_llk/tt_llk_wormhole_b0/llk_lib -I/home/m48chen/tt-metal/tt_metal/hw/ckernels/wormhole_b0/metal/llk_api -I/home/m48chen/tt-metal/tt_metal/hw/ckernels/wormhole_b0/metal/llk_api/llk_sfpu -I/home/m48chen/tt-metal/tt_metal/hw/firmware/src/tt-1xx -c -o trisck.o /home/m48chen/tt-metal/tt_metal/hw/firmware/src/tt-1xx/trisck.cc -DIS_NOT_POW2_NUM_DRAM_BANKS=1 -DIS_NOT_POW2_NUM_L1_BANKS=1 -DNUM_DRAM_BANKS=12 -DNUM_L1_BANKS=56 -DPCIE_NOC_X=0 -DPCIE_NOC_Y=3 -DTENSIX_FIRMWARE -DLOCAL_MEM_EN=0 -DROUTING_FW_ENABLED -DPROCESSOR_INDEX=4 -DUCK_CHLKC_PACK -DNAMESPACE=chlkc_pack -DCOMPILE_FOR_TRISC=2 -DARCH_WORMHOLE -DDISPATCH_MESSAGE_ADDR=4290183304 -DKERNEL_BUILD -DKERNEL_COMPILE_TIME_ARGS=0,1,16  (build.cpp:60)
2025-11-23 13:00:17.889 | critical |          Always | TT_THROW: trisc2 build failed. Log: In file included from ../chlkc_pack.cpp:3,
                 from /home/m48chen/tt-metal/tt_metal/hw/ckernels/wormhole_b0/metal/common/chlkc_list.h:29,
                 from /home/m48chen/tt-metal/tt_metal/hw/firmware/src/tt-1xx/trisck.cc:13:
/home/m48chen/tt-metal/tt_metal/programming_examples/diode_equation_single_core_v2_generated/kernels/compute/diode_equation.cpp: In function 'void chlkc_pack::pack_main()':
/home/m48chen/tt-metal/tt_metal/programming_examples/diode_equation_single_core_v2_generated/kernels/compute/diode_equation.cpp:38:5: error: 'sub_unary_tile_init' was not declared in this scope
   38 |     sub_unary_tile_init();
      |     ^~~~~~~~~~~~~~~~~~~
/home/m48chen/tt-metal/tt_metal/programming_examples/diode_equation_single_core_v2_generated/kernels/compute/diode_equation.cpp:39:5: error: 'sub_unary_tile' was not declared in this scope
   39 |     sub_unary_tile(0, 0x3f800000);  // exp(V/vj) - 1 (0x3f800000 is the float representation of 1.0)
      |     ^~~~~~~~~~~~~~
/home/m48chen/tt-metal/tt_metal/programming_examples/diode_equation_single_core_v2_generated/kernels/compute/diode_equation.cpp:41:5: error: 'mul_unary_tile_init' was not declared in this scope
   41 |     mul_unary_tile_init();
      |     ^~~~~~~~~~~~~~~~~~~
/home/m48chen/tt-metal/tt_metal/programming_examples/diode_equation_single_core_v2_generated/kernels/compute/diode_equation.cpp:42:5: error: 'mul_unary_tile' was not declared in this scope
   42 |     mul_unary_tile(0, 0x3f50624d);  // isat * (exp(V/vj) - 1) (using a specific isat value)
      |     ^~~~~~~~~~~~~~
 (assert.hpp:103)
2025-11-23 13:00:17.919 | error    |    BuildKernels | trisc0 compile failure -- cmd: cd /home/m48chen/.cache/tt-metal-cache/2889bb5ce3/11358605694596585868/kernels/diode_equation/6409767981030184677/trisc0/ && /home/m48chen/tt-metal/runtime/sfpi/compiler/bin/riscv-tt-elf-g++ -O3 -std=c++17 -flto=auto -ffast-math -fno-exceptions -g -MMD -fno-use-cxa-atexit -Wall -Werror -Wno-unknown-pragmas -Wno-deprecated-declarations -Wno-error=multistatement-macros -Wno-error=parentheses -Wno-error=unused-but-set-variable -Wno-unused-variable -Wno-unused-function -mcpu=tt-wh-tensix -I. -I.. -I/home/m48chen/tt-metal/ -I/home/m48chen/tt-metal/ttnn -I/home/m48chen/tt-metal/ttnn/cpp -I/home/m48chen/tt-metal/tt_metal -I/home/m48chen/tt-metal/tt_metal/include -I/home/m48chen/tt-metal/tt_metal/hw/inc -I/home/m48chen/tt-metal/tt_metal/hostdevcommon/api -I/home/m48chen/tt-metal/tt_metal/hw/inc/debug -I/home/m48chen/tt-metal/tt_metal/api/ -I/home/m48chen/tt-metal/tt_metal/api/tt-metalium/ -I/home/m48chen/tt-metal/runtime/sfpi/include -I/home/m48chen/tt-metal/tt_metal/hw/ckernels/wormhole_b0/metal/common -I/home/m48chen/tt-metal/tt_metal/hw/ckernels/wormhole_b0/metal/llk_io -I/home/m48chen/tt-metal/tt_metal/hw/inc/tt-1xx -I/home/m48chen/tt-metal/tt_metal/hw/inc/tt-1xx/wormhole -I/home/m48chen/tt-metal/tt_metal/hw/inc/tt-1xx/wormhole/wormhole_b0_defines -I/home/m48chen/tt-metal/tt_metal/hw/inc/tt-1xx/wormhole/noc -I/home/m48chen/tt-metal/tt_metal/lite_fabric/hw/inc/wormhole -I/home/m48chen/tt-metal/tt_metal/third_party/tt_llk/tt_llk_wormhole_b0/common/inc -I/home/m48chen/tt-metal/tt_metal/third_party/tt_llk/tt_llk_wormhole_b0/llk_lib -I/home/m48chen/tt-metal/tt_metal/hw/ckernels/wormhole_b0/metal/llk_api -I/home/m48chen/tt-metal/tt_metal/hw/ckernels/wormhole_b0/metal/llk_api/llk_sfpu -I/home/m48chen/tt-metal/tt_metal/hw/firmware/src/tt-1xx -c -o trisck.o /home/m48chen/tt-metal/tt_metal/hw/firmware/src/tt-1xx/trisck.cc -DIS_NOT_POW2_NUM_DRAM_BANKS=1 -DIS_NOT_POW2_NUM_L1_BANKS=1 -DNUM_DRAM_BANKS=12 -DNUM_L1_BANKS=56 -DPCIE_NOC_X=0 -DPCIE_NOC_Y=3 -DTENSIX_FIRMWARE -DLOCAL_MEM_EN=0 -DROUTING_FW_ENABLED -DPROCESSOR_INDEX=2 -DUCK_CHLKC_UNPACK -DNAMESPACE=chlkc_unpack -DCOMPILE_FOR_TRISC=0 -DARCH_WORMHOLE -DDISPATCH_MESSAGE_ADDR=4290183304 -DKERNEL_BUILD -DKERNEL_COMPILE_TIME_ARGS=0,1,16  (build.cpp:60)
2025-11-23 13:00:17.919 | critical |          Always | TT_THROW: trisc0 build failed. Log: In file included from ../chlkc_unpack.cpp:3,
                 from /home/m48chen/tt-metal/tt_metal/hw/ckernels/wormhole_b0/metal/common/chlkc_list.h:37,
                 from /home/m48chen/tt-metal/tt_metal/hw/firmware/src/tt-1xx/trisck.cc:13:
/home/m48chen/tt-metal/tt_metal/programming_examples/diode_equation_single_core_v2_generated/kernels/compute/diode_equation.cpp: In function 'void chlkc_unpack::unpack_main()':
/home/m48chen/tt-metal/tt_metal/programming_examples/diode_equation_single_core_v2_generated/kernels/compute/diode_equation.cpp:38:5: error: 'sub_unary_tile_init' was not declared in this scope; did you mean 'llk_unpack_tilize_init'?
   38 |     sub_unary_tile_init();
      |     ^~~~~~~~~~~~~~~~~~~
      |     llk_unpack_tilize_init
/home/m48chen/tt-metal/tt_metal/programming_examples/diode_equation_single_core_v2_generated/kernels/compute/diode_equation.cpp:39:5: error: 'sub_unary_tile' was not declared in this scope
   39 |     sub_unary_tile(0, 0x3f800000);  // exp(V/vj) - 1 (0x3f800000 is the float representation of 1.0)
      |     ^~~~~~~~~~~~~~
/home/m48chen/tt-metal/tt_metal/programming_examples/diode_equation_single_core_v2_generated/kernels/compute/diode_equation.cpp:41:5: error: 'mul_unary_tile_init' was not declared in this scope; did you mean 'llk_unpack_tilize_init'?
   41 |     mul_unary_tile_init();
      |     ^~~~~~~~~~~~~~~~~~~
      |     llk_unpack_tilize_init
/home/m48chen/tt-metal/tt_metal/programming_examples/diode_equation_single_core_v2_generated/kernels/compute/diode_equation.cpp:42:5: error: 'mul_unary_tile' was not declared in this scope
   42 |     mul_unary_tile(0, 0x3f50624d);  // isat * (exp(V/vj) - 1) (using a specific isat value)
      |     ^~~~~~~~~~~~~~
 (assert.hpp:103)
2025-11-23 13:00:17.921 | critical |          Always | TT_THROW: Failed to generate binaries for diode_equation TT_THROW @ /home/m48chen/tt-metal/tt_metal/jit_build/build.cpp:64: tt::exception
info:
trisc0 build failed. Log: In file included from ../chlkc_unpack.cpp:3,
                 from /home/m48chen/tt-metal/tt_metal/hw/ckernels/wormhole_b0/metal/common/chlkc_list.h:37,
                 from /home/m48chen/tt-metal/tt_metal/hw/firmware/src/tt-1xx/trisck.cc:13:
/home/m48chen/tt-metal/tt_metal/programming_examples/diode_equation_single_core_v2_generated/kernels/compute/diode_equation.cpp: In function 'void chlkc_unpack::unpack_main()':
/home/m48chen/tt-metal/tt_metal/programming_examples/diode_equation_single_core_v2_generated/kernels/compute/diode_equation.cpp:38:5: error: 'sub_unary_tile_init' was not declared in this scope; did you mean 'llk_unpack_tilize_init'?
   38 |     sub_unary_tile_init();
      |     ^~~~~~~~~~~~~~~~~~~
      |     llk_unpack_tilize_init
/home/m48chen/tt-metal/tt_metal/programming_examples/diode_equation_single_core_v2_generated/kernels/compute/diode_equation.cpp:39:5: error: 'sub_unary_tile' was not declared in this scope
   39 |     sub_unary_tile(0, 0x3f800000);  // exp(V/vj) - 1 (0x3f800000 is the float representation of 1.0)
      |     ^~~~~~~~~~~~~~
/home/m48chen/tt-metal/tt_metal/programming_examples/diode_equation_single_core_v2_generated/kernels/compute/diode_equation.cpp:41:5: error: 'mul_unary_tile_init' was not declared in this scope; did you mean 'llk_unpack_tilize_init'?
   41 |     mul_unary_tile_init();
      |     ^~~~~~~~~~~~~~~~~~~
      |     llk_unpack_tilize_init
/home/m48chen/tt-metal/tt_metal/programming_examples/diode_equation_single_core_v2_generated/kernels/compute/diode_equation.cpp:42:5: error: 'mul_unary_tile' was not declared in this scope
   42 |     mul_unary_tile(0, 0x3f50624d);  // isat * (exp(V/vj) - 1) (using a specific isat value)
      |     ^~~~~~~~~~~~~~

backtrace:
 --- /home/m48chen/tt-metal/build_Release/tt_metal/libtt_metal.so(+0x3a0409) [0x7ca725c64409]
 --- /home/m48chen/tt-metal/build_Release/tt_metal/libtt_metal.so(+0x54c45f) [0x7ca725e1045f]
 --- tt::tt_metal::JitBuildState::compile_one(std::__cxx11::basic_string<char, std::char_traits<char>, std::allocator<char> > const&, tt::tt_metal::JitBuildSettings const*, std::__cxx11::basic_string<char, std::char_traits<char>, std::allocator<char> > const&, std::__cxx11::basic_string<char, std::char_traits<char>, std::allocator<char> > const&) const
 --- /home/m48chen/tt-metal/build_Release/tt_metal/libtt_metal.so(+0x5526b4) [0x7ca725e166b4]
 --- /home/m48chen/tt-metal/build_Release/tt_metal/libtt_metal.so(+0x552642) [0x7ca725e16642]
 --- /home/m48chen/tt-metal/build_Release/tt_metal/libtt_metal.so(+0x319927) [0x7ca725bdd927]
 --- /lib/x86_64-linux-gnu/libc.so.6(+0x99ee8) [0x7ca724e99ee8]
 --- /home/m48chen/tt-metal/build_Release/tt_metal/libtt_metal.so(+0x3198a2) [0x7ca725bdd8a2]
 --- /home/m48chen/tt-metal/build_Release/tt_metal/libtt_metal.so(+0x5523c1) [0x7ca725e163c1]
 --- /home/m48chen/tt-metal/build_Release/tt_metal/libtt_metal.so(+0x31d835) [0x7ca725be1835]
 --- /home/m48chen/tt-metal/build_Release/tt_metal/libtt_metal.so(+0x31c49e) [0x7ca725be049e]
 --- /home/m48chen/tt-metal/build_Release/tt_metal/libtt_metal.so(+0x31b8a8) [0x7ca725bdf8a8]
 --- /lib/x86_64-linux-gnu/libstdc++.so.6(+0xdc253) [0x7ca7252dc253]
 --- /lib/x86_64-linux-gnu/libc.so.6(+0x94ac3) [0x7ca724e94ac3]
 --- /lib/x86_64-linux-gnu/libc.so.6(+0x1268c0) [0x7ca724f268c0]
 (assert.hpp:103)
2025-11-23 13:00:18.040 | error    |    BuildKernels | trisc1 compile failure -- cmd: cd /home/m48chen/.cache/tt-metal-cache/2889bb5ce3/11358605694596585868/kernels/diode_equation/6409767981030184677/trisc1/ && /home/m48chen/tt-metal/runtime/sfpi/compiler/bin/riscv-tt-elf-g++ -O3 -std=c++17 -flto=auto -ffast-math -fno-exceptions -g -MMD -fno-use-cxa-atexit -Wall -Werror -Wno-unknown-pragmas -Wno-deprecated-declarations -Wno-error=multistatement-macros -Wno-error=parentheses -Wno-error=unused-but-set-variable -Wno-unused-variable -Wno-unused-function -mcpu=tt-wh-tensix -I. -I.. -I/home/m48chen/tt-metal/ -I/home/m48chen/tt-metal/ttnn -I/home/m48chen/tt-metal/ttnn/cpp -I/home/m48chen/tt-metal/tt_metal -I/home/m48chen/tt-metal/tt_metal/include -I/home/m48chen/tt-metal/tt_metal/hw/inc -I/home/m48chen/tt-metal/tt_metal/hostdevcommon/api -I/home/m48chen/tt-metal/tt_metal/hw/inc/debug -I/home/m48chen/tt-metal/tt_metal/api/ -I/home/m48chen/tt-metal/tt_metal/api/tt-metalium/ -I/home/m48chen/tt-metal/runtime/sfpi/include -I/home/m48chen/tt-metal/tt_metal/hw/ckernels/wormhole_b0/metal/common -I/home/m48chen/tt-metal/tt_metal/hw/ckernels/wormhole_b0/metal/llk_io -I/home/m48chen/tt-metal/tt_metal/hw/inc/tt-1xx -I/home/m48chen/tt-metal/tt_metal/hw/inc/tt-1xx/wormhole -I/home/m48chen/tt-metal/tt_metal/hw/inc/tt-1xx/wormhole/wormhole_b0_defines -I/home/m48chen/tt-metal/tt_metal/hw/inc/tt-1xx/wormhole/noc -I/home/m48chen/tt-metal/tt_metal/lite_fabric/hw/inc/wormhole -I/home/m48chen/tt-metal/tt_metal/third_party/tt_llk/tt_llk_wormhole_b0/common/inc -I/home/m48chen/tt-metal/tt_metal/third_party/tt_llk/tt_llk_wormhole_b0/llk_lib -I/home/m48chen/tt-metal/tt_metal/hw/ckernels/wormhole_b0/metal/llk_api -I/home/m48chen/tt-metal/tt_metal/hw/ckernels/wormhole_b0/metal/llk_api/llk_sfpu -I/home/m48chen/tt-metal/tt_metal/hw/firmware/src/tt-1xx -c -o trisck.o /home/m48chen/tt-metal/tt_metal/hw/firmware/src/tt-1xx/trisck.cc -DIS_NOT_POW2_NUM_DRAM_BANKS=1 -DIS_NOT_POW2_NUM_L1_BANKS=1 -DNUM_DRAM_BANKS=12 -DNUM_L1_BANKS=56 -DPCIE_NOC_X=0 -DPCIE_NOC_Y=3 -DTENSIX_FIRMWARE -DLOCAL_MEM_EN=0 -DROUTING_FW_ENABLED -DPROCESSOR_INDEX=3 -DUCK_CHLKC_MATH -DNAMESPACE=chlkc_math -DCOMPILE_FOR_TRISC=1 -DARCH_WORMHOLE -DDISPATCH_MESSAGE_ADDR=4290183304 -DKERNEL_BUILD -DKERNEL_COMPILE_TIME_ARGS=0,1,16  (build.cpp:60)
2025-11-23 13:00:18.040 | critical |          Always | TT_THROW: trisc1 build failed. Log: In file included from ../chlkc_math.cpp:3,
                 from /home/m48chen/tt-metal/tt_metal/hw/ckernels/wormhole_b0/metal/common/chlkc_list.h:21,
                 from /home/m48chen/tt-metal/tt_metal/hw/firmware/src/tt-1xx/trisck.cc:13:
/home/m48chen/tt-metal/tt_metal/programming_examples/diode_equation_single_core_v2_generated/kernels/compute/diode_equation.cpp: In function 'void chlkc_math::math_main()':
/home/m48chen/tt-metal/tt_metal/programming_examples/diode_equation_single_core_v2_generated/kernels/compute/diode_equation.cpp:38:5: error: 'sub_unary_tile_init' was not declared in this scope
   38 |     sub_unary_tile_init();
      |     ^~~~~~~~~~~~~~~~~~~
/home/m48chen/tt-metal/tt_metal/programming_examples/diode_equation_single_core_v2_generated/kernels/compute/diode_equation.cpp:39:5: error: 'sub_unary_tile' was not declared in this scope
   39 |     sub_unary_tile(0, 0x3f800000);  // exp(V/vj) - 1 (0x3f800000 is the float representation of 1.0)
      |     ^~~~~~~~~~~~~~
/home/m48chen/tt-metal/tt_metal/programming_examples/diode_equation_single_core_v2_generated/kernels/compute/diode_equation.cpp:41:5: error: 'mul_unary_tile_init' was not declared in this scope
   41 |     mul_unary_tile_init();
      |     ^~~~~~~~~~~~~~~~~~~
/home/m48chen/tt-metal/tt_metal/programming_examples/diode_equation_single_core_v2_generated/kernels/compute/diode_equation.cpp:42:5: error: 'mul_unary_tile' was not declared in this scope
   42 |     mul_unary_tile(0, 0x3f50624d);  // isat * (exp(V/vj) - 1) (using a specific isat value)
      |     ^~~~~~~~~~~~~~
 (assert.hpp:103)
2025-11-23 13:00:18.087 | critical |          Always | TT_THROW: /home/m48chen/.cache/tt-metal-cache/2889bb5ce3/11358605694596585868/kernels/diode_equation/6409767981030184677//trisc0/trisc0.elf: cannot map elf file into memory: No such file or directory (assert.hpp:103)
2025-11-23 13:00:18.090 | critical |          Always | TT_FATAL: binary not found (assert.hpp:103)


=== STDERR ===
Read unexpected run_mailbox value: 0x40 (expected 0x80 or 0x0)
Read unexpected run_mailbox value: 0x40 (expected 0x80 or 0x0)
Read unexpected run_mailbox value: 0x40 (expected 0x80 or 0x0)
Read unexpected run_mailbox value: 0x40 (expected 0x80 or 0x0)
Read unexpected run_mailbox value: 0x40 (expected 0x80 or 0x0)
Read unexpected run_mailbox value: 0x40 (expected 0x80 or 0x0)
Read unexpected run_mailbox value: 0x40 (expected 0x80 or 0x0)
Read unexpected run_mailbox value: 0x40 (expected 0x80 or 0x0)
terminate called after throwing an instance of 'std::runtime_error'
  what():  TT_FATAL @ /home/m48chen/tt-metal/tt_metal/impl/kernels/kernel.cpp:292: iter != binaries_.end()
info:
binary not found
backtrace:
 --- /home/m48chen/tt-metal/build/programming_examples/diode_equation_single_v2(+0x198b8) [0x59eef99ee8b8]
 --- tt::tt_metal::Kernel::binaries(unsigned long) const
 --- tt::tt_metal::program_dispatch::finalize_kernel_bins(tt::tt_metal::IDevice*, unsigned int, std::unordered_map<unsigned int, std::shared_ptr<tt::tt_metal::Kernel>, std::hash<unsigned int>, std::equal_to<unsigned int>, std::allocator<std::pair<unsigned int const, std::shared_ptr<tt::tt_metal::Kernel> > > > const&, std::vector<std::shared_ptr<tt::tt_metal::KernelGroup>, std::allocator<std::shared_ptr<tt::tt_metal::KernelGroup> > >&, unsigned int, unsigned int&, unsigned int&)
 --- /home/m48chen/tt-metal/build_Release/tt_metal/libtt_metal.so(_ZN2tt8tt_metal6detail11ProgramImpl24finalize_program_offsetsEPNS0_7IDeviceERKSt8functionIFRSt13unordered_mapIjSt10shared_ptrINS0_6KernelEESt4hashIjESt8equal_toIjESaISt4pairIKjS9_EEEjEERKS5_IFRSt6vectorIS7_INS0_11KernelGroupEESaISQ_EEjEERKS5_IFRKSO_INS0_9SemaphoreESaISY_EEvEESt4spanIPS2_Lm18446744073709551615EE+0x214) [0x7ca725c9c7b4]
 --- tt::tt_metal::distributed::MeshWorkloadImpl::finalize_offsets(tt::tt_metal::distributed::MeshDevice*)
 --- tt::tt_metal::distributed::MeshWorkloadImpl::compile(tt::tt_metal::distributed::MeshDevice*)
 --- tt::tt_metal::distributed::EnqueueMeshWorkload(tt::tt_metal::distributed::MeshCommandQueue&, tt::tt_metal::distributed::MeshWorkload&, bool)
 --- /home/m48chen/tt-metal/build/programming_examples/diode_equation_single_v2(+0x17f7b) [0x59eef99ecf7b]
 --- /lib/x86_64-linux-gnu/libc.so.6(+0x29d90) [0x7ca724e29d90]
 --- /lib/x86_64-linux-gnu/libc.so.6(__libc_start_main+0x80) [0x7ca724e29e40]
 --- /home/m48chen/tt-metal/build/programming_examples/diode_equation_single_v2(+0x15cf5) [0x59eef99eacf5]

[tauceti:1192878] *** Process received signal ***
[tauceti:1192878] Signal: Aborted (6)
[tauceti:1192878] Signal code:  (-6)
[tauceti:1192878] [ 0] /lib/x86_64-linux-gnu/libc.so.6(+0x42520)[0x7ca724e42520]
[tauceti:1192878] [ 1] /lib/x86_64-linux-gnu/libc.so.6(pthread_kill+0x12c)[0x7ca724e969fc]
[tauceti:1192878] [ 2] /lib/x86_64-linux-gnu/libc.so.6(raise+0x16)[0x7ca724e42476]
[tauceti:1192878] [ 3] /lib/x86_64-linux-gnu/libc.so.6(abort+0xd3)[0x7ca724e287f3]
[tauceti:1192878] [ 4] /lib/x86_64-linux-gnu/libstdc++.so.6(+0xa2b9e)[0x7ca7252a2b9e]
[tauceti:1192878] [ 5] /lib/x86_64-linux-gnu/libstdc++.so.6(+0xae20c)[0x7ca7252ae20c]
[tauceti:1192878] [ 6] /lib/x86_64-linux-gnu/libstdc++.so.6(+0xae277)[0x7ca7252ae277]
[tauceti:1192878] [ 7] /lib/x86_64-linux-gnu/libstdc++.so.6(+0xae4d8)[0x7ca7252ae4d8]
[tauceti:1192878] [ 8] /home/m48chen/tt-metal/build/programming_examples/diode_equation_single_v2(_ZN2tt6assert6detail13tt_throw_implIJN3fmt3v117fstringIJEEEEEEvPKciS8_S8_DpRKT_+0x40c)[0x59eef9a179cc]
[tauceti:1192878] [ 9] /home/m48chen/tt-metal/build/programming_examples/diode_equation_single_v2(+0x198b8)[0x59eef99ee8b8]
[tauceti:1192878] [10] /home/m48chen/tt-metal/build_Release/tt_metal/libtt_metal.so(_ZNK2tt8tt_metal6Kernel8binariesEm+0x12b)[0x7ca725c6153b]
[tauceti:1192878] [11] /home/m48chen/tt-metal/build_Release/tt_metal/libtt_metal.so(_ZN2tt8tt_metal16program_dispatch20finalize_kernel_binsEPNS0_7IDeviceEjRKSt13unordered_mapIjSt10shared_ptrINS0_6KernelEESt4hashIjESt8equal_toIjESaISt4pairIKjS7_EEERSt6vectorIS5_INS0_11KernelGroupEESaISL_EEjRjSP_+0x508)[0x7ca725cad708]
[tauceti:1192878] [12] /home/m48chen/tt-metal/build_Release/tt_metal/libtt_metal.so(_ZN2tt8tt_metal6detail11ProgramImpl24finalize_program_offsetsEPNS0_7IDeviceERKSt8functionIFRSt13unordered_mapIjSt10shared_ptrINS0_6KernelEESt4hashIjESt8equal_toIjESaISt4pairIKjS9_EEEjEERKS5_IFRSt6vectorIS7_INS0_11KernelGroupEESaISQ_EEjEERKS5_IFRKSO_INS0_9SemaphoreESaISY_EEvEESt4spanIPS2_Lm18446744073709551615EE+0x214)[0x7ca725c9c7b4]
[tauceti:1192878] [13] /home/m48chen/tt-metal/build_Release/tt_metal/libtt_metal.so(_ZN2tt8tt_metal11distributed16MeshWorkloadImpl16finalize_offsetsEPNS1_10MeshDeviceE+0x10d)[0x7ca725ec0f3d]
[tauceti:1192878] [14] /home/m48chen/tt-metal/build_Release/tt_metal/libtt_metal.so(_ZN2tt8tt_metal11distributed16MeshWorkloadImpl7compileEPNS1_10MeshDeviceE+0x281)[0x7ca725ec0cc1]
[tauceti:1192878] [15] /home/m48chen/tt-metal/build_Release/tt_metal/libtt_metal.so(_ZN2tt8tt_metal11distributed19EnqueueMeshWorkloadERNS1_16MeshCommandQueueERNS1_12MeshWorkloadEb+0x2e)[0x7ca725e7958e]
[tauceti:1192878] [16] /home/m48chen/tt-metal/build/programming_examples/diode_equation_single_v2(+0x17f7b)[0x59eef99ecf7b]
[tauceti:1192878] [17] /lib/x86_64-linux-gnu/libc.so.6(+0x29d90)[0x7ca724e29d90]
[tauceti:1192878] [18] /lib/x86_64-linux-gnu/libc.so.6(__libc_start_main+0x80)[0x7ca724e29e40]
[tauceti:1192878] [19] /home/m48chen/tt-metal/build/programming_examples/diode_equation_single_v2(+0x15cf5)[0x59eef99eacf5]
[tauceti:1192878] *** End of error message ***


=== COMBINED ===
2025-11-23 13:00:16.322 | info     |             UMD | Starting topology discovery. (topology_discovery.cpp:69)
2025-11-23 13:00:16.350 | info     |             UMD | Established firmware bundle version: 18.12.0 (topology_discovery.cpp:369)
2025-11-23 13:00:16.350 | info     |             UMD | Established ETH FW version: 7.1.0 (topology_discovery_wormhole.cpp:324)
2025-11-23 13:00:16.372 | info     |             UMD | Completed topology discovery. (topology_discovery.cpp:73)
2025-11-23 13:00:16.383 | info     |          Device | Opening user mode device driver (tt_cluster.cpp:209)
2025-11-23 13:00:16.383 | info     |             UMD | Starting topology discovery. (topology_discovery.cpp:69)
2025-11-23 13:00:16.410 | info     |             UMD | Established firmware bundle version: 18.12.0 (topology_discovery.cpp:369)
2025-11-23 13:00:16.410 | info     |             UMD | Established ETH FW version: 7.1.0 (topology_discovery_wormhole.cpp:324)
2025-11-23 13:00:16.432 | info     |             UMD | Completed topology discovery. (topology_discovery.cpp:73)
2025-11-23 13:00:16.443 | info     |             UMD | Starting topology discovery. (topology_discovery.cpp:69)
2025-11-23 13:00:16.506 | info     |             UMD | Established firmware bundle version: 18.12.0 (topology_discovery.cpp:369)
2025-11-23 13:00:16.506 | info     |             UMD | Established ETH FW version: 7.1.0 (topology_discovery_wormhole.cpp:324)
2025-11-23 13:00:16.562 | info     |             UMD | Completed topology discovery. (topology_discovery.cpp:73)
2025-11-23 13:00:16.573 | info     |             UMD | Harvesting mask for chip 3 is 0x240 (NOC0: 0x240, simulated harvesting mask: 0x0). (cluster.cpp:357)
2025-11-23 13:00:16.643 | info     |             UMD | Harvesting mask for chip 2 is 0x240 (NOC0: 0x240, simulated harvesting mask: 0x0). (cluster.cpp:357)
2025-11-23 13:00:16.654 | info     |             UMD | Harvesting mask for chip 1 is 0x208 (NOC0: 0x208, simulated harvesting mask: 0x0). (cluster.cpp:357)
2025-11-23 13:00:16.667 | info     |             UMD | Harvesting mask for chip 0 is 0x202 (NOC0: 0x202, simulated harvesting mask: 0x0). (cluster.cpp:357)
2025-11-23 13:00:16.679 | info     |             UMD | Harvesting mask for chip 7 is 0x201 (NOC0: 0x201, simulated harvesting mask: 0x0). (cluster.cpp:357)
2025-11-23 13:00:16.692 | info     |             UMD | Harvesting mask for chip 6 is 0x201 (NOC0: 0x201, simulated harvesting mask: 0x0). (cluster.cpp:357)
2025-11-23 13:00:16.705 | info     |             UMD | Harvesting mask for chip 5 is 0x220 (NOC0: 0x220, simulated harvesting mask: 0x0). (cluster.cpp:357)
2025-11-23 13:00:16.718 | info     |             UMD | Harvesting mask for chip 4 is 0x240 (NOC0: 0x240, simulated harvesting mask: 0x0). (cluster.cpp:357)
2025-11-23 13:00:16.732 | info     |             UMD | Opening local chip ids/PCIe ids: {0, 1, 2, 3}/[2, 0, 1, 3] and remote chip ids {4, 5, 6, 7} (cluster.cpp:202)
2025-11-23 13:00:16.732 | info     |             UMD | IOMMU: disabled (cluster.cpp:178)
2025-11-23 13:00:16.732 | info     |             UMD | KMD version: 2.4.1 (cluster.cpp:181)
2025-11-23 13:00:16.739 | info     |             UMD | Pinning pages for Hugepage: virtual address 0x7ca340000000 and size 0x40000000 pinned to physical address 0x41c0000000 and mapped to noc address 0x800000000 (pci_device.cpp:642)
2025-11-23 13:00:16.739 | info     |             UMD | Mapped hugepage 0x41c0000000 to NOC address 0x800000000 (sysmem_manager.cpp:247)
2025-11-23 13:00:16.740 | info     |             UMD | Pinning pages for Hugepage: virtual address 0x7ca300000000 and size 0x40000000 pinned to physical address 0x4200000000 and mapped to noc address 0x840000000 (pci_device.cpp:642)
2025-11-23 13:00:16.740 | info     |             UMD | Mapped hugepage 0x4200000000 to NOC address 0x840000000 (sysmem_manager.cpp:247)
2025-11-23 13:00:16.741 | info     |             UMD | Pinning pages for Hugepage: virtual address 0x7ca2c0000000 and size 0x40000000 pinned to physical address 0x4240000000 and mapped to noc address 0x880000000 (pci_device.cpp:642)
2025-11-23 13:00:16.741 | info     |             UMD | Mapped hugepage 0x4240000000 to NOC address 0x880000000 (sysmem_manager.cpp:247)
2025-11-23 13:00:16.742 | info     |             UMD | Pinning pages for Hugepage: virtual address 0x7ca280000000 and size 0x30000000 pinned to physical address 0x4280000000 and mapped to noc address 0x8c0000000 (pci_device.cpp:642)
2025-11-23 13:00:16.742 | info     |             UMD | Mapped hugepage 0x4280000000 to NOC address 0x8c0000000 (sysmem_manager.cpp:247)
2025-11-23 13:00:16.743 | info     |             UMD | Pinning pages for Hugepage: virtual address 0x7ca440000000 and size 0x40000000 pinned to physical address 0x280000000 and mapped to noc address 0x800000000 (pci_device.cpp:642)
2025-11-23 13:00:16.743 | info     |             UMD | Mapped hugepage 0x280000000 to NOC address 0x800000000 (sysmem_manager.cpp:247)
2025-11-23 13:00:16.743 | info     |             UMD | Pinning pages for Hugepage: virtual address 0x7ca400000000 and size 0x40000000 pinned to physical address 0x2c0000000 and mapped to noc address 0x840000000 (pci_device.cpp:642)
2025-11-23 13:00:16.743 | info     |             UMD | Mapped hugepage 0x2c0000000 to NOC address 0x840000000 (sysmem_manager.cpp:247)
2025-11-23 13:00:16.744 | info     |             UMD | Pinning pages for Hugepage: virtual address 0x7ca3c0000000 and size 0x40000000 pinned to physical address 0x300000000 and mapped to noc address 0x880000000 (pci_device.cpp:642)
2025-11-23 13:00:16.744 | info     |             UMD | Mapped hugepage 0x300000000 to NOC address 0x880000000 (sysmem_manager.cpp:247)
2025-11-23 13:00:16.745 | info     |             UMD | Pinning pages for Hugepage: virtual address 0x7ca380000000 and size 0x30000000 pinned to physical address 0x340000000 and mapped to noc address 0x8c0000000 (pci_device.cpp:642)
2025-11-23 13:00:16.745 | info     |             UMD | Mapped hugepage 0x340000000 to NOC address 0x8c0000000 (sysmem_manager.cpp:247)
2025-11-23 13:00:16.746 | info     |             UMD | Pinning pages for Hugepage: virtual address 0x7ca580000000 and size 0x40000000 pinned to physical address 0x180000000 and mapped to noc address 0x800000000 (pci_device.cpp:642)
2025-11-23 13:00:16.746 | info     |             UMD | Mapped hugepage 0x180000000 to NOC address 0x800000000 (sysmem_manager.cpp:247)
2025-11-23 13:00:16.747 | info     |             UMD | Pinning pages for Hugepage: virtual address 0x7ca540000000 and size 0x40000000 pinned to physical address 0x1c0000000 and mapped to noc address 0x840000000 (pci_device.cpp:642)
2025-11-23 13:00:16.747 | info     |             UMD | Mapped hugepage 0x1c0000000 to NOC address 0x840000000 (sysmem_manager.cpp:247)
2025-11-23 13:00:16.747 | info     |             UMD | Pinning pages for Hugepage: virtual address 0x7ca500000000 and size 0x40000000 pinned to physical address 0x200000000 and mapped to noc address 0x880000000 (pci_device.cpp:642)
2025-11-23 13:00:16.747 | info     |             UMD | Mapped hugepage 0x200000000 to NOC address 0x880000000 (sysmem_manager.cpp:247)
2025-11-23 13:00:16.748 | info     |             UMD | Pinning pages for Hugepage: virtual address 0x7ca4c0000000 and size 0x30000000 pinned to physical address 0x240000000 and mapped to noc address 0x8c0000000 (pci_device.cpp:642)
2025-11-23 13:00:16.748 | info     |             UMD | Mapped hugepage 0x240000000 to NOC address 0x8c0000000 (sysmem_manager.cpp:247)
2025-11-23 13:00:16.749 | info     |             UMD | Pinning pages for Hugepage: virtual address 0x7ca6c0000000 and size 0x40000000 pinned to physical address 0x40c0000000 and mapped to noc address 0x800000000 (pci_device.cpp:642)
2025-11-23 13:00:16.749 | info     |             UMD | Mapped hugepage 0x40c0000000 to NOC address 0x800000000 (sysmem_manager.cpp:247)
2025-11-23 13:00:16.750 | info     |             UMD | Pinning pages for Hugepage: virtual address 0x7ca680000000 and size 0x40000000 pinned to physical address 0x4100000000 and mapped to noc address 0x840000000 (pci_device.cpp:642)
2025-11-23 13:00:16.750 | info     |             UMD | Mapped hugepage 0x4100000000 to NOC address 0x840000000 (sysmem_manager.cpp:247)
2025-11-23 13:00:16.751 | info     |             UMD | Pinning pages for Hugepage: virtual address 0x7ca640000000 and size 0x40000000 pinned to physical address 0x4140000000 and mapped to noc address 0x880000000 (pci_device.cpp:642)
2025-11-23 13:00:16.751 | info     |             UMD | Mapped hugepage 0x4140000000 to NOC address 0x880000000 (sysmem_manager.cpp:247)
2025-11-23 13:00:16.751 | info     |             UMD | Pinning pages for Hugepage: virtual address 0x7ca600000000 and size 0x30000000 pinned to physical address 0x4180000000 and mapped to noc address 0x8c0000000 (pci_device.cpp:642)
2025-11-23 13:00:16.751 | info     |             UMD | Mapped hugepage 0x4180000000 to NOC address 0x8c0000000 (sysmem_manager.cpp:247)
2025-11-23 13:00:16.810 | info     |          Fabric | TopologyMapper mapping start (mesh=0): n_log=8, n_phys=8, log_deg_hist={2:4, 3:4}, phys_deg_hist={2:4, 3:4} (topology_mapper.cpp:728)
2025-11-23 13:00:16.810 | info     |          Fabric | TopologyMapper: First logical node li=0 (fabric_node=(M0, D0)) has mesh rank 0 (topology_mapper.cpp:1400)
2025-11-23 13:00:16.810 | info     |          Fabric | TopologyMapper: Found 8 physical ASIC candidates for first logical node li=0 (fabric_node=(M0, D0)) with matching mesh rank 0, will try each as first pinning (topology_mapper.cpp:1433)
2025-11-23 13:00:16.810 | info     |          Fabric | TopologyMapper: Trying first pinning 1/8: logical node li=0 (fabric_node=(M0, D0)) -> physical ASIC j=0 (asic_id=10226851854) (hostname=tauceti) (topology_mapper.cpp:1489)
2025-11-23 13:00:16.810 | info     |          Fabric | TopologyMapper: First pinning 1/8 failed: logical node li=0 (fabric_node=(M0, D0)) -> physical ASIC j=0 (asic_id=10226851854) (topology_mapper.cpp:1522)
2025-11-23 13:00:16.810 | info     |          Fabric | TopologyMapper: Trying first pinning 2/8: logical node li=0 (fabric_node=(M0, D0)) -> physical ASIC j=1 (asic_id=10226851885) (hostname=tauceti) (topology_mapper.cpp:1489)
2025-11-23 13:00:16.810 | info     |          Fabric | TopologyMapper: First pinning 2/8 failed: logical node li=0 (fabric_node=(M0, D0)) -> physical ASIC j=1 (asic_id=10226851885) (topology_mapper.cpp:1522)
2025-11-23 13:00:16.810 | info     |          Fabric | TopologyMapper: Trying first pinning 3/8: logical node li=0 (fabric_node=(M0, D0)) -> physical ASIC j=2 (asic_id=10226851927) (hostname=tauceti) (topology_mapper.cpp:1489)
2025-11-23 13:00:16.810 | info     |          Fabric | TopologyMapper: First pinning 3/8 failed: logical node li=0 (fabric_node=(M0, D0)) -> physical ASIC j=2 (asic_id=10226851927) (topology_mapper.cpp:1522)
2025-11-23 13:00:16.810 | info     |          Fabric | TopologyMapper: Trying first pinning 4/8: logical node li=0 (fabric_node=(M0, D0)) -> physical ASIC j=3 (asic_id=10226852052) (hostname=tauceti) (topology_mapper.cpp:1489)
2025-11-23 13:00:16.810 | info     |          Fabric | TopologyMapper: First pinning 4/8 failed: logical node li=0 (fabric_node=(M0, D0)) -> physical ASIC j=3 (asic_id=10226852052) (topology_mapper.cpp:1522)
2025-11-23 13:00:16.810 | info     |          Fabric | TopologyMapper: Trying first pinning 5/8: logical node li=0 (fabric_node=(M0, D0)) -> physical ASIC j=4 (asic_id=14521819150) (hostname=tauceti) (topology_mapper.cpp:1489)
2025-11-23 13:00:16.810 | info     |          Fabric | TopologyMapper: Successfully found mapping with first pinning 5/8: logical node li=0 (fabric_node=(M0, D0)) -> physical ASIC j=4 (asic_id=14521819150) (topology_mapper.cpp:1510)
2025-11-23 13:00:16.870 | info     |           Metal | While initializing device 0, active ethernet dispatch core (x=21,y=17) detected as still running, issuing exit signal. (metal_context.cpp:668)
2025-11-23 13:00:16.870 | info     |           Metal | While initializing device 0, active ethernet dispatch core (x=18,y=17) detected as still running, issuing exit signal. (metal_context.cpp:668)
2025-11-23 13:00:16.870 | info     |           Metal | While initializing device 0, active ethernet dispatch core (x=25,y=17) detected as still running, issuing exit signal. (metal_context.cpp:668)
2025-11-23 13:00:16.870 | info     |           Metal | While initializing device 0, active ethernet dispatch core (x=22,y=17) detected as still running, issuing exit signal. (metal_context.cpp:668)
2025-11-23 13:00:16.870 | info     |           Metal | While initializing device 0, active ethernet dispatch core (x=18,y=16) detected as still running, issuing exit signal. (metal_context.cpp:668)
2025-11-23 13:00:16.870 | info     |           Metal | While initializing device 0, active ethernet dispatch core (x=25,y=16) detected as still running, issuing exit signal. (metal_context.cpp:668)
2025-11-23 13:00:16.870 | critical |          Always | TT_FATAL: Read unexpected run_mailbox value from core (x=25,y=16) (assert.hpp:103)
2025-11-23 13:00:16.872 | warning  |          Always | Detected dispatch kernels still running but failed to complete an early exit. This may happen from time to time following a reset, continuing to FW initialization... (metal_context.cpp:703)
2025-11-23 13:00:16.877 | info     |           Metal | While initializing device 1, active ethernet dispatch core (x=21,y=17) detected as still running, issuing exit signal. (metal_context.cpp:668)
2025-11-23 13:00:16.877 | info     |           Metal | While initializing device 1, active ethernet dispatch core (x=22,y=17) detected as still running, issuing exit signal. (metal_context.cpp:668)
2025-11-23 13:00:16.878 | info     |           Metal | While initializing device 1, active ethernet dispatch core (x=18,y=17) detected as still running, issuing exit signal. (metal_context.cpp:668)
2025-11-23 13:00:16.878 | info     |           Metal | While initializing device 1, active ethernet dispatch core (x=25,y=17) detected as still running, issuing exit signal. (metal_context.cpp:668)
2025-11-23 13:00:16.878 | info     |           Metal | While initializing device 1, active ethernet dispatch core (x=21,y=16) detected as still running, issuing exit signal. (metal_context.cpp:668)
2025-11-23 13:00:16.878 | info     |           Metal | While initializing device 1, active ethernet dispatch core (x=22,y=16) detected as still running, issuing exit signal. (metal_context.cpp:668)
2025-11-23 13:00:16.878 | critical |          Always | TT_FATAL: Read unexpected run_mailbox value from core (x=22,y=16) (assert.hpp:103)
2025-11-23 13:00:16.879 | warning  |          Always | Detected dispatch kernels still running but failed to complete an early exit. This may happen from time to time following a reset, continuing to FW initialization... (metal_context.cpp:703)
2025-11-23 13:00:16.886 | info     |           Metal | While initializing device 2, active ethernet dispatch core (x=21,y=17) detected as still running, issuing exit signal. (metal_context.cpp:668)
2025-11-23 13:00:16.886 | info     |           Metal | While initializing device 2, active ethernet dispatch core (x=18,y=17) detected as still running, issuing exit signal. (metal_context.cpp:668)
2025-11-23 13:00:16.886 | info     |           Metal | While initializing device 2, active ethernet dispatch core (x=25,y=17) detected as still running, issuing exit signal. (metal_context.cpp:668)
2025-11-23 13:00:16.886 | info     |           Metal | While initializing device 2, active ethernet dispatch core (x=22,y=17) detected as still running, issuing exit signal. (metal_context.cpp:668)
2025-11-23 13:00:16.886 | info     |           Metal | While initializing device 2, active ethernet dispatch core (x=18,y=16) detected as still running, issuing exit signal. (metal_context.cpp:668)
2025-11-23 13:00:16.886 | info     |           Metal | While initializing device 2, active ethernet dispatch core (x=25,y=16) detected as still running, issuing exit signal. (metal_context.cpp:668)
2025-11-23 13:00:16.886 | critical |          Always | TT_FATAL: Read unexpected run_mailbox value from core (x=25,y=16) (assert.hpp:103)
2025-11-23 13:00:16.887 | warning  |          Always | Detected dispatch kernels still running but failed to complete an early exit. This may happen from time to time following a reset, continuing to FW initialization... (metal_context.cpp:703)
2025-11-23 13:00:16.894 | info     |           Metal | While initializing device 3, active ethernet dispatch core (x=21,y=17) detected as still running, issuing exit signal. (metal_context.cpp:668)
2025-11-23 13:00:16.894 | info     |           Metal | While initializing device 3, active ethernet dispatch core (x=22,y=17) detected as still running, issuing exit signal. (metal_context.cpp:668)
2025-11-23 13:00:16.894 | info     |           Metal | While initializing device 3, active ethernet dispatch core (x=18,y=17) detected as still running, issuing exit signal. (metal_context.cpp:668)
2025-11-23 13:00:16.894 | info     |           Metal | While initializing device 3, active ethernet dispatch core (x=25,y=17) detected as still running, issuing exit signal. (metal_context.cpp:668)
2025-11-23 13:00:16.894 | info     |           Metal | While initializing device 3, active ethernet dispatch core (x=21,y=16) detected as still running, issuing exit signal. (metal_context.cpp:668)
2025-11-23 13:00:16.894 | info     |           Metal | While initializing device 3, active ethernet dispatch core (x=22,y=16) detected as still running, issuing exit signal. (metal_context.cpp:668)
2025-11-23 13:00:16.894 | critical |          Always | TT_FATAL: Read unexpected run_mailbox value from core (x=22,y=16) (assert.hpp:103)
2025-11-23 13:00:16.895 | warning  |          Always | Detected dispatch kernels still running but failed to complete an early exit. This may happen from time to time following a reset, continuing to FW initialization... (metal_context.cpp:703)
2025-11-23 13:00:16.901 | info     |           Metal | While initializing device 4, active ethernet dispatch core (x=21,y=16) detected as still running, issuing exit signal. (metal_context.cpp:668)
2025-11-23 13:00:16.901 | info     |           Metal | While initializing device 4, active ethernet dispatch core (x=22,y=16) detected as still running, issuing exit signal. (metal_context.cpp:668)
2025-11-23 13:00:16.901 | info     |           Metal | While initializing device 4, active ethernet dispatch core (x=18,y=16) detected as still running, issuing exit signal. (metal_context.cpp:668)
2025-11-23 13:00:16.902 | info     |           Metal | While initializing device 4, active ethernet dispatch core (x=25,y=16) detected as still running, issuing exit signal. (metal_context.cpp:668)
2025-11-23 13:00:16.902 | critical |          Always | TT_FATAL: Read unexpected run_mailbox value from core (x=25,y=16) (assert.hpp:103)
2025-11-23 13:00:16.903 | warning  |          Always | Detected dispatch kernels still running but failed to complete an early exit. This may happen from time to time following a reset, continuing to FW initialization... (metal_context.cpp:703)
2025-11-23 13:00:17.016 | info     |           Metal | While initializing device 5, active ethernet dispatch core (x=21,y=16) detected as still running, issuing exit signal. (metal_context.cpp:668)
2025-11-23 13:00:17.017 | info     |           Metal | While initializing device 5, active ethernet dispatch core (x=22,y=16) detected as still running, issuing exit signal. (metal_context.cpp:668)
2025-11-23 13:00:17.017 | info     |           Metal | While initializing device 5, active ethernet dispatch core (x=18,y=16) detected as still running, issuing exit signal. (metal_context.cpp:668)
2025-11-23 13:00:17.017 | info     |           Metal | While initializing device 5, active ethernet dispatch core (x=25,y=16) detected as still running, issuing exit signal. (metal_context.cpp:668)
2025-11-23 13:00:17.017 | critical |          Always | TT_FATAL: Read unexpected run_mailbox value from core (x=25,y=16) (assert.hpp:103)
2025-11-23 13:00:17.019 | warning  |          Always | Detected dispatch kernels still running but failed to complete an early exit. This may happen from time to time following a reset, continuing to FW initialization... (metal_context.cpp:703)
2025-11-23 13:00:17.140 | info     |           Metal | While initializing device 6, active ethernet dispatch core (x=21,y=16) detected as still running, issuing exit signal. (metal_context.cpp:668)
2025-11-23 13:00:17.140 | info     |           Metal | While initializing device 6, active ethernet dispatch core (x=22,y=16) detected as still running, issuing exit signal. (metal_context.cpp:668)
2025-11-23 13:00:17.141 | info     |           Metal | While initializing device 6, active ethernet dispatch core (x=18,y=16) detected as still running, issuing exit signal. (metal_context.cpp:668)
2025-11-23 13:00:17.141 | info     |           Metal | While initializing device 6, active ethernet dispatch core (x=25,y=16) detected as still running, issuing exit signal. (metal_context.cpp:668)
2025-11-23 13:00:17.141 | critical |          Always | TT_FATAL: Read unexpected run_mailbox value from core (x=25,y=16) (assert.hpp:103)
2025-11-23 13:00:17.143 | warning  |          Always | Detected dispatch kernels still running but failed to complete an early exit. This may happen from time to time following a reset, continuing to FW initialization... (metal_context.cpp:703)
2025-11-23 13:00:17.265 | info     |           Metal | While initializing device 7, active ethernet dispatch core (x=21,y=16) detected as still running, issuing exit signal. (metal_context.cpp:668)
2025-11-23 13:00:17.265 | info     |           Metal | While initializing device 7, active ethernet dispatch core (x=22,y=16) detected as still running, issuing exit signal. (metal_context.cpp:668)
2025-11-23 13:00:17.266 | info     |           Metal | While initializing device 7, active ethernet dispatch core (x=18,y=16) detected as still running, issuing exit signal. (metal_context.cpp:668)
2025-11-23 13:00:17.266 | info     |           Metal | While initializing device 7, active ethernet dispatch core (x=25,y=16) detected as still running, issuing exit signal. (metal_context.cpp:668)
2025-11-23 13:00:17.266 | critical |          Always | TT_FATAL: Read unexpected run_mailbox value from core (x=25,y=16) (assert.hpp:103)
2025-11-23 13:00:17.268 | warning  |          Always | Detected dispatch kernels still running but failed to complete an early exit. This may happen from time to time following a reset, continuing to FW initialization... (metal_context.cpp:703)
2025-11-23 13:00:17.381 | warning  |           Metal | Opening subset of mmio devices slows down UMD read/write to remote chips. If opening more devices, consider using CreateDevices API. (device_pool.cpp:316)
2025-11-23 13:00:17.869 | error    |    BuildKernels | ncrisc compile failure -- cmd: cd /home/m48chen/.cache/tt-metal-cache/2889bb5ce3/11358605694596585868/kernels/reader_binary_1_tile/12088858009153797218/ncrisc/ && /home/m48chen/tt-metal/runtime/sfpi/compiler/bin/riscv-tt-elf-g++ -O2 -std=c++17 -flto=auto -ffast-math -fno-exceptions -g -MMD -fno-use-cxa-atexit -Wall -Werror -Wno-unknown-pragmas -Wno-deprecated-declarations -Wno-error=multistatement-macros -Wno-error=parentheses -Wno-error=unused-but-set-variable -Wno-unused-variable -Wno-unused-function -mcpu=tt-wh -fno-tree-loop-distribute-patterns -I. -I.. -I/home/m48chen/tt-metal/ -I/home/m48chen/tt-metal/ttnn -I/home/m48chen/tt-metal/ttnn/cpp -I/home/m48chen/tt-metal/tt_metal -I/home/m48chen/tt-metal/tt_metal/include -I/home/m48chen/tt-metal/tt_metal/hw/inc -I/home/m48chen/tt-metal/tt_metal/hostdevcommon/api -I/home/m48chen/tt-metal/tt_metal/hw/inc/debug -I/home/m48chen/tt-metal/tt_metal/api/ -I/home/m48chen/tt-metal/tt_metal/api/tt-metalium/ -I/home/m48chen/tt-metal/tt_metal/hw/ckernels/wormhole_b0/metal/common -I/home/m48chen/tt-metal/tt_metal/hw/ckernels/wormhole_b0/metal/llk_io -I/home/m48chen/tt-metal/tt_metal/hw/inc/tt-1xx -I/home/m48chen/tt-metal/tt_metal/hw/inc/tt-1xx/wormhole -I/home/m48chen/tt-metal/tt_metal/hw/inc/tt-1xx/wormhole/wormhole_b0_defines -I/home/m48chen/tt-metal/tt_metal/hw/inc/tt-1xx/wormhole/noc -I/home/m48chen/tt-metal/tt_metal/lite_fabric/hw/inc/wormhole -I/home/m48chen/tt-metal/tt_metal/third_party/tt_llk/tt_llk_wormhole_b0/common/inc -I/home/m48chen/tt-metal/tt_metal/third_party/tt_llk/tt_llk_wormhole_b0/llk_lib -I/home/m48chen/tt-metal/tt_metal/hw/firmware/src/tt-1xx -c -o ncrisck.o /home/m48chen/tt-metal/tt_metal/hw/firmware/src/tt-1xx/ncrisck.cc -DIS_NOT_POW2_NUM_DRAM_BANKS=1 -DIS_NOT_POW2_NUM_L1_BANKS=1 -DNUM_DRAM_BANKS=12 -DNUM_L1_BANKS=56 -DPCIE_NOC_X=0 -DPCIE_NOC_Y=3 -DTENSIX_FIRMWARE -DLOCAL_MEM_EN=0 -DROUTING_FW_ENABLED -DPROCESSOR_INDEX=1 -DCOMPILE_FOR_NCRISC -DARCH_WORMHOLE -DDISPATCH_MESSAGE_ADDR=4290183304 -DKERNEL_BUILD -DNOC_INDEX='0' -DNOC_MODE='0' -DKERNEL_COMPILE_TIME_ARGS=0,1,2  (build.cpp:60)
2025-11-23 13:00:17.870 | critical |          Always | TT_THROW: ncrisc build failed. Log: In file included from /home/m48chen/tt-metal/tt_metal/hw/inc/firmware_common.h:12,
                 from /home/m48chen/tt-metal/tt_metal/hw/firmware/src/tt-1xx/ncrisck.cc:17:
/home/m48chen/tt-metal/tt_metal/hw/inc/compile_time_args.h: In instantiation of 'constexpr uint32_t get_ct_arg() [with long unsigned int Idx = 3; uint32_t = long unsigned int]':
/home/m48chen/tt-metal/tt_metal/hw/inc/accessor/tensor_accessor_args.h:58:20:   required from 'constexpr const uint32_t TensorAccessorArgs<1>::NumBanksCT'
   62 | #define get_compile_time_arg_val(arg_idx) get_ct_arg<arg_idx>()
      |                                           ~~~~~~~~~~~~~~~~~~~^~
/home/m48chen/tt-metal/tt_metal/hw/inc/accessor/tensor_accessor_args.h:65:55:   required from 'struct TensorAccessorArgs<1>'
   65 |     static_assert(!is_sharded || num_banks_is_crta || NumBanksCT > 0, "Number of banks must be greater than 0!");
      |                                                       ^~~~~~~~~~
/home/m48chen/tt-metal/tt_metal/programming_examples/diode_equation_single_core_v2_generated/kernels/dataflow/reader_binary_1_tile.cpp:20:70:   required from here
   20 |     constexpr auto interleaved_accessor_args = TensorAccessorArgs<1>();
      |                                                                      ^
/home/m48chen/tt-metal/tt_metal/hw/inc/compile_time_args.h:25:23: error: static assertion failed: Index out of range
   25 |     static_assert(Idx < kernel_compile_time_args.size(), "Index out of range");
      |                   ~~~~^~~~~~~~~~~~~~~~~~~~~~~~~~~~~~~~~
/home/m48chen/tt-metal/tt_metal/hw/inc/compile_time_args.h:25:23: note: the comparison reduces to '(3 < 3)'
In file included from /home/m48chen/tt-metal/tt_metal/hw/inc/accessor/tensor_accessor.h:8,
                 from /home/m48chen/tt-metal/tt_metal/hw/inc/dataflow_api.h:28,
                 from /home/m48chen/tt-metal/tt_metal/hw/inc/firmware_common.h:20:
/home/m48chen/tt-metal/tt_metal/hw/inc/accessor/tensor_accessor_args.h: In instantiation of 'struct TensorAccessorArgs<1>':
/home/m48chen/tt-metal/tt_metal/programming_examples/diode_equation_single_core_v2_generated/kernels/dataflow/reader_binary_1_tile.cpp:20:70:   required from here
   20 |     constexpr auto interleaved_accessor_args = TensorAccessorArgs<1>();
      |                                                                      ^
/home/m48chen/tt-metal/tt_metal/hw/inc/accessor/tensor_accessor_args.h:65:52: error: non-constant condition for static assertion
   65 |     static_assert(!is_sharded || num_banks_is_crta || NumBanksCT > 0, "Number of banks must be greater than 0!");
      |                   ~~~~~~~~~~~~~~~~~~~~~~~~~~~~~~~~~^~~~~~~~~~~~~~~~~
/home/m48chen/tt-metal/tt_metal/hw/inc/compile_time_args.h: In instantiation of 'constexpr uint32_t get_ct_arg() [with long unsigned int Idx = 4; uint32_t = long unsigned int]':
/home/m48chen/tt-metal/tt_metal/hw/inc/accessor/helpers.h:17:16:   required by substitution of 'template<template<long unsigned int ...<anonymous> > class Wrapper, unsigned int BASE_IDX, unsigned int ...Is> constexpr Wrapper<(get_ct_arg<BASE_IDX + Is>)()...> tensor_accessor::detail::make_struct_from_sequence_wrapper(std::index_sequence<_Idx ...>) [with Wrapper = tensor_accessor::ArrayStaticWrapperU32; unsigned int BASE_IDX = 4; unsigned int ...Is = {0, 1}]'
   62 | #define get_compile_time_arg_val(arg_idx) get_ct_arg<arg_idx>()
      |                                           ~~~~~~~~~~~~~~~~~~~^~
/home/m48chen/tt-metal/tt_metal/hw/inc/accessor/helpers.h:21:62:   required by substitution of 'template<template<long unsigned int ...<anonymous> > class Wrapper, unsigned int base, long unsigned int rank> using tensor_accessor::detail::struct_cta_sequence_wrapper_t = decltype (make_struct_from_sequence_wrapper<template<long unsigned int ...<anonymous> > class Wrapper, base>(std::make_index_sequence<rank>{})) [with Wrapper = tensor_accessor::ArrayStaticWrapperU32; unsigned int base = 4; long unsigned int rank = 2]'
   21 |     decltype(make_struct_from_sequence_wrapper<Wrapper, base>(std::make_index_sequence<rank>{}));
      |              ~~~~~~~~~~~~~~~~~~~~~~~~~~~~~~~~~~~~~~~~~~~~~~~~^~~~~~~~~~~~~~~~~~~~~~~~~~~~~~~~~~
/home/m48chen/tt-metal/tt_metal/hw/inc/accessor/array_wrapper.h:82:11:   required from 'struct tensor_accessor::ArrayWrapperTypeSelectorU32<true, 4, 2>'
   82 |     using type = detail::struct_cta_sequence_wrapper_t<ArrayStaticWrapperU32, StartIdx, Size>;
      |           ^~~~
/home/m48chen/tt-metal/tt_metal/hw/inc/accessor/tensor_accessor.h:380:1:   required by substitution of 'template<unsigned int CTA_OFFSET, unsigned int CRTA_OFFSET> TensorAccessor(const TensorAccessorArgs<CTA_OFFSET, CRTA_OFFSET>&, size_t, uint32_t) -> TensorAccessor<tensor_accessor::DistributionSpec<TensorAccessorArgs<CTA_OFFSET, CRTA_OFFSET>::RankCT, TensorAccessorArgs<CTA_OFFSET, CRTA_OFFSET>::NumBanksCT, typename tensor_accessor::ArrayWrapperTypeSelectorU32<(! TensorAccessorArgs<CTA_OFFSET, CRTA_OFFSET>::tensor_shape_is_crta), TensorAccessorArgs<CTA_OFFSET, CRTA_OFFSET>::TensorShapeCTAOffset, TensorAccessorArgs<CTA_OFFSET, CRTA_OFFSET>::RankCT>::type, typename tensor_accessor::ArrayWrapperTypeSelectorU32<(! TensorAccessorArgs<CTA_OFFSET, CRTA_OFFSET>::shard_shape_is_crta), TensorAccessorArgs<CTA_OFFSET, CRTA_OFFSET>::ShardShapeCTAOffset, TensorAccessorArgs<CTA_OFFSET, CRTA_OFFSET>::RankCT>::type, typename tensor_accessor::ArrayWrapperTypeSelectorPackedU16<(! TensorAccessorArgs<CTA_OFFSET, CRTA_OFFSET>::bank_coords_is_crta), TensorAccessorArgs<CTA_OFFSET, CRTA_OFFSET>::BankCoordsCTAOffset, TensorAccessorArgs<CTA_OFFSET, CRTA_OFFSET>::NumBanksCT>::type, (! TensorAccessorArgs<CTA_OFFSET, CRTA_OFFSET>::is_sharded), TensorAccessorArgs<CTA_OFFSET, CRTA_OFFSET>::is_dram> > [with unsigned int CTA_OFFSET = 1; unsigned int CRTA_OFFSET = 4294967295]'
  380 | TensorAccessor(const TensorAccessorArgs<CTA_OFFSET, CRTA_OFFSET>& args, size_t, uint32_t)
      | ^~~~~~~~~~~~~~
/home/m48chen/tt-metal/tt_metal/programming_examples/diode_equation_single_core_v2_generated/kernels/dataflow/reader_binary_1_tile.cpp:23:100:   required from here
   23 |         TensorAccessor(interleaved_accessor_args, voltage_buffer_addr, voltage_data_tile_size_bytes);
      |                                                                                                    ^
/home/m48chen/tt-metal/tt_metal/hw/inc/compile_time_args.h:25:23: error: static assertion failed: Index out of range
   25 |     static_assert(Idx < kernel_compile_time_args.size(), "Index out of range");
      |                   ~~~~^~~~~~~~~~~~~~~~~~~~~~~~~~~~~~~~~
/home/m48chen/tt-metal/tt_metal/hw/inc/compile_time_args.h:25:23: note: the comparison reduces to '(4 < 3)'
/home/m48chen/tt-metal/tt_metal/hw/inc/compile_time_args.h: In instantiation of 'constexpr uint32_t get_ct_arg() [with long unsigned int Idx = 5; uint32_t = long unsigned int]':
/home/m48chen/tt-metal/tt_metal/hw/inc/accessor/helpers.h:17:16:   required by substitution of 'template<template<long unsigned int ...<anonymous> > class Wrapper, unsigned int BASE_IDX, unsigned int ...Is> constexpr Wrapper<(get_ct_arg<BASE_IDX + Is>)()...> tensor_accessor::detail::make_struct_from_sequence_wrapper(std::index_sequence<_Idx ...>) [with Wrapper = tensor_accessor::ArrayStaticWrapperU32; unsigned int BASE_IDX = 4; unsigned int ...Is = {0, 1}]'
   62 | #define get_compile_time_arg_val(arg_idx) get_ct_arg<arg_idx>()
      |                                           ~~~~~~~~~~~~~~~~~~~^~
/home/m48chen/tt-metal/tt_metal/hw/inc/accessor/helpers.h:21:62:   required by substitution of 'template<template<long unsigned int ...<anonymous> > class Wrapper, unsigned int base, long unsigned int rank> using tensor_accessor::detail::struct_cta_sequence_wrapper_t = decltype (make_struct_from_sequence_wrapper<template<long unsigned int ...<anonymous> > class Wrapper, base>(std::make_index_sequence<rank>{})) [with Wrapper = tensor_accessor::ArrayStaticWrapperU32; unsigned int base = 4; long unsigned int rank = 2]'
   21 |     decltype(make_struct_from_sequence_wrapper<Wrapper, base>(std::make_index_sequence<rank>{}));
      |              ~~~~~~~~~~~~~~~~~~~~~~~~~~~~~~~~~~~~~~~~~~~~~~~~^~~~~~~~~~~~~~~~~~~~~~~~~~~~~~~~~~
/home/m48chen/tt-metal/tt_metal/hw/inc/accessor/array_wrapper.h:82:11:   required from 'struct tensor_accessor::ArrayWrapperTypeSelectorU32<true, 4, 2>'
   82 |     using type = detail::struct_cta_sequence_wrapper_t<ArrayStaticWrapperU32, StartIdx, Size>;
      |           ^~~~
/home/m48chen/tt-metal/tt_metal/hw/inc/accessor/tensor_accessor.h:380:1:   required by substitution of 'template<unsigned int CTA_OFFSET, unsigned int CRTA_OFFSET> TensorAccessor(const TensorAccessorArgs<CTA_OFFSET, CRTA_OFFSET>&, size_t, uint32_t) -> TensorAccessor<tensor_accessor::DistributionSpec<TensorAccessorArgs<CTA_OFFSET, CRTA_OFFSET>::RankCT, TensorAccessorArgs<CTA_OFFSET, CRTA_OFFSET>::NumBanksCT, typename tensor_accessor::ArrayWrapperTypeSelectorU32<(! TensorAccessorArgs<CTA_OFFSET, CRTA_OFFSET>::tensor_shape_is_crta), TensorAccessorArgs<CTA_OFFSET, CRTA_OFFSET>::TensorShapeCTAOffset, TensorAccessorArgs<CTA_OFFSET, CRTA_OFFSET>::RankCT>::type, typename tensor_accessor::ArrayWrapperTypeSelectorU32<(! TensorAccessorArgs<CTA_OFFSET, CRTA_OFFSET>::shard_shape_is_crta), TensorAccessorArgs<CTA_OFFSET, CRTA_OFFSET>::ShardShapeCTAOffset, TensorAccessorArgs<CTA_OFFSET, CRTA_OFFSET>::RankCT>::type, typename tensor_accessor::ArrayWrapperTypeSelectorPackedU16<(! TensorAccessorArgs<CTA_OFFSET, CRTA_OFFSET>::bank_coords_is_crta), TensorAccessorArgs<CTA_OFFSET, CRTA_OFFSET>::BankCoordsCTAOffset, TensorAccessorArgs<CTA_OFFSET, CRTA_OFFSET>::NumBanksCT>::type, (! TensorAccessorArgs<CTA_OFFSET, CRTA_OFFSET>::is_sharded), TensorAccessorArgs<CTA_OFFSET, CRTA_OFFSET>::is_dram> > [with unsigned int CTA_OFFSET = 1; unsigned int CRTA_OFFSET = 4294967295]'
  380 | TensorAccessor(const TensorAccessorArgs<CTA_OFFSET, CRTA_OFFSET>& args, size_t, uint32_t)
      | ^~~~~~~~~~~~~~
/home/m48chen/tt-metal/tt_metal/programming_examples/diode_equation_single_core_v2_generated/kernels/dataflow/reader_binary_1_tile.cpp:23:100:   required from here
   23 |         TensorAccessor(interleaved_accessor_args, voltage_buffer_addr, voltage_data_tile_size_bytes);
      |                                                                                                    ^
/home/m48chen/tt-metal/tt_metal/hw/inc/compile_time_args.h:25:23: error: static assertion failed: Index out of range
   25 |     static_assert(Idx < kernel_compile_time_args.size(), "Index out of range");
      |                   ~~~~^~~~~~~~~~~~~~~~~~~~~~~~~~~~~~~~~
/home/m48chen/tt-metal/tt_metal/hw/inc/compile_time_args.h:25:23: note: the comparison reduces to '(5 < 3)'
In file included from /home/m48chen/tt-metal/tt_metal/hw/inc/accessor/array_wrapper.h:11,
                 from /home/m48chen/tt-metal/tt_metal/hw/inc/accessor/tensor_accessor.h:9:
/home/m48chen/tt-metal/tt_metal/hw/inc/accessor/helpers.h: In substitution of 'template<template<long unsigned int ...<anonymous> > class Wrapper, unsigned int base, long unsigned int rank> using tensor_accessor::detail::struct_cta_sequence_wrapper_t = decltype (make_struct_from_sequence_wrapper<template<long unsigned int ...<anonymous> > class Wrapper, base>(std::make_index_sequence<rank>{})) [with Wrapper = tensor_accessor::ArrayStaticWrapperU32; unsigned int base = 4; long unsigned int rank = 2]':
/home/m48chen/tt-metal/tt_metal/hw/inc/accessor/array_wrapper.h:82:11:   required from 'struct tensor_accessor::ArrayWrapperTypeSelectorU32<true, 4, 2>'
   82 |     using type = detail::struct_cta_sequence_wrapper_t<ArrayStaticWrapperU32, StartIdx, Size>;
      |           ^~~~
/home/m48chen/tt-metal/tt_metal/hw/inc/accessor/tensor_accessor.h:380:1:   required by substitution of 'template<unsigned int CTA_OFFSET, unsigned int CRTA_OFFSET> TensorAccessor(const TensorAccessorArgs<CTA_OFFSET, CRTA_OFFSET>&, size_t, uint32_t) -> TensorAccessor<tensor_accessor::DistributionSpec<TensorAccessorArgs<CTA_OFFSET, CRTA_OFFSET>::RankCT, TensorAccessorArgs<CTA_OFFSET, CRTA_OFFSET>::NumBanksCT, typename tensor_accessor::ArrayWrapperTypeSelectorU32<(! TensorAccessorArgs<CTA_OFFSET, CRTA_OFFSET>::tensor_shape_is_crta), TensorAccessorArgs<CTA_OFFSET, CRTA_OFFSET>::TensorShapeCTAOffset, TensorAccessorArgs<CTA_OFFSET, CRTA_OFFSET>::RankCT>::type, typename tensor_accessor::ArrayWrapperTypeSelectorU32<(! TensorAccessorArgs<CTA_OFFSET, CRTA_OFFSET>::shard_shape_is_crta), TensorAccessorArgs<CTA_OFFSET, CRTA_OFFSET>::ShardShapeCTAOffset, TensorAccessorArgs<CTA_OFFSET, CRTA_OFFSET>::RankCT>::type, typename tensor_accessor::ArrayWrapperTypeSelectorPackedU16<(! TensorAccessorArgs<CTA_OFFSET, CRTA_OFFSET>::bank_coords_is_crta), TensorAccessorArgs<CTA_OFFSET, CRTA_OFFSET>::BankCoordsCTAOffset, TensorAccessorArgs<CTA_OFFSET, CRTA_OFFSET>::NumBanksCT>::type, (! TensorAccessorArgs<CTA_OFFSET, CRTA_OFFSET>::is_sharded), TensorAccessorArgs<CTA_OFFSET, CRTA_OFFSET>::is_dram> > [with unsigned int CTA_OFFSET = 1; unsigned int CRTA_OFFSET = 4294967295]'
  380 | TensorAccessor(const TensorAccessorArgs<CTA_OFFSET, CRTA_OFFSET>& args, size_t, uint32_t)
      | ^~~~~~~~~~~~~~
/home/m48chen/tt-metal/tt_metal/programming_examples/diode_equation_single_core_v2_generated/kernels/dataflow/reader_binary_1_tile.cpp:23:100:   required from here
   23 |         TensorAccessor(interleaved_accessor_args, voltage_buffer_addr, voltage_data_tile_size_bytes);
      |                                                                                                    ^
/home/m48chen/tt-metal/tt_metal/hw/inc/accessor/helpers.h:21:62: error: no matching function for call to 'make_struct_from_sequence_wrapper<template<long unsigned int ...Elements> using tensor_accessor::ArrayStaticWrapperU32 = tensor_accessor::ArrayStaticWrapper<long unsigned int, Elements ...>, 4>(std::make_index_sequence<2>)'
   21 |     decltype(make_struct_from_sequence_wrapper<Wrapper, base>(std::make_index_sequence<rank>{}));
      |              ~~~~~~~~~~~~~~~~~~~~~~~~~~~~~~~~~~~~~~~~~~~~~~~~^~~~~~~~~~~~~~~~~~~~~~~~~~~~~~~~~~
/home/m48chen/tt-metal/tt_metal/hw/inc/accessor/helpers.h:21:62: note: there is 1 candidate
/home/m48chen/tt-metal/tt_metal/hw/inc/accessor/helpers.h:16:16: note: candidate 1: 'template<template<long unsigned int ...<anonymous> > class Wrapper, unsigned int BASE_IDX, unsigned int ...Is> constexpr Wrapper<(get_ct_arg<BASE_IDX + Is>)()...> tensor_accessor::detail::make_struct_from_sequence_wrapper(std::index_sequence<_Idx ...>)'
   16 | constexpr auto make_struct_from_sequence_wrapper(std::index_sequence<Is...>)
      |                ^~~~~~~~~~~~~~~~~~~~~~~~~~~~~~~~~
/home/m48chen/tt-metal/tt_metal/hw/inc/accessor/helpers.h:16:16: note: substitution of deduced template arguments resulted in errors seen above
In file included from ../kernel_includes.hpp:1,
                 from /home/m48chen/tt-metal/tt_metal/hw/firmware/src/tt-1xx/ncrisck.cc:22:
/home/m48chen/tt-metal/tt_metal/programming_examples/diode_equation_single_core_v2_generated/kernels/dataflow/reader_binary_1_tile.cpp: In function 'void kernel_main()':
/home/m48chen/tt-metal/tt_metal/programming_examples/diode_equation_single_core_v2_generated/kernels/dataflow/reader_binary_1_tile.cpp:23:100: error: class template argument deduction failed:
   23 |         TensorAccessor(interleaved_accessor_args, voltage_buffer_addr, voltage_data_tile_size_bytes);
      |                                                                                                    ^
/home/m48chen/tt-metal/tt_metal/programming_examples/diode_equation_single_core_v2_generated/kernels/dataflow/reader_binary_1_tile.cpp:23:100: error: no matching function for call to 'TensorAccessor(const TensorAccessorArgs<1>&, const uint32_t&, const uint32_t&)'
/home/m48chen/tt-metal/tt_metal/programming_examples/diode_equation_single_core_v2_generated/kernels/dataflow/reader_binary_1_tile.cpp:23:100: note: there are 6 candidates
/home/m48chen/tt-metal/tt_metal/hw/inc/accessor/tensor_accessor.h:74:5: note: candidate 1: 'template<class DSpecT, unsigned int CTA_OFFSET, unsigned int CRTA_OFFSET> TensorAccessor(const TensorAccessorArgs<CTA_OFFSET, CRTA_OFFSET>&, size_t, uint32_t) -> TensorAccessor<DSpecT>'
   74 |     TensorAccessor(
      |     ^~~~~~~~~~~~~~
/home/m48chen/tt-metal/tt_metal/hw/inc/accessor/tensor_accessor.h:74:5: note: template argument deduction/substitution failed:
/home/m48chen/tt-metal/tt_metal/programming_examples/diode_equation_single_core_v2_generated/kernels/dataflow/reader_binary_1_tile.cpp:23:100: note:   couldn't deduce template parameter 'DSpecT'
   23 |         TensorAccessor(interleaved_accessor_args, voltage_buffer_addr, voltage_data_tile_size_bytes);
      |                                                                                                    ^
/home/m48chen/tt-metal/tt_metal/hw/inc/accessor/tensor_accessor.h:70:5: note: candidate 2: 'template<class DSpecT, class DSpec_, typename std::enable_if<DSpec_::is_static, int>::type <anonymous> > TensorAccessor(size_t, uint32_t) -> TensorAccessor<DSpecT>'
   70 |     TensorAccessor(const size_t bank_base_address_in = 0, uint32_t page_size_in = 0) :
      |     ^~~~~~~~~~~~~~
/home/m48chen/tt-metal/tt_metal/hw/inc/accessor/tensor_accessor.h:70:5: note: candidate expects 2 arguments, 3 provided
/home/m48chen/tt-metal/tt_metal/hw/inc/accessor/tensor_accessor.h:65:24: note: candidate 3: 'template<class DSpecT, class DSpec_, typename std::enable_if<is_same_v<typename std::decay<_Tp2>::type, DSpecT>, int>::type <anonymous> > TensorAccessor(DSpec_&&, size_t, uint32_t) -> TensorAccessor<DSpecT>'
   65 |     constexpr explicit TensorAccessor(
      |                        ^~~~~~~~~~~~~~
/home/m48chen/tt-metal/tt_metal/hw/inc/accessor/tensor_accessor.h:65:24: note: template argument deduction/substitution failed:
/home/m48chen/tt-metal/tt_metal/programming_examples/diode_equation_single_core_v2_generated/kernels/dataflow/reader_binary_1_tile.cpp:23:100: note:   couldn't deduce template parameter 'DSpecT'
   23 |         TensorAccessor(interleaved_accessor_args, voltage_buffer_addr, voltage_data_tile_size_bytes);
      |                                                                                                    ^
/home/m48chen/tt-metal/tt_metal/hw/inc/accessor/tensor_accessor.h:51:8: note: candidate 4: 'template<class DSpecT> TensorAccessor(TensorAccessor<DSpecT>) -> TensorAccessor<DSpecT>'
   51 | struct TensorAccessor {
      |        ^~~~~~~~~~~~~~
/home/m48chen/tt-metal/tt_metal/hw/inc/accessor/tensor_accessor.h:51:8: note: candidate expects 1 argument, 3 provided
/home/m48chen/tt-metal/tt_metal/hw/inc/accessor/tensor_accessor.h:410:1: note: candidate 5: 'template<long unsigned int RankCT, long unsigned int NumBanksCT, class TensorShapeWrapper, class ShardShapeWrapper, class BankCoordsWrapper, bool IsInterleaved, bool IsDram> TensorAccessor(tensor_accessor::DistributionSpec<RankCT, NumBanksCT, TensorShapeWrapper, ShardShapeWrapper, BankCoordsWrapper, IsInterleaved, IsDram>, size_t, uint32_t) -> TensorAccessor<tensor_accessor::DistributionSpec<RankCT, NumBanksCT, TensorShapeWrapper, ShardShapeWrapper, BankCoordsWrapper, IsInterleaved, IsDram> >'
  410 | TensorAccessor(
      | ^~~~~~~~~~~~~~
/home/m48chen/tt-metal/tt_metal/hw/inc/accessor/tensor_accessor.h:410:1: note: template argument deduction/substitution failed:
/home/m48chen/tt-metal/tt_metal/programming_examples/diode_equation_single_core_v2_generated/kernels/dataflow/reader_binary_1_tile.cpp:23:100: note:   'TensorAccessorArgs<1>' is not derived from 'tensor_accessor::DistributionSpec<RankCT, NumBanksCT, TensorShapeWrapper, ShardShapeWrapper, BankCoordsWrapper, IsInterleaved, IsDram>'
   23 |         TensorAccessor(interleaved_accessor_args, voltage_buffer_addr, voltage_data_tile_size_bytes);
      |                                                                                                    ^
/home/m48chen/tt-metal/tt_metal/hw/inc/accessor/tensor_accessor.h:380:1: note: candidate 6: 'template<unsigned int CTA_OFFSET, unsigned int CRTA_OFFSET> TensorAccessor(const TensorAccessorArgs<CTA_OFFSET, CRTA_OFFSET>&, size_t, uint32_t) -> TensorAccessor<tensor_accessor::DistributionSpec<TensorAccessorArgs<CTA_OFFSET, CRTA_OFFSET>::RankCT, TensorAccessorArgs<CTA_OFFSET, CRTA_OFFSET>::NumBanksCT, typename tensor_accessor::ArrayWrapperTypeSelectorU32<(! TensorAccessorArgs<CTA_OFFSET, CRTA_OFFSET>::tensor_shape_is_crta), TensorAccessorArgs<CTA_OFFSET, CRTA_OFFSET>::TensorShapeCTAOffset, TensorAccessorArgs<CTA_OFFSET, CRTA_OFFSET>::RankCT>::type, typename tensor_accessor::ArrayWrapperTypeSelectorU32<(! TensorAccessorArgs<CTA_OFFSET, CRTA_OFFSET>::shard_shape_is_crta), TensorAccessorArgs<CTA_OFFSET, CRTA_OFFSET>::ShardShapeCTAOffset, TensorAccessorArgs<CTA_OFFSET, CRTA_OFFSET>::RankCT>::type, typename tensor_accessor::ArrayWrapperTypeSelectorPackedU16<(! TensorAccessorArgs<CTA_OFFSET, CRTA_OFFSET>::bank_coords_is_crta), TensorAccessorArgs<CTA_OFFSET, CRTA_OFFSET>::BankCoordsCTAOffset, TensorAccessorArgs<CTA_OFFSET, CRTA_OFFSET>::NumBanksCT>::type, (! TensorAccessorArgs<CTA_OFFSET, CRTA_OFFSET>::is_sharded), TensorAccessorArgs<CTA_OFFSET, CRTA_OFFSET>::is_dram> >'
  380 | TensorAccessor(const TensorAccessorArgs<CTA_OFFSET, CRTA_OFFSET>& args, size_t, uint32_t)
      | ^~~~~~~~~~~~~~
/home/m48chen/tt-metal/tt_metal/hw/inc/accessor/tensor_accessor.h:380:1: note: template argument deduction/substitution failed:
/home/m48chen/tt-metal/tt_metal/programming_examples/diode_equation_single_core_v2_generated/kernels/dataflow/reader_binary_1_tile.cpp:25:90: error: class template argument deduction failed:
   25 |         TensorAccessor(interleaved_accessor_args, vj_buffer_addr, vj_data_tile_size_bytes);
      |                                                                                          ^
/home/m48chen/tt-metal/tt_metal/programming_examples/diode_equation_single_core_v2_generated/kernels/dataflow/reader_binary_1_tile.cpp:25:90: error: no matching function for call to 'TensorAccessor(const TensorAccessorArgs<1>&, const uint32_t&, const uint32_t&)'
/home/m48chen/tt-metal/tt_metal/programming_examples/diode_equation_single_core_v2_generated/kernels/dataflow/reader_binary_1_tile.cpp:25:90: note: there are 6 candidates
/home/m48chen/tt-metal/tt_metal/hw/inc/accessor/tensor_accessor.h:74:5: note: candidate 1: 'template<class DSpecT, unsigned int CTA_OFFSET, unsigned int CRTA_OFFSET> TensorAccessor(const TensorAccessorArgs<CTA_OFFSET, CRTA_OFFSET>&, size_t, uint32_t) -> TensorAccessor<DSpecT>'
   74 |     TensorAccessor(
      |     ^~~~~~~~~~~~~~
/home/m48chen/tt-metal/tt_metal/hw/inc/accessor/tensor_accessor.h:74:5: note: template argument deduction/substitution failed:
/home/m48chen/tt-metal/tt_metal/programming_examples/diode_equation_single_core_v2_generated/kernels/dataflow/reader_binary_1_tile.cpp:25:90: note:   couldn't deduce template parameter 'DSpecT'
   25 |         TensorAccessor(interleaved_accessor_args, vj_buffer_addr, vj_data_tile_size_bytes);
      |                                                                                          ^
/home/m48chen/tt-metal/tt_metal/hw/inc/accessor/tensor_accessor.h:70:5: note: candidate 2: 'template<class DSpecT, class DSpec_, typename std::enable_if<DSpec_::is_static, int>::type <anonymous> > TensorAccessor(size_t, uint32_t) -> TensorAccessor<DSpecT>'
   70 |     TensorAccessor(const size_t bank_base_address_in = 0, uint32_t page_size_in = 0) :
      |     ^~~~~~~~~~~~~~
/home/m48chen/tt-metal/tt_metal/hw/inc/accessor/tensor_accessor.h:70:5: note: candidate expects 2 arguments, 3 provided
/home/m48chen/tt-metal/tt_metal/hw/inc/accessor/tensor_accessor.h:65:24: note: candidate 3: 'template<class DSpecT, class DSpec_, typename std::enable_if<is_same_v<typename std::decay<_Tp2>::type, DSpecT>, int>::type <anonymous> > TensorAccessor(DSpec_&&, size_t, uint32_t) -> TensorAccessor<DSpecT>'
   65 |     constexpr explicit TensorAccessor(
      |                        ^~~~~~~~~~~~~~
/home/m48chen/tt-metal/tt_metal/hw/inc/accessor/tensor_accessor.h:65:24: note: template argument deduction/substitution failed:
/home/m48chen/tt-metal/tt_metal/programming_examples/diode_equation_single_core_v2_generated/kernels/dataflow/reader_binary_1_tile.cpp:25:90: note:   couldn't deduce template parameter 'DSpecT'
   25 |         TensorAccessor(interleaved_accessor_args, vj_buffer_addr, vj_data_tile_size_bytes);
      |                                                                                          ^
/home/m48chen/tt-metal/tt_metal/hw/inc/accessor/tensor_accessor.h:51:8: note: candidate 4: 'template<class DSpecT> TensorAccessor(TensorAccessor<DSpecT>) -> TensorAccessor<DSpecT>'
   51 | struct TensorAccessor {
      |        ^~~~~~~~~~~~~~
/home/m48chen/tt-metal/tt_metal/hw/inc/accessor/tensor_accessor.h:51:8: note: candidate expects 1 argument, 3 provided
/home/m48chen/tt-metal/tt_metal/hw/inc/accessor/tensor_accessor.h:410:1: note: candidate 5: 'template<long unsigned int RankCT, long unsigned int NumBanksCT, class TensorShapeWrapper, class ShardShapeWrapper, class BankCoordsWrapper, bool IsInterleaved, bool IsDram> TensorAccessor(tensor_accessor::DistributionSpec<RankCT, NumBanksCT, TensorShapeWrapper, ShardShapeWrapper, BankCoordsWrapper, IsInterleaved, IsDram>, size_t, uint32_t) -> TensorAccessor<tensor_accessor::DistributionSpec<RankCT, NumBanksCT, TensorShapeWrapper, ShardShapeWrapper, BankCoordsWrapper, IsInterleaved, IsDram> >'
  410 | TensorAccessor(
      | ^~~~~~~~~~~~~~
/home/m48chen/tt-metal/tt_metal/hw/inc/accessor/tensor_accessor.h:410:1: note: template argument deduction/substitution failed:
/home/m48chen/tt-metal/tt_metal/programming_examples/diode_equation_single_core_v2_generated/kernels/dataflow/reader_binary_1_tile.cpp:25:90: note:   'TensorAccessorArgs<1>' is not derived from 'tensor_accessor::DistributionSpec<RankCT, NumBanksCT, TensorShapeWrapper, ShardShapeWrapper, BankCoordsWrapper, IsInterleaved, IsDram>'
   25 |         TensorAccessor(interleaved_accessor_args, vj_buffer_addr, vj_data_tile_size_bytes);
      |                                                                                          ^
/home/m48chen/tt-metal/tt_metal/hw/inc/accessor/tensor_accessor.h:380:1: note: candidate 6: 'template<unsigned int CTA_OFFSET, unsigned int CRTA_OFFSET> TensorAccessor(const TensorAccessorArgs<CTA_OFFSET, CRTA_OFFSET>&, size_t, uint32_t) -> TensorAccessor<tensor_accessor::DistributionSpec<TensorAccessorArgs<CTA_OFFSET, CRTA_OFFSET>::RankCT, TensorAccessorArgs<CTA_OFFSET, CRTA_OFFSET>::NumBanksCT, typename tensor_accessor::ArrayWrapperTypeSelectorU32<(! TensorAccessorArgs<CTA_OFFSET, CRTA_OFFSET>::tensor_shape_is_crta), TensorAccessorArgs<CTA_OFFSET, CRTA_OFFSET>::TensorShapeCTAOffset, TensorAccessorArgs<CTA_OFFSET, CRTA_OFFSET>::RankCT>::type, typename tensor_accessor::ArrayWrapperTypeSelectorU32<(! TensorAccessorArgs<CTA_OFFSET, CRTA_OFFSET>::shard_shape_is_crta), TensorAccessorArgs<CTA_OFFSET, CRTA_OFFSET>::ShardShapeCTAOffset, TensorAccessorArgs<CTA_OFFSET, CRTA_OFFSET>::RankCT>::type, typename tensor_accessor::ArrayWrapperTypeSelectorPackedU16<(! TensorAccessorArgs<CTA_OFFSET, CRTA_OFFSET>::bank_coords_is_crta), TensorAccessorArgs<CTA_OFFSET, CRTA_OFFSET>::BankCoordsCTAOffset, TensorAccessorArgs<CTA_OFFSET, CRTA_OFFSET>::NumBanksCT>::type, (! TensorAccessorArgs<CTA_OFFSET, CRTA_OFFSET>::is_sharded), TensorAccessorArgs<CTA_OFFSET, CRTA_OFFSET>::is_dram> >'
  380 | TensorAccessor(const TensorAccessorArgs<CTA_OFFSET, CRTA_OFFSET>& args, size_t, uint32_t)
      | ^~~~~~~~~~~~~~
/home/m48chen/tt-metal/tt_metal/hw/inc/accessor/tensor_accessor.h:380:1: note: template argument deduction/substitution failed:
 (assert.hpp:103)
2025-11-23 13:00:17.877 | critical |          Always | TT_THROW: Failed to generate binaries for reader_binary_1_tile TT_THROW @ /home/m48chen/tt-metal/tt_metal/jit_build/build.cpp:64: tt::exception
info:
ncrisc build failed. Log: In file included from /home/m48chen/tt-metal/tt_metal/hw/inc/firmware_common.h:12,
                 from /home/m48chen/tt-metal/tt_metal/hw/firmware/src/tt-1xx/ncrisck.cc:17:
/home/m48chen/tt-metal/tt_metal/hw/inc/compile_time_args.h: In instantiation of 'constexpr uint32_t get_ct_arg() [with long unsigned int Idx = 3; uint32_t = long unsigned int]':
/home/m48chen/tt-metal/tt_metal/hw/inc/accessor/tensor_accessor_args.h:58:20:   required from 'constexpr const uint32_t TensorAccessorArgs<1>::NumBanksCT'
   62 | #define get_compile_time_arg_val(arg_idx) get_ct_arg<arg_idx>()
      |                                           ~~~~~~~~~~~~~~~~~~~^~
/home/m48chen/tt-metal/tt_metal/hw/inc/accessor/tensor_accessor_args.h:65:55:   required from 'struct TensorAccessorArgs<1>'
   65 |     static_assert(!is_sharded || num_banks_is_crta || NumBanksCT > 0, "Number of banks must be greater than 0!");
      |                                                       ^~~~~~~~~~
/home/m48chen/tt-metal/tt_metal/programming_examples/diode_equation_single_core_v2_generated/kernels/dataflow/reader_binary_1_tile.cpp:20:70:   required from here
   20 |     constexpr auto interleaved_accessor_args = TensorAccessorArgs<1>();
      |                                                                      ^
/home/m48chen/tt-metal/tt_metal/hw/inc/compile_time_args.h:25:23: error: static assertion failed: Index out of range
   25 |     static_assert(Idx < kernel_compile_time_args.size(), "Index out of range");
      |                   ~~~~^~~~~~~~~~~~~~~~~~~~~~~~~~~~~~~~~
/home/m48chen/tt-metal/tt_metal/hw/inc/compile_time_args.h:25:23: note: the comparison reduces to '(3 < 3)'
In file included from /home/m48chen/tt-metal/tt_metal/hw/inc/accessor/tensor_accessor.h:8,
                 from /home/m48chen/tt-metal/tt_metal/hw/inc/dataflow_api.h:28,
                 from /home/m48chen/tt-metal/tt_metal/hw/inc/firmware_common.h:20:
/home/m48chen/tt-metal/tt_metal/hw/inc/accessor/tensor_accessor_args.h: In instantiation of 'struct TensorAccessorArgs<1>':
/home/m48chen/tt-metal/tt_metal/programming_examples/diode_equation_single_core_v2_generated/kernels/dataflow/reader_binary_1_tile.cpp:20:70:   required from here
   20 |     constexpr auto interleaved_accessor_args = TensorAccessorArgs<1>();
      |                                                                      ^
/home/m48chen/tt-metal/tt_metal/hw/inc/accessor/tensor_accessor_args.h:65:52: error: non-constant condition for static assertion
   65 |     static_assert(!is_sharded || num_banks_is_crta || NumBanksCT > 0, "Number of banks must be greater than 0!");
      |                   ~~~~~~~~~~~~~~~~~~~~~~~~~~~~~~~~~^~~~~~~~~~~~~~~~~
/home/m48chen/tt-metal/tt_metal/hw/inc/compile_time_args.h: In instantiation of 'constexpr uint32_t get_ct_arg() [with long unsigned int Idx = 4; uint32_t = long unsigned int]':
/home/m48chen/tt-metal/tt_metal/hw/inc/accessor/helpers.h:17:16:   required by substitution of 'template<template<long unsigned int ...<anonymous> > class Wrapper, unsigned int BASE_IDX, unsigned int ...Is> constexpr Wrapper<(get_ct_arg<BASE_IDX + Is>)()...> tensor_accessor::detail::make_struct_from_sequence_wrapper(std::index_sequence<_Idx ...>) [with Wrapper = tensor_accessor::ArrayStaticWrapperU32; unsigned int BASE_IDX = 4; unsigned int ...Is = {0, 1}]'
   62 | #define get_compile_time_arg_val(arg_idx) get_ct_arg<arg_idx>()
      |                                           ~~~~~~~~~~~~~~~~~~~^~
/home/m48chen/tt-metal/tt_metal/hw/inc/accessor/helpers.h:21:62:   required by substitution of 'template<template<long unsigned int ...<anonymous> > class Wrapper, unsigned int base, long unsigned int rank> using tensor_accessor::detail::struct_cta_sequence_wrapper_t = decltype (make_struct_from_sequence_wrapper<template<long unsigned int ...<anonymous> > class Wrapper, base>(std::make_index_sequence<rank>{})) [with Wrapper = tensor_accessor::ArrayStaticWrapperU32; unsigned int base = 4; long unsigned int rank = 2]'
   21 |     decltype(make_struct_from_sequence_wrapper<Wrapper, base>(std::make_index_sequence<rank>{}));
      |              ~~~~~~~~~~~~~~~~~~~~~~~~~~~~~~~~~~~~~~~~~~~~~~~~^~~~~~~~~~~~~~~~~~~~~~~~~~~~~~~~~~
/home/m48chen/tt-metal/tt_metal/hw/inc/accessor/array_wrapper.h:82:11:   required from 'struct tensor_accessor::ArrayWrapperTypeSelectorU32<true, 4, 2>'
   82 |     using type = detail::struct_cta_sequence_wrapper_t<ArrayStaticWrapperU32, StartIdx, Size>;
      |           ^~~~
/home/m48chen/tt-metal/tt_metal/hw/inc/accessor/tensor_accessor.h:380:1:   required by substitution of 'template<unsigned int CTA_OFFSET, unsigned int CRTA_OFFSET> TensorAccessor(const TensorAccessorArgs<CTA_OFFSET, CRTA_OFFSET>&, size_t, uint32_t) -> TensorAccessor<tensor_accessor::DistributionSpec<TensorAccessorArgs<CTA_OFFSET, CRTA_OFFSET>::RankCT, TensorAccessorArgs<CTA_OFFSET, CRTA_OFFSET>::NumBanksCT, typename tensor_accessor::ArrayWrapperTypeSelectorU32<(! TensorAccessorArgs<CTA_OFFSET, CRTA_OFFSET>::tensor_shape_is_crta), TensorAccessorArgs<CTA_OFFSET, CRTA_OFFSET>::TensorShapeCTAOffset, TensorAccessorArgs<CTA_OFFSET, CRTA_OFFSET>::RankCT>::type, typename tensor_accessor::ArrayWrapperTypeSelectorU32<(! TensorAccessorArgs<CTA_OFFSET, CRTA_OFFSET>::shard_shape_is_crta), TensorAccessorArgs<CTA_OFFSET, CRTA_OFFSET>::ShardShapeCTAOffset, TensorAccessorArgs<CTA_OFFSET, CRTA_OFFSET>::RankCT>::type, typename tensor_accessor::ArrayWrapperTypeSelectorPackedU16<(! TensorAccessorArgs<CTA_OFFSET, CRTA_OFFSET>::bank_coords_is_crta), TensorAccessorArgs<CTA_OFFSET, CRTA_OFFSET>::BankCoordsCTAOffset, TensorAccessorArgs<CTA_OFFSET, CRTA_OFFSET>::NumBanksCT>::type, (! TensorAccessorArgs<CTA_OFFSET, CRTA_OFFSET>::is_sharded), TensorAccessorArgs<CTA_OFFSET, CRTA_OFFSET>::is_dram> > [with unsigned int CTA_OFFSET = 1; unsigned int CRTA_OFFSET = 4294967295]'
  380 | TensorAccessor(const TensorAccessorArgs<CTA_OFFSET, CRTA_OFFSET>& args, size_t, uint32_t)
      | ^~~~~~~~~~~~~~
/home/m48chen/tt-metal/tt_metal/programming_examples/diode_equation_single_core_v2_generated/kernels/dataflow/reader_binary_1_tile.cpp:23:100:   required from here
   23 |         TensorAccessor(interleaved_accessor_args, voltage_buffer_addr, voltage_data_tile_size_bytes);
      |                                                                                                    ^
/home/m48chen/tt-metal/tt_metal/hw/inc/compile_time_args.h:25:23: error: static assertion failed: Index out of range
   25 |     static_assert(Idx < kernel_compile_time_args.size(), "Index out of range");
      |                   ~~~~^~~~~~~~~~~~~~~~~~~~~~~~~~~~~~~~~
/home/m48chen/tt-metal/tt_metal/hw/inc/compile_time_args.h:25:23: note: the comparison reduces to '(4 < 3)'
/home/m48chen/tt-metal/tt_metal/hw/inc/compile_time_args.h: In instantiation of 'constexpr uint32_t get_ct_arg() [with long unsigned int Idx = 5; uint32_t = long unsigned int]':
/home/m48chen/tt-metal/tt_metal/hw/inc/accessor/helpers.h:17:16:   required by substitution of 'template<template<long unsigned int ...<anonymous> > class Wrapper, unsigned int BASE_IDX, unsigned int ...Is> constexpr Wrapper<(get_ct_arg<BASE_IDX + Is>)()...> tensor_accessor::detail::make_struct_from_sequence_wrapper(std::index_sequence<_Idx ...>) [with Wrapper = tensor_accessor::ArrayStaticWrapperU32; unsigned int BASE_IDX = 4; unsigned int ...Is = {0, 1}]'
   62 | #define get_compile_time_arg_val(arg_idx) get_ct_arg<arg_idx>()
      |                                           ~~~~~~~~~~~~~~~~~~~^~
/home/m48chen/tt-metal/tt_metal/hw/inc/accessor/helpers.h:21:62:   required by substitution of 'template<template<long unsigned int ...<anonymous> > class Wrapper, unsigned int base, long unsigned int rank> using tensor_accessor::detail::struct_cta_sequence_wrapper_t = decltype (make_struct_from_sequence_wrapper<template<long unsigned int ...<anonymous> > class Wrapper, base>(std::make_index_sequence<rank>{})) [with Wrapper = tensor_accessor::ArrayStaticWrapperU32; unsigned int base = 4; long unsigned int rank = 2]'
   21 |     decltype(make_struct_from_sequence_wrapper<Wrapper, base>(std::make_index_sequence<rank>{}));
      |              ~~~~~~~~~~~~~~~~~~~~~~~~~~~~~~~~~~~~~~~~~~~~~~~~^~~~~~~~~~~~~~~~~~~~~~~~~~~~~~~~~~
/home/m48chen/tt-metal/tt_metal/hw/inc/accessor/array_wrapper.h:82:11:   required from 'struct tensor_accessor::ArrayWrapperTypeSelectorU32<true, 4, 2>'
   82 |     using type = detail::struct_cta_sequence_wrapper_t<ArrayStaticWrapperU32, StartIdx, Size>;
      |           ^~~~
/home/m48chen/tt-metal/tt_metal/hw/inc/accessor/tensor_accessor.h:380:1:   required by substitution of 'template<unsigned int CTA_OFFSET, unsigned int CRTA_OFFSET> TensorAccessor(const TensorAccessorArgs<CTA_OFFSET, CRTA_OFFSET>&, size_t, uint32_t) -> TensorAccessor<tensor_accessor::DistributionSpec<TensorAccessorArgs<CTA_OFFSET, CRTA_OFFSET>::RankCT, TensorAccessorArgs<CTA_OFFSET, CRTA_OFFSET>::NumBanksCT, typename tensor_accessor::ArrayWrapperTypeSelectorU32<(! TensorAccessorArgs<CTA_OFFSET, CRTA_OFFSET>::tensor_shape_is_crta), TensorAccessorArgs<CTA_OFFSET, CRTA_OFFSET>::TensorShapeCTAOffset, TensorAccessorArgs<CTA_OFFSET, CRTA_OFFSET>::RankCT>::type, typename tensor_accessor::ArrayWrapperTypeSelectorU32<(! TensorAccessorArgs<CTA_OFFSET, CRTA_OFFSET>::shard_shape_is_crta), TensorAccessorArgs<CTA_OFFSET, CRTA_OFFSET>::ShardShapeCTAOffset, TensorAccessorArgs<CTA_OFFSET, CRTA_OFFSET>::RankCT>::type, typename tensor_accessor::ArrayWrapperTypeSelectorPackedU16<(! TensorAccessorArgs<CTA_OFFSET, CRTA_OFFSET>::bank_coords_is_crta), TensorAccessorArgs<CTA_OFFSET, CRTA_OFFSET>::BankCoordsCTAOffset, TensorAccessorArgs<CTA_OFFSET, CRTA_OFFSET>::NumBanksCT>::type, (! TensorAccessorArgs<CTA_OFFSET, CRTA_OFFSET>::is_sharded), TensorAccessorArgs<CTA_OFFSET, CRTA_OFFSET>::is_dram> > [with unsigned int CTA_OFFSET = 1; unsigned int CRTA_OFFSET = 4294967295]'
  380 | TensorAccessor(const TensorAccessorArgs<CTA_OFFSET, CRTA_OFFSET>& args, size_t, uint32_t)
      | ^~~~~~~~~~~~~~
/home/m48chen/tt-metal/tt_metal/programming_examples/diode_equation_single_core_v2_generated/kernels/dataflow/reader_binary_1_tile.cpp:23:100:   required from here
   23 |         TensorAccessor(interleaved_accessor_args, voltage_buffer_addr, voltage_data_tile_size_bytes);
      |                                                                                                    ^
/home/m48chen/tt-metal/tt_metal/hw/inc/compile_time_args.h:25:23: error: static assertion failed: Index out of range
   25 |     static_assert(Idx < kernel_compile_time_args.size(), "Index out of range");
      |                   ~~~~^~~~~~~~~~~~~~~~~~~~~~~~~~~~~~~~~
/home/m48chen/tt-metal/tt_metal/hw/inc/compile_time_args.h:25:23: note: the comparison reduces to '(5 < 3)'
In file included from /home/m48chen/tt-metal/tt_metal/hw/inc/accessor/array_wrapper.h:11,
                 from /home/m48chen/tt-metal/tt_metal/hw/inc/accessor/tensor_accessor.h:9:
/home/m48chen/tt-metal/tt_metal/hw/inc/accessor/helpers.h: In substitution of 'template<template<long unsigned int ...<anonymous> > class Wrapper, unsigned int base, long unsigned int rank> using tensor_accessor::detail::struct_cta_sequence_wrapper_t = decltype (make_struct_from_sequence_wrapper<template<long unsigned int ...<anonymous> > class Wrapper, base>(std::make_index_sequence<rank>{})) [with Wrapper = tensor_accessor::ArrayStaticWrapperU32; unsigned int base = 4; long unsigned int rank = 2]':
/home/m48chen/tt-metal/tt_metal/hw/inc/accessor/array_wrapper.h:82:11:   required from 'struct tensor_accessor::ArrayWrapperTypeSelectorU32<true, 4, 2>'
   82 |     using type = detail::struct_cta_sequence_wrapper_t<ArrayStaticWrapperU32, StartIdx, Size>;
      |           ^~~~
/home/m48chen/tt-metal/tt_metal/hw/inc/accessor/tensor_accessor.h:380:1:   required by substitution of 'template<unsigned int CTA_OFFSET, unsigned int CRTA_OFFSET> TensorAccessor(const TensorAccessorArgs<CTA_OFFSET, CRTA_OFFSET>&, size_t, uint32_t) -> TensorAccessor<tensor_accessor::DistributionSpec<TensorAccessorArgs<CTA_OFFSET, CRTA_OFFSET>::RankCT, TensorAccessorArgs<CTA_OFFSET, CRTA_OFFSET>::NumBanksCT, typename tensor_accessor::ArrayWrapperTypeSelectorU32<(! TensorAccessorArgs<CTA_OFFSET, CRTA_OFFSET>::tensor_shape_is_crta), TensorAccessorArgs<CTA_OFFSET, CRTA_OFFSET>::TensorShapeCTAOffset, TensorAccessorArgs<CTA_OFFSET, CRTA_OFFSET>::RankCT>::type, typename tensor_accessor::ArrayWrapperTypeSelectorU32<(! TensorAccessorArgs<CTA_OFFSET, CRTA_OFFSET>::shard_shape_is_crta), TensorAccessorArgs<CTA_OFFSET, CRTA_OFFSET>::ShardShapeCTAOffset, TensorAccessorArgs<CTA_OFFSET, CRTA_OFFSET>::RankCT>::type, typename tensor_accessor::ArrayWrapperTypeSelectorPackedU16<(! TensorAccessorArgs<CTA_OFFSET, CRTA_OFFSET>::bank_coords_is_crta), TensorAccessorArgs<CTA_OFFSET, CRTA_OFFSET>::BankCoordsCTAOffset, TensorAccessorArgs<CTA_OFFSET, CRTA_OFFSET>::NumBanksCT>::type, (! TensorAccessorArgs<CTA_OFFSET, CRTA_OFFSET>::is_sharded), TensorAccessorArgs<CTA_OFFSET, CRTA_OFFSET>::is_dram> > [with unsigned int CTA_OFFSET = 1; unsigned int CRTA_OFFSET = 4294967295]'
  380 | TensorAccessor(const TensorAccessorArgs<CTA_OFFSET, CRTA_OFFSET>& args, size_t, uint32_t)
      | ^~~~~~~~~~~~~~
/home/m48chen/tt-metal/tt_metal/programming_examples/diode_equation_single_core_v2_generated/kernels/dataflow/reader_binary_1_tile.cpp:23:100:   required from here
   23 |         TensorAccessor(interleaved_accessor_args, voltage_buffer_addr, voltage_data_tile_size_bytes);
      |                                                                                                    ^
/home/m48chen/tt-metal/tt_metal/hw/inc/accessor/helpers.h:21:62: error: no matching function for call to 'make_struct_from_sequence_wrapper<template<long unsigned int ...Elements> using tensor_accessor::ArrayStaticWrapperU32 = tensor_accessor::ArrayStaticWrapper<long unsigned int, Elements ...>, 4>(std::make_index_sequence<2>)'
   21 |     decltype(make_struct_from_sequence_wrapper<Wrapper, base>(std::make_index_sequence<rank>{}));
      |              ~~~~~~~~~~~~~~~~~~~~~~~~~~~~~~~~~~~~~~~~~~~~~~~~^~~~~~~~~~~~~~~~~~~~~~~~~~~~~~~~~~
/home/m48chen/tt-metal/tt_metal/hw/inc/accessor/helpers.h:21:62: note: there is 1 candidate
/home/m48chen/tt-metal/tt_metal/hw/inc/accessor/helpers.h:16:16: note: candidate 1: 'template<template<long unsigned int ...<anonymous> > class Wrapper, unsigned int BASE_IDX, unsigned int ...Is> constexpr Wrapper<(get_ct_arg<BASE_IDX + Is>)()...> tensor_accessor::detail::make_struct_from_sequence_wrapper(std::index_sequence<_Idx ...>)'
   16 | constexpr auto make_struct_from_sequence_wrapper(std::index_sequence<Is...>)
      |                ^~~~~~~~~~~~~~~~~~~~~~~~~~~~~~~~~
/home/m48chen/tt-metal/tt_metal/hw/inc/accessor/helpers.h:16:16: note: substitution of deduced template arguments resulted in errors seen above
In file included from ../kernel_includes.hpp:1,
                 from /home/m48chen/tt-metal/tt_metal/hw/firmware/src/tt-1xx/ncrisck.cc:22:
/home/m48chen/tt-metal/tt_metal/programming_examples/diode_equation_single_core_v2_generated/kernels/dataflow/reader_binary_1_tile.cpp: In function 'void kernel_main()':
/home/m48chen/tt-metal/tt_metal/programming_examples/diode_equation_single_core_v2_generated/kernels/dataflow/reader_binary_1_tile.cpp:23:100: error: class template argument deduction failed:
   23 |         TensorAccessor(interleaved_accessor_args, voltage_buffer_addr, voltage_data_tile_size_bytes);
      |                                                                                                    ^
/home/m48chen/tt-metal/tt_metal/programming_examples/diode_equation_single_core_v2_generated/kernels/dataflow/reader_binary_1_tile.cpp:23:100: error: no matching function for call to 'TensorAccessor(const TensorAccessorArgs<1>&, const uint32_t&, const uint32_t&)'
/home/m48chen/tt-metal/tt_metal/programming_examples/diode_equation_single_core_v2_generated/kernels/dataflow/reader_binary_1_tile.cpp:23:100: note: there are 6 candidates
/home/m48chen/tt-metal/tt_metal/hw/inc/accessor/tensor_accessor.h:74:5: note: candidate 1: 'template<class DSpecT, unsigned int CTA_OFFSET, unsigned int CRTA_OFFSET> TensorAccessor(const TensorAccessorArgs<CTA_OFFSET, CRTA_OFFSET>&, size_t, uint32_t) -> TensorAccessor<DSpecT>'
   74 |     TensorAccessor(
      |     ^~~~~~~~~~~~~~
/home/m48chen/tt-metal/tt_metal/hw/inc/accessor/tensor_accessor.h:74:5: note: template argument deduction/substitution failed:
/home/m48chen/tt-metal/tt_metal/programming_examples/diode_equation_single_core_v2_generated/kernels/dataflow/reader_binary_1_tile.cpp:23:100: note:   couldn't deduce template parameter 'DSpecT'
   23 |         TensorAccessor(interleaved_accessor_args, voltage_buffer_addr, voltage_data_tile_size_bytes);
      |                                                                                                    ^
/home/m48chen/tt-metal/tt_metal/hw/inc/accessor/tensor_accessor.h:70:5: note: candidate 2: 'template<class DSpecT, class DSpec_, typename std::enable_if<DSpec_::is_static, int>::type <anonymous> > TensorAccessor(size_t, uint32_t) -> TensorAccessor<DSpecT>'
   70 |     TensorAccessor(const size_t bank_base_address_in = 0, uint32_t page_size_in = 0) :
      |     ^~~~~~~~~~~~~~
/home/m48chen/tt-metal/tt_metal/hw/inc/accessor/tensor_accessor.h:70:5: note: candidate expects 2 arguments, 3 provided
/home/m48chen/tt-metal/tt_metal/hw/inc/accessor/tensor_accessor.h:65:24: note: candidate 3: 'template<class DSpecT, class DSpec_, typename std::enable_if<is_same_v<typename std::decay<_Tp2>::type, DSpecT>, int>::type <anonymous> > TensorAccessor(DSpec_&&, size_t, uint32_t) -> TensorAccessor<DSpecT>'
   65 |     constexpr explicit TensorAccessor(
      |                        ^~~~~~~~~~~~~~
/home/m48chen/tt-metal/tt_metal/hw/inc/accessor/tensor_accessor.h:65:24: note: template argument deduction/substitution failed:
/home/m48chen/tt-metal/tt_metal/programming_examples/diode_equation_single_core_v2_generated/kernels/dataflow/reader_binary_1_tile.cpp:23:100: note:   couldn't deduce template parameter 'DSpecT'
   23 |         TensorAccessor(interleaved_accessor_args, voltage_buffer_addr, voltage_data_tile_size_bytes);
      |                                                                                                    ^
/home/m48chen/tt-metal/tt_metal/hw/inc/accessor/tensor_accessor.h:51:8: note: candidate 4: 'template<class DSpecT> TensorAccessor(TensorAccessor<DSpecT>) -> TensorAccessor<DSpecT>'
   51 | struct TensorAccessor {
      |        ^~~~~~~~~~~~~~
/home/m48chen/tt-metal/tt_metal/hw/inc/accessor/tensor_accessor.h:51:8: note: candidate expects 1 argument, 3 provided
/home/m48chen/tt-metal/tt_metal/hw/inc/accessor/tensor_accessor.h:410:1: note: candidate 5: 'template<long unsigned int RankCT, long unsigned int NumBanksCT, class TensorShapeWrapper, class ShardShapeWrapper, class BankCoordsWrapper, bool IsInterleaved, bool IsDram> TensorAccessor(tensor_accessor::DistributionSpec<RankCT, NumBanksCT, TensorShapeWrapper, ShardShapeWrapper, BankCoordsWrapper, IsInterleaved, IsDram>, size_t, uint32_t) -> TensorAccessor<tensor_accessor::DistributionSpec<RankCT, NumBanksCT, TensorShapeWrapper, ShardShapeWrapper, BankCoordsWrapper, IsInterleaved, IsDram> >'
  410 | TensorAccessor(
      | ^~~~~~~~~~~~~~
/home/m48chen/tt-metal/tt_metal/hw/inc/accessor/tensor_accessor.h:410:1: note: template argument deduction/substitution failed:
/home/m48chen/tt-metal/tt_metal/programming_examples/diode_equation_single_core_v2_generated/kernels/dataflow/reader_binary_1_tile.cpp:23:100: note:   'TensorAccessorArgs<1>' is not derived from 'tensor_accessor::DistributionSpec<RankCT, NumBanksCT, TensorShapeWrapper, ShardShapeWrapper, BankCoordsWrapper, IsInterleaved, IsDram>'
   23 |         TensorAccessor(interleaved_accessor_args, voltage_buffer_addr, voltage_data_tile_size_bytes);
      |                                                                                                    ^
/home/m48chen/tt-metal/tt_metal/hw/inc/accessor/tensor_accessor.h:380:1: note: candidate 6: 'template<unsigned int CTA_OFFSET, unsigned int CRTA_OFFSET> TensorAccessor(const TensorAccessorArgs<CTA_OFFSET, CRTA_OFFSET>&, size_t, uint32_t) -> TensorAccessor<tensor_accessor::DistributionSpec<TensorAccessorArgs<CTA_OFFSET, CRTA_OFFSET>::RankCT, TensorAccessorArgs<CTA_OFFSET, CRTA_OFFSET>::NumBanksCT, typename tensor_accessor::ArrayWrapperTypeSelectorU32<(! TensorAccessorArgs<CTA_OFFSET, CRTA_OFFSET>::tensor_shape_is_crta), TensorAccessorArgs<CTA_OFFSET, CRTA_OFFSET>::TensorShapeCTAOffset, TensorAccessorArgs<CTA_OFFSET, CRTA_OFFSET>::RankCT>::type, typename tensor_accessor::ArrayWrapperTypeSelectorU32<(! TensorAccessorArgs<CTA_OFFSET, CRTA_OFFSET>::shard_shape_is_crta), TensorAccessorArgs<CTA_OFFSET, CRTA_OFFSET>::ShardShapeCTAOffset, TensorAccessorArgs<CTA_OFFSET, CRTA_OFFSET>::RankCT>::type, typename tensor_accessor::ArrayWrapperTypeSelectorPackedU16<(! TensorAccessorArgs<CTA_OFFSET, CRTA_OFFSET>::bank_coords_is_crta), TensorAccessorArgs<CTA_OFFSET, CRTA_OFFSET>::BankCoordsCTAOffset, TensorAccessorArgs<CTA_OFFSET, CRTA_OFFSET>::NumBanksCT>::type, (! TensorAccessorArgs<CTA_OFFSET, CRTA_OFFSET>::is_sharded), TensorAccessorArgs<CTA_OFFSET, CRTA_OFFSET>::is_dram> >'
  380 | TensorAccessor(const TensorAccessorArgs<CTA_OFFSET, CRTA_OFFSET>& args, size_t, uint32_t)
      | ^~~~~~~~~~~~~~
/home/m48chen/tt-metal/tt_metal/hw/inc/accessor/tensor_accessor.h:380:1: note: template argument deduction/substitution failed:
/home/m48chen/tt-metal/tt_metal/programming_examples/diode_equation_single_core_v2_generated/kernels/dataflow/reader_binary_1_tile.cpp:25:90: error: class template argument deduction failed:
   25 |         TensorAccessor(interleaved_accessor_args, vj_buffer_addr, vj_data_tile_size_bytes);
      |                                                                                          ^
/home/m48chen/tt-metal/tt_metal/programming_examples/diode_equation_single_core_v2_generated/kernels/dataflow/reader_binary_1_tile.cpp:25:90: error: no matching function for call to 'TensorAccessor(const TensorAccessorArgs<1>&, const uint32_t&, const uint32_t&)'
/home/m48chen/tt-metal/tt_metal/programming_examples/diode_equation_single_core_v2_generated/kernels/dataflow/reader_binary_1_tile.cpp:25:90: note: there are 6 candidates
/home/m48chen/tt-metal/tt_metal/hw/inc/accessor/tensor_accessor.h:74:5: note: candidate 1: 'template<class DSpecT, unsigned int CTA_OFFSET, unsigned int CRTA_OFFSET> TensorAccessor(const TensorAccessorArgs<CTA_OFFSET, CRTA_OFFSET>&, size_t, uint32_t) -> TensorAccessor<DSpecT>'
   74 |     TensorAccessor(
      |     ^~~~~~~~~~~~~~
/home/m48chen/tt-metal/tt_metal/hw/inc/accessor/tensor_accessor.h:74:5: note: template argument deduction/substitution failed:
/home/m48chen/tt-metal/tt_metal/programming_examples/diode_equation_single_core_v2_generated/kernels/dataflow/reader_binary_1_tile.cpp:25:90: note:   couldn't deduce template parameter 'DSpecT'
   25 |         TensorAccessor(interleaved_accessor_args, vj_buffer_addr, vj_data_tile_size_bytes);
      |                                                                                          ^
/home/m48chen/tt-metal/tt_metal/hw/inc/accessor/tensor_accessor.h:70:5: note: candidate 2: 'template<class DSpecT, class DSpec_, typename std::enable_if<DSpec_::is_static, int>::type <anonymous> > TensorAccessor(size_t, uint32_t) -> TensorAccessor<DSpecT>'
   70 |     TensorAccessor(const size_t bank_base_address_in = 0, uint32_t page_size_in = 0) :
      |     ^~~~~~~~~~~~~~
/home/m48chen/tt-metal/tt_metal/hw/inc/accessor/tensor_accessor.h:70:5: note: candidate expects 2 arguments, 3 provided
/home/m48chen/tt-metal/tt_metal/hw/inc/accessor/tensor_accessor.h:65:24: note: candidate 3: 'template<class DSpecT, class DSpec_, typename std::enable_if<is_same_v<typename std::decay<_Tp2>::type, DSpecT>, int>::type <anonymous> > TensorAccessor(DSpec_&&, size_t, uint32_t) -> TensorAccessor<DSpecT>'
   65 |     constexpr explicit TensorAccessor(
      |                        ^~~~~~~~~~~~~~
/home/m48chen/tt-metal/tt_metal/hw/inc/accessor/tensor_accessor.h:65:24: note: template argument deduction/substitution failed:
/home/m48chen/tt-metal/tt_metal/programming_examples/diode_equation_single_core_v2_generated/kernels/dataflow/reader_binary_1_tile.cpp:25:90: note:   couldn't deduce template parameter 'DSpecT'
   25 |         TensorAccessor(interleaved_accessor_args, vj_buffer_addr, vj_data_tile_size_bytes);
      |                                                                                          ^
/home/m48chen/tt-metal/tt_metal/hw/inc/accessor/tensor_accessor.h:51:8: note: candidate 4: 'template<class DSpecT> TensorAccessor(TensorAccessor<DSpecT>) -> TensorAccessor<DSpecT>'
   51 | struct TensorAccessor {
      |        ^~~~~~~~~~~~~~
/home/m48chen/tt-metal/tt_metal/hw/inc/accessor/tensor_accessor.h:51:8: note: candidate expects 1 argument, 3 provided
/home/m48chen/tt-metal/tt_metal/hw/inc/accessor/tensor_accessor.h:410:1: note: candidate 5: 'template<long unsigned int RankCT, long unsigned int NumBanksCT, class TensorShapeWrapper, class ShardShapeWrapper, class BankCoordsWrapper, bool IsInterleaved, bool IsDram> TensorAccessor(tensor_accessor::DistributionSpec<RankCT, NumBanksCT, TensorShapeWrapper, ShardShapeWrapper, BankCoordsWrapper, IsInterleaved, IsDram>, size_t, uint32_t) -> TensorAccessor<tensor_accessor::DistributionSpec<RankCT, NumBanksCT, TensorShapeWrapper, ShardShapeWrapper, BankCoordsWrapper, IsInterleaved, IsDram> >'
  410 | TensorAccessor(
      | ^~~~~~~~~~~~~~
/home/m48chen/tt-metal/tt_metal/hw/inc/accessor/tensor_accessor.h:410:1: note: template argument deduction/substitution failed:
/home/m48chen/tt-metal/tt_metal/programming_examples/diode_equation_single_core_v2_generated/kernels/dataflow/reader_binary_1_tile.cpp:25:90: note:   'TensorAccessorArgs<1>' is not derived from 'tensor_accessor::DistributionSpec<RankCT, NumBanksCT, TensorShapeWrapper, ShardShapeWrapper, BankCoordsWrapper, IsInterleaved, IsDram>'
   25 |         TensorAccessor(interleaved_accessor_args, vj_buffer_addr, vj_data_tile_size_bytes);
      |                                                                                          ^
/home/m48chen/tt-metal/tt_metal/hw/inc/accessor/tensor_accessor.h:380:1: note: candidate 6: 'template<unsigned int CTA_OFFSET, unsigned int CRTA_OFFSET> TensorAccessor(const TensorAccessorArgs<CTA_OFFSET, CRTA_OFFSET>&, size_t, uint32_t) -> TensorAccessor<tensor_accessor::DistributionSpec<TensorAccessorArgs<CTA_OFFSET, CRTA_OFFSET>::RankCT, TensorAccessorArgs<CTA_OFFSET, CRTA_OFFSET>::NumBanksCT, typename tensor_accessor::ArrayWrapperTypeSelectorU32<(! TensorAccessorArgs<CTA_OFFSET, CRTA_OFFSET>::tensor_shape_is_crta), TensorAccessorArgs<CTA_OFFSET, CRTA_OFFSET>::TensorShapeCTAOffset, TensorAccessorArgs<CTA_OFFSET, CRTA_OFFSET>::RankCT>::type, typename tensor_accessor::ArrayWrapperTypeSelectorU32<(! TensorAccessorArgs<CTA_OFFSET, CRTA_OFFSET>::shard_shape_is_crta), TensorAccessorArgs<CTA_OFFSET, CRTA_OFFSET>::ShardShapeCTAOffset, TensorAccessorArgs<CTA_OFFSET, CRTA_OFFSET>::RankCT>::type, typename tensor_accessor::ArrayWrapperTypeSelectorPackedU16<(! TensorAccessorArgs<CTA_OFFSET, CRTA_OFFSET>::bank_coords_is_crta), TensorAccessorArgs<CTA_OFFSET, CRTA_OFFSET>::BankCoordsCTAOffset, TensorAccessorArgs<CTA_OFFSET, CRTA_OFFSET>::NumBanksCT>::type, (! TensorAccessorArgs<CTA_OFFSET, CRTA_OFFSET>::is_sharded), TensorAccessorArgs<CTA_OFFSET, CRTA_OFFSET>::is_dram> >'
  380 | TensorAccessor(const TensorAccessorArgs<CTA_OFFSET, CRTA_OFFSET>& args, size_t, uint32_t)
      | ^~~~~~~~~~~~~~
/home/m48chen/tt-metal/tt_metal/hw/inc/accessor/tensor_accessor.h:380:1: note: template argument deduction/substitution failed:

backtrace:
 --- /home/m48chen/tt-metal/build_Release/tt_metal/libtt_metal.so(+0x3a0409) [0x7ca725c64409]
 --- /home/m48chen/tt-metal/build_Release/tt_metal/libtt_metal.so(+0x54c45f) [0x7ca725e1045f]
 --- tt::tt_metal::JitBuildState::compile_one(std::__cxx11::basic_string<char, std::char_traits<char>, std::allocator<char> > const&, tt::tt_metal::JitBuildSettings const*, std::__cxx11::basic_string<char, std::char_traits<char>, std::allocator<char> > const&, std::__cxx11::basic_string<char, std::char_traits<char>, std::allocator<char> > const&) const
 --- /home/m48chen/tt-metal/build_Release/tt_metal/libtt_metal.so(+0x5526b4) [0x7ca725e166b4]
 --- /home/m48chen/tt-metal/build_Release/tt_metal/libtt_metal.so(+0x552642) [0x7ca725e16642]
 --- /home/m48chen/tt-metal/build_Release/tt_metal/libtt_metal.so(+0x319927) [0x7ca725bdd927]
 --- /lib/x86_64-linux-gnu/libc.so.6(+0x99ee8) [0x7ca724e99ee8]
 --- /home/m48chen/tt-metal/build_Release/tt_metal/libtt_metal.so(+0x3198a2) [0x7ca725bdd8a2]
 --- /home/m48chen/tt-metal/build_Release/tt_metal/libtt_metal.so(+0x5523c1) [0x7ca725e163c1]
 --- /home/m48chen/tt-metal/build_Release/tt_metal/libtt_metal.so(+0x31d835) [0x7ca725be1835]
 --- /home/m48chen/tt-metal/build_Release/tt_metal/libtt_metal.so(+0x31c49e) [0x7ca725be049e]
 --- /home/m48chen/tt-metal/build_Release/tt_metal/libtt_metal.so(+0x31b8a8) [0x7ca725bdf8a8]
 --- /lib/x86_64-linux-gnu/libstdc++.so.6(+0xdc253) [0x7ca7252dc253]
 --- /lib/x86_64-linux-gnu/libc.so.6(+0x94ac3) [0x7ca724e94ac3]
 --- /lib/x86_64-linux-gnu/libc.so.6(+0x1268c0) [0x7ca724f268c0]
 (assert.hpp:103)
2025-11-23 13:00:17.888 | error    |    BuildKernels | trisc2 compile failure -- cmd: cd /home/m48chen/.cache/tt-metal-cache/2889bb5ce3/11358605694596585868/kernels/diode_equation/6409767981030184677/trisc2/ && /home/m48chen/tt-metal/runtime/sfpi/compiler/bin/riscv-tt-elf-g++ -O3 -std=c++17 -flto=auto -ffast-math -fno-exceptions -g -MMD -fno-use-cxa-atexit -Wall -Werror -Wno-unknown-pragmas -Wno-deprecated-declarations -Wno-error=multistatement-macros -Wno-error=parentheses -Wno-error=unused-but-set-variable -Wno-unused-variable -Wno-unused-function -mcpu=tt-wh-tensix -I. -I.. -I/home/m48chen/tt-metal/ -I/home/m48chen/tt-metal/ttnn -I/home/m48chen/tt-metal/ttnn/cpp -I/home/m48chen/tt-metal/tt_metal -I/home/m48chen/tt-metal/tt_metal/include -I/home/m48chen/tt-metal/tt_metal/hw/inc -I/home/m48chen/tt-metal/tt_metal/hostdevcommon/api -I/home/m48chen/tt-metal/tt_metal/hw/inc/debug -I/home/m48chen/tt-metal/tt_metal/api/ -I/home/m48chen/tt-metal/tt_metal/api/tt-metalium/ -I/home/m48chen/tt-metal/runtime/sfpi/include -I/home/m48chen/tt-metal/tt_metal/hw/ckernels/wormhole_b0/metal/common -I/home/m48chen/tt-metal/tt_metal/hw/ckernels/wormhole_b0/metal/llk_io -I/home/m48chen/tt-metal/tt_metal/hw/inc/tt-1xx -I/home/m48chen/tt-metal/tt_metal/hw/inc/tt-1xx/wormhole -I/home/m48chen/tt-metal/tt_metal/hw/inc/tt-1xx/wormhole/wormhole_b0_defines -I/home/m48chen/tt-metal/tt_metal/hw/inc/tt-1xx/wormhole/noc -I/home/m48chen/tt-metal/tt_metal/lite_fabric/hw/inc/wormhole -I/home/m48chen/tt-metal/tt_metal/third_party/tt_llk/tt_llk_wormhole_b0/common/inc -I/home/m48chen/tt-metal/tt_metal/third_party/tt_llk/tt_llk_wormhole_b0/llk_lib -I/home/m48chen/tt-metal/tt_metal/hw/ckernels/wormhole_b0/metal/llk_api -I/home/m48chen/tt-metal/tt_metal/hw/ckernels/wormhole_b0/metal/llk_api/llk_sfpu -I/home/m48chen/tt-metal/tt_metal/hw/firmware/src/tt-1xx -c -o trisck.o /home/m48chen/tt-metal/tt_metal/hw/firmware/src/tt-1xx/trisck.cc -DIS_NOT_POW2_NUM_DRAM_BANKS=1 -DIS_NOT_POW2_NUM_L1_BANKS=1 -DNUM_DRAM_BANKS=12 -DNUM_L1_BANKS=56 -DPCIE_NOC_X=0 -DPCIE_NOC_Y=3 -DTENSIX_FIRMWARE -DLOCAL_MEM_EN=0 -DROUTING_FW_ENABLED -DPROCESSOR_INDEX=4 -DUCK_CHLKC_PACK -DNAMESPACE=chlkc_pack -DCOMPILE_FOR_TRISC=2 -DARCH_WORMHOLE -DDISPATCH_MESSAGE_ADDR=4290183304 -DKERNEL_BUILD -DKERNEL_COMPILE_TIME_ARGS=0,1,16  (build.cpp:60)
2025-11-23 13:00:17.889 | critical |          Always | TT_THROW: trisc2 build failed. Log: In file included from ../chlkc_pack.cpp:3,
                 from /home/m48chen/tt-metal/tt_metal/hw/ckernels/wormhole_b0/metal/common/chlkc_list.h:29,
                 from /home/m48chen/tt-metal/tt_metal/hw/firmware/src/tt-1xx/trisck.cc:13:
/home/m48chen/tt-metal/tt_metal/programming_examples/diode_equation_single_core_v2_generated/kernels/compute/diode_equation.cpp: In function 'void chlkc_pack::pack_main()':
/home/m48chen/tt-metal/tt_metal/programming_examples/diode_equation_single_core_v2_generated/kernels/compute/diode_equation.cpp:38:5: error: 'sub_unary_tile_init' was not declared in this scope
   38 |     sub_unary_tile_init();
      |     ^~~~~~~~~~~~~~~~~~~
/home/m48chen/tt-metal/tt_metal/programming_examples/diode_equation_single_core_v2_generated/kernels/compute/diode_equation.cpp:39:5: error: 'sub_unary_tile' was not declared in this scope
   39 |     sub_unary_tile(0, 0x3f800000);  // exp(V/vj) - 1 (0x3f800000 is the float representation of 1.0)
      |     ^~~~~~~~~~~~~~
/home/m48chen/tt-metal/tt_metal/programming_examples/diode_equation_single_core_v2_generated/kernels/compute/diode_equation.cpp:41:5: error: 'mul_unary_tile_init' was not declared in this scope
   41 |     mul_unary_tile_init();
      |     ^~~~~~~~~~~~~~~~~~~
/home/m48chen/tt-metal/tt_metal/programming_examples/diode_equation_single_core_v2_generated/kernels/compute/diode_equation.cpp:42:5: error: 'mul_unary_tile' was not declared in this scope
   42 |     mul_unary_tile(0, 0x3f50624d);  // isat * (exp(V/vj) - 1) (using a specific isat value)
      |     ^~~~~~~~~~~~~~
 (assert.hpp:103)
2025-11-23 13:00:17.919 | error    |    BuildKernels | trisc0 compile failure -- cmd: cd /home/m48chen/.cache/tt-metal-cache/2889bb5ce3/11358605694596585868/kernels/diode_equation/6409767981030184677/trisc0/ && /home/m48chen/tt-metal/runtime/sfpi/compiler/bin/riscv-tt-elf-g++ -O3 -std=c++17 -flto=auto -ffast-math -fno-exceptions -g -MMD -fno-use-cxa-atexit -Wall -Werror -Wno-unknown-pragmas -Wno-deprecated-declarations -Wno-error=multistatement-macros -Wno-error=parentheses -Wno-error=unused-but-set-variable -Wno-unused-variable -Wno-unused-function -mcpu=tt-wh-tensix -I. -I.. -I/home/m48chen/tt-metal/ -I/home/m48chen/tt-metal/ttnn -I/home/m48chen/tt-metal/ttnn/cpp -I/home/m48chen/tt-metal/tt_metal -I/home/m48chen/tt-metal/tt_metal/include -I/home/m48chen/tt-metal/tt_metal/hw/inc -I/home/m48chen/tt-metal/tt_metal/hostdevcommon/api -I/home/m48chen/tt-metal/tt_metal/hw/inc/debug -I/home/m48chen/tt-metal/tt_metal/api/ -I/home/m48chen/tt-metal/tt_metal/api/tt-metalium/ -I/home/m48chen/tt-metal/runtime/sfpi/include -I/home/m48chen/tt-metal/tt_metal/hw/ckernels/wormhole_b0/metal/common -I/home/m48chen/tt-metal/tt_metal/hw/ckernels/wormhole_b0/metal/llk_io -I/home/m48chen/tt-metal/tt_metal/hw/inc/tt-1xx -I/home/m48chen/tt-metal/tt_metal/hw/inc/tt-1xx/wormhole -I/home/m48chen/tt-metal/tt_metal/hw/inc/tt-1xx/wormhole/wormhole_b0_defines -I/home/m48chen/tt-metal/tt_metal/hw/inc/tt-1xx/wormhole/noc -I/home/m48chen/tt-metal/tt_metal/lite_fabric/hw/inc/wormhole -I/home/m48chen/tt-metal/tt_metal/third_party/tt_llk/tt_llk_wormhole_b0/common/inc -I/home/m48chen/tt-metal/tt_metal/third_party/tt_llk/tt_llk_wormhole_b0/llk_lib -I/home/m48chen/tt-metal/tt_metal/hw/ckernels/wormhole_b0/metal/llk_api -I/home/m48chen/tt-metal/tt_metal/hw/ckernels/wormhole_b0/metal/llk_api/llk_sfpu -I/home/m48chen/tt-metal/tt_metal/hw/firmware/src/tt-1xx -c -o trisck.o /home/m48chen/tt-metal/tt_metal/hw/firmware/src/tt-1xx/trisck.cc -DIS_NOT_POW2_NUM_DRAM_BANKS=1 -DIS_NOT_POW2_NUM_L1_BANKS=1 -DNUM_DRAM_BANKS=12 -DNUM_L1_BANKS=56 -DPCIE_NOC_X=0 -DPCIE_NOC_Y=3 -DTENSIX_FIRMWARE -DLOCAL_MEM_EN=0 -DROUTING_FW_ENABLED -DPROCESSOR_INDEX=2 -DUCK_CHLKC_UNPACK -DNAMESPACE=chlkc_unpack -DCOMPILE_FOR_TRISC=0 -DARCH_WORMHOLE -DDISPATCH_MESSAGE_ADDR=4290183304 -DKERNEL_BUILD -DKERNEL_COMPILE_TIME_ARGS=0,1,16  (build.cpp:60)
2025-11-23 13:00:17.919 | critical |          Always | TT_THROW: trisc0 build failed. Log: In file included from ../chlkc_unpack.cpp:3,
                 from /home/m48chen/tt-metal/tt_metal/hw/ckernels/wormhole_b0/metal/common/chlkc_list.h:37,
                 from /home/m48chen/tt-metal/tt_metal/hw/firmware/src/tt-1xx/trisck.cc:13:
/home/m48chen/tt-metal/tt_metal/programming_examples/diode_equation_single_core_v2_generated/kernels/compute/diode_equation.cpp: In function 'void chlkc_unpack::unpack_main()':
/home/m48chen/tt-metal/tt_metal/programming_examples/diode_equation_single_core_v2_generated/kernels/compute/diode_equation.cpp:38:5: error: 'sub_unary_tile_init' was not declared in this scope; did you mean 'llk_unpack_tilize_init'?
   38 |     sub_unary_tile_init();
      |     ^~~~~~~~~~~~~~~~~~~
      |     llk_unpack_tilize_init
/home/m48chen/tt-metal/tt_metal/programming_examples/diode_equation_single_core_v2_generated/kernels/compute/diode_equation.cpp:39:5: error: 'sub_unary_tile' was not declared in this scope
   39 |     sub_unary_tile(0, 0x3f800000);  // exp(V/vj) - 1 (0x3f800000 is the float representation of 1.0)
      |     ^~~~~~~~~~~~~~
/home/m48chen/tt-metal/tt_metal/programming_examples/diode_equation_single_core_v2_generated/kernels/compute/diode_equation.cpp:41:5: error: 'mul_unary_tile_init' was not declared in this scope; did you mean 'llk_unpack_tilize_init'?
   41 |     mul_unary_tile_init();
      |     ^~~~~~~~~~~~~~~~~~~
      |     llk_unpack_tilize_init
/home/m48chen/tt-metal/tt_metal/programming_examples/diode_equation_single_core_v2_generated/kernels/compute/diode_equation.cpp:42:5: error: 'mul_unary_tile' was not declared in this scope
   42 |     mul_unary_tile(0, 0x3f50624d);  // isat * (exp(V/vj) - 1) (using a specific isat value)
      |     ^~~~~~~~~~~~~~
 (assert.hpp:103)
2025-11-23 13:00:17.921 | critical |          Always | TT_THROW: Failed to generate binaries for diode_equation TT_THROW @ /home/m48chen/tt-metal/tt_metal/jit_build/build.cpp:64: tt::exception
info:
trisc0 build failed. Log: In file included from ../chlkc_unpack.cpp:3,
                 from /home/m48chen/tt-metal/tt_metal/hw/ckernels/wormhole_b0/metal/common/chlkc_list.h:37,
                 from /home/m48chen/tt-metal/tt_metal/hw/firmware/src/tt-1xx/trisck.cc:13:
/home/m48chen/tt-metal/tt_metal/programming_examples/diode_equation_single_core_v2_generated/kernels/compute/diode_equation.cpp: In function 'void chlkc_unpack::unpack_main()':
/home/m48chen/tt-metal/tt_metal/programming_examples/diode_equation_single_core_v2_generated/kernels/compute/diode_equation.cpp:38:5: error: 'sub_unary_tile_init' was not declared in this scope; did you mean 'llk_unpack_tilize_init'?
   38 |     sub_unary_tile_init();
      |     ^~~~~~~~~~~~~~~~~~~
      |     llk_unpack_tilize_init
/home/m48chen/tt-metal/tt_metal/programming_examples/diode_equation_single_core_v2_generated/kernels/compute/diode_equation.cpp:39:5: error: 'sub_unary_tile' was not declared in this scope
   39 |     sub_unary_tile(0, 0x3f800000);  // exp(V/vj) - 1 (0x3f800000 is the float representation of 1.0)
      |     ^~~~~~~~~~~~~~
/home/m48chen/tt-metal/tt_metal/programming_examples/diode_equation_single_core_v2_generated/kernels/compute/diode_equation.cpp:41:5: error: 'mul_unary_tile_init' was not declared in this scope; did you mean 'llk_unpack_tilize_init'?
   41 |     mul_unary_tile_init();
      |     ^~~~~~~~~~~~~~~~~~~
      |     llk_unpack_tilize_init
/home/m48chen/tt-metal/tt_metal/programming_examples/diode_equation_single_core_v2_generated/kernels/compute/diode_equation.cpp:42:5: error: 'mul_unary_tile' was not declared in this scope
   42 |     mul_unary_tile(0, 0x3f50624d);  // isat * (exp(V/vj) - 1) (using a specific isat value)
      |     ^~~~~~~~~~~~~~

backtrace:
 --- /home/m48chen/tt-metal/build_Release/tt_metal/libtt_metal.so(+0x3a0409) [0x7ca725c64409]
 --- /home/m48chen/tt-metal/build_Release/tt_metal/libtt_metal.so(+0x54c45f) [0x7ca725e1045f]
 --- tt::tt_metal::JitBuildState::compile_one(std::__cxx11::basic_string<char, std::char_traits<char>, std::allocator<char> > const&, tt::tt_metal::JitBuildSettings const*, std::__cxx11::basic_string<char, std::char_traits<char>, std::allocator<char> > const&, std::__cxx11::basic_string<char, std::char_traits<char>, std::allocator<char> > const&) const
 --- /home/m48chen/tt-metal/build_Release/tt_metal/libtt_metal.so(+0x5526b4) [0x7ca725e166b4]
 --- /home/m48chen/tt-metal/build_Release/tt_metal/libtt_metal.so(+0x552642) [0x7ca725e16642]
 --- /home/m48chen/tt-metal/build_Release/tt_metal/libtt_metal.so(+0x319927) [0x7ca725bdd927]
 --- /lib/x86_64-linux-gnu/libc.so.6(+0x99ee8) [0x7ca724e99ee8]
 --- /home/m48chen/tt-metal/build_Release/tt_metal/libtt_metal.so(+0x3198a2) [0x7ca725bdd8a2]
 --- /home/m48chen/tt-metal/build_Release/tt_metal/libtt_metal.so(+0x5523c1) [0x7ca725e163c1]
 --- /home/m48chen/tt-metal/build_Release/tt_metal/libtt_metal.so(+0x31d835) [0x7ca725be1835]
 --- /home/m48chen/tt-metal/build_Release/tt_metal/libtt_metal.so(+0x31c49e) [0x7ca725be049e]
 --- /home/m48chen/tt-metal/build_Release/tt_metal/libtt_metal.so(+0x31b8a8) [0x7ca725bdf8a8]
 --- /lib/x86_64-linux-gnu/libstdc++.so.6(+0xdc253) [0x7ca7252dc253]
 --- /lib/x86_64-linux-gnu/libc.so.6(+0x94ac3) [0x7ca724e94ac3]
 --- /lib/x86_64-linux-gnu/libc.so.6(+0x1268c0) [0x7ca724f268c0]
 (assert.hpp:103)
2025-11-23 13:00:18.040 | error    |    BuildKernels | trisc1 compile failure -- cmd: cd /home/m48chen/.cache/tt-metal-cache/2889bb5ce3/11358605694596585868/kernels/diode_equation/6409767981030184677/trisc1/ && /home/m48chen/tt-metal/runtime/sfpi/compiler/bin/riscv-tt-elf-g++ -O3 -std=c++17 -flto=auto -ffast-math -fno-exceptions -g -MMD -fno-use-cxa-atexit -Wall -Werror -Wno-unknown-pragmas -Wno-deprecated-declarations -Wno-error=multistatement-macros -Wno-error=parentheses -Wno-error=unused-but-set-variable -Wno-unused-variable -Wno-unused-function -mcpu=tt-wh-tensix -I. -I.. -I/home/m48chen/tt-metal/ -I/home/m48chen/tt-metal/ttnn -I/home/m48chen/tt-metal/ttnn/cpp -I/home/m48chen/tt-metal/tt_metal -I/home/m48chen/tt-metal/tt_metal/include -I/home/m48chen/tt-metal/tt_metal/hw/inc -I/home/m48chen/tt-metal/tt_metal/hostdevcommon/api -I/home/m48chen/tt-metal/tt_metal/hw/inc/debug -I/home/m48chen/tt-metal/tt_metal/api/ -I/home/m48chen/tt-metal/tt_metal/api/tt-metalium/ -I/home/m48chen/tt-metal/runtime/sfpi/include -I/home/m48chen/tt-metal/tt_metal/hw/ckernels/wormhole_b0/metal/common -I/home/m48chen/tt-metal/tt_metal/hw/ckernels/wormhole_b0/metal/llk_io -I/home/m48chen/tt-metal/tt_metal/hw/inc/tt-1xx -I/home/m48chen/tt-metal/tt_metal/hw/inc/tt-1xx/wormhole -I/home/m48chen/tt-metal/tt_metal/hw/inc/tt-1xx/wormhole/wormhole_b0_defines -I/home/m48chen/tt-metal/tt_metal/hw/inc/tt-1xx/wormhole/noc -I/home/m48chen/tt-metal/tt_metal/lite_fabric/hw/inc/wormhole -I/home/m48chen/tt-metal/tt_metal/third_party/tt_llk/tt_llk_wormhole_b0/common/inc -I/home/m48chen/tt-metal/tt_metal/third_party/tt_llk/tt_llk_wormhole_b0/llk_lib -I/home/m48chen/tt-metal/tt_metal/hw/ckernels/wormhole_b0/metal/llk_api -I/home/m48chen/tt-metal/tt_metal/hw/ckernels/wormhole_b0/metal/llk_api/llk_sfpu -I/home/m48chen/tt-metal/tt_metal/hw/firmware/src/tt-1xx -c -o trisck.o /home/m48chen/tt-metal/tt_metal/hw/firmware/src/tt-1xx/trisck.cc -DIS_NOT_POW2_NUM_DRAM_BANKS=1 -DIS_NOT_POW2_NUM_L1_BANKS=1 -DNUM_DRAM_BANKS=12 -DNUM_L1_BANKS=56 -DPCIE_NOC_X=0 -DPCIE_NOC_Y=3 -DTENSIX_FIRMWARE -DLOCAL_MEM_EN=0 -DROUTING_FW_ENABLED -DPROCESSOR_INDEX=3 -DUCK_CHLKC_MATH -DNAMESPACE=chlkc_math -DCOMPILE_FOR_TRISC=1 -DARCH_WORMHOLE -DDISPATCH_MESSAGE_ADDR=4290183304 -DKERNEL_BUILD -DKERNEL_COMPILE_TIME_ARGS=0,1,16  (build.cpp:60)
2025-11-23 13:00:18.040 | critical |          Always | TT_THROW: trisc1 build failed. Log: In file included from ../chlkc_math.cpp:3,
                 from /home/m48chen/tt-metal/tt_metal/hw/ckernels/wormhole_b0/metal/common/chlkc_list.h:21,
                 from /home/m48chen/tt-metal/tt_metal/hw/firmware/src/tt-1xx/trisck.cc:13:
/home/m48chen/tt-metal/tt_metal/programming_examples/diode_equation_single_core_v2_generated/kernels/compute/diode_equation.cpp: In function 'void chlkc_math::math_main()':
/home/m48chen/tt-metal/tt_metal/programming_examples/diode_equation_single_core_v2_generated/kernels/compute/diode_equation.cpp:38:5: error: 'sub_unary_tile_init' was not declared in this scope
   38 |     sub_unary_tile_init();
      |     ^~~~~~~~~~~~~~~~~~~
/home/m48chen/tt-metal/tt_metal/programming_examples/diode_equation_single_core_v2_generated/kernels/compute/diode_equation.cpp:39:5: error: 'sub_unary_tile' was not declared in this scope
   39 |     sub_unary_tile(0, 0x3f800000);  // exp(V/vj) - 1 (0x3f800000 is the float representation of 1.0)
      |     ^~~~~~~~~~~~~~
/home/m48chen/tt-metal/tt_metal/programming_examples/diode_equation_single_core_v2_generated/kernels/compute/diode_equation.cpp:41:5: error: 'mul_unary_tile_init' was not declared in this scope
   41 |     mul_unary_tile_init();
      |     ^~~~~~~~~~~~~~~~~~~
/home/m48chen/tt-metal/tt_metal/programming_examples/diode_equation_single_core_v2_generated/kernels/compute/diode_equation.cpp:42:5: error: 'mul_unary_tile' was not declared in this scope
   42 |     mul_unary_tile(0, 0x3f50624d);  // isat * (exp(V/vj) - 1) (using a specific isat value)
      |     ^~~~~~~~~~~~~~
 (assert.hpp:103)
2025-11-23 13:00:18.087 | critical |          Always | TT_THROW: /home/m48chen/.cache/tt-metal-cache/2889bb5ce3/11358605694596585868/kernels/diode_equation/6409767981030184677//trisc0/trisc0.elf: cannot map elf file into memory: No such file or directory (assert.hpp:103)
2025-11-23 13:00:18.090 | critical |          Always | TT_FATAL: binary not found (assert.hpp:103)

Read unexpected run_mailbox value: 0x40 (expected 0x80 or 0x0)
Read unexpected run_mailbox value: 0x40 (expected 0x80 or 0x0)
Read unexpected run_mailbox value: 0x40 (expected 0x80 or 0x0)
Read unexpected run_mailbox value: 0x40 (expected 0x80 or 0x0)
Read unexpected run_mailbox value: 0x40 (expected 0x80 or 0x0)
Read unexpected run_mailbox value: 0x40 (expected 0x80 or 0x0)
Read unexpected run_mailbox value: 0x40 (expected 0x80 or 0x0)
Read unexpected run_mailbox value: 0x40 (expected 0x80 or 0x0)
terminate called after throwing an instance of 'std::runtime_error'
  what():  TT_FATAL @ /home/m48chen/tt-metal/tt_metal/impl/kernels/kernel.cpp:292: iter != binaries_.end()
info:
binary not found
backtrace:
 --- /home/m48chen/tt-metal/build/programming_examples/diode_equation_single_v2(+0x198b8) [0x59eef99ee8b8]
 --- tt::tt_metal::Kernel::binaries(unsigned long) const
 --- tt::tt_metal::program_dispatch::finalize_kernel_bins(tt::tt_metal::IDevice*, unsigned int, std::unordered_map<unsigned int, std::shared_ptr<tt::tt_metal::Kernel>, std::hash<unsigned int>, std::equal_to<unsigned int>, std::allocator<std::pair<unsigned int const, std::shared_ptr<tt::tt_metal::Kernel> > > > const&, std::vector<std::shared_ptr<tt::tt_metal::KernelGroup>, std::allocator<std::shared_ptr<tt::tt_metal::KernelGroup> > >&, unsigned int, unsigned int&, unsigned int&)
 --- /home/m48chen/tt-metal/build_Release/tt_metal/libtt_metal.so(_ZN2tt8tt_metal6detail11ProgramImpl24finalize_program_offsetsEPNS0_7IDeviceERKSt8functionIFRSt13unordered_mapIjSt10shared_ptrINS0_6KernelEESt4hashIjESt8equal_toIjESaISt4pairIKjS9_EEEjEERKS5_IFRSt6vectorIS7_INS0_11KernelGroupEESaISQ_EEjEERKS5_IFRKSO_INS0_9SemaphoreESaISY_EEvEESt4spanIPS2_Lm18446744073709551615EE+0x214) [0x7ca725c9c7b4]
 --- tt::tt_metal::distributed::MeshWorkloadImpl::finalize_offsets(tt::tt_metal::distributed::MeshDevice*)
 --- tt::tt_metal::distributed::MeshWorkloadImpl::compile(tt::tt_metal::distributed::MeshDevice*)
 --- tt::tt_metal::distributed::EnqueueMeshWorkload(tt::tt_metal::distributed::MeshCommandQueue&, tt::tt_metal::distributed::MeshWorkload&, bool)
 --- /home/m48chen/tt-metal/build/programming_examples/diode_equation_single_v2(+0x17f7b) [0x59eef99ecf7b]
 --- /lib/x86_64-linux-gnu/libc.so.6(+0x29d90) [0x7ca724e29d90]
 --- /lib/x86_64-linux-gnu/libc.so.6(__libc_start_main+0x80) [0x7ca724e29e40]
 --- /home/m48chen/tt-metal/build/programming_examples/diode_equation_single_v2(+0x15cf5) [0x59eef99eacf5]

[tauceti:1192878] *** Process received signal ***
[tauceti:1192878] Signal: Aborted (6)
[tauceti:1192878] Signal code:  (-6)
[tauceti:1192878] [ 0] /lib/x86_64-linux-gnu/libc.so.6(+0x42520)[0x7ca724e42520]
[tauceti:1192878] [ 1] /lib/x86_64-linux-gnu/libc.so.6(pthread_kill+0x12c)[0x7ca724e969fc]
[tauceti:1192878] [ 2] /lib/x86_64-linux-gnu/libc.so.6(raise+0x16)[0x7ca724e42476]
[tauceti:1192878] [ 3] /lib/x86_64-linux-gnu/libc.so.6(abort+0xd3)[0x7ca724e287f3]
[tauceti:1192878] [ 4] /lib/x86_64-linux-gnu/libstdc++.so.6(+0xa2b9e)[0x7ca7252a2b9e]
[tauceti:1192878] [ 5] /lib/x86_64-linux-gnu/libstdc++.so.6(+0xae20c)[0x7ca7252ae20c]
[tauceti:1192878] [ 6] /lib/x86_64-linux-gnu/libstdc++.so.6(+0xae277)[0x7ca7252ae277]
[tauceti:1192878] [ 7] /lib/x86_64-linux-gnu/libstdc++.so.6(+0xae4d8)[0x7ca7252ae4d8]
[tauceti:1192878] [ 8] /home/m48chen/tt-metal/build/programming_examples/diode_equation_single_v2(_ZN2tt6assert6detail13tt_throw_implIJN3fmt3v117fstringIJEEEEEEvPKciS8_S8_DpRKT_+0x40c)[0x59eef9a179cc]
[tauceti:1192878] [ 9] /home/m48chen/tt-metal/build/programming_examples/diode_equation_single_v2(+0x198b8)[0x59eef99ee8b8]
[tauceti:1192878] [10] /home/m48chen/tt-metal/build_Release/tt_metal/libtt_metal.so(_ZNK2tt8tt_metal6Kernel8binariesEm+0x12b)[0x7ca725c6153b]
[tauceti:1192878] [11] /home/m48chen/tt-metal/build_Release/tt_metal/libtt_metal.so(_ZN2tt8tt_metal16program_dispatch20finalize_kernel_binsEPNS0_7IDeviceEjRKSt13unordered_mapIjSt10shared_ptrINS0_6KernelEESt4hashIjESt8equal_toIjESaISt4pairIKjS7_EEERSt6vectorIS5_INS0_11KernelGroupEESaISL_EEjRjSP_+0x508)[0x7ca725cad708]
[tauceti:1192878] [12] /home/m48chen/tt-metal/build_Release/tt_metal/libtt_metal.so(_ZN2tt8tt_metal6detail11ProgramImpl24finalize_program_offsetsEPNS0_7IDeviceERKSt8functionIFRSt13unordered_mapIjSt10shared_ptrINS0_6KernelEESt4hashIjESt8equal_toIjESaISt4pairIKjS9_EEEjEERKS5_IFRSt6vectorIS7_INS0_11KernelGroupEESaISQ_EEjEERKS5_IFRKSO_INS0_9SemaphoreESaISY_EEvEESt4spanIPS2_Lm18446744073709551615EE+0x214)[0x7ca725c9c7b4]
[tauceti:1192878] [13] /home/m48chen/tt-metal/build_Release/tt_metal/libtt_metal.so(_ZN2tt8tt_metal11distributed16MeshWorkloadImpl16finalize_offsetsEPNS1_10MeshDeviceE+0x10d)[0x7ca725ec0f3d]
[tauceti:1192878] [14] /home/m48chen/tt-metal/build_Release/tt_metal/libtt_metal.so(_ZN2tt8tt_metal11distributed16MeshWorkloadImpl7compileEPNS1_10MeshDeviceE+0x281)[0x7ca725ec0cc1]
[tauceti:1192878] [15] /home/m48chen/tt-metal/build_Release/tt_metal/libtt_metal.so(_ZN2tt8tt_metal11distributed19EnqueueMeshWorkloadERNS1_16MeshCommandQueueERNS1_12MeshWorkloadEb+0x2e)[0x7ca725e7958e]
[tauceti:1192878] [16] /home/m48chen/tt-metal/build/programming_examples/diode_equation_single_v2(+0x17f7b)[0x59eef99ecf7b]
[tauceti:1192878] [17] /lib/x86_64-linux-gnu/libc.so.6(+0x29d90)[0x7ca724e29d90]
[tauceti:1192878] [18] /lib/x86_64-linux-gnu/libc.so.6(__libc_start_main+0x80)[0x7ca724e29e40]
[tauceti:1192878] [19] /home/m48chen/tt-metal/build/programming_examples/diode_equation_single_v2(+0x15cf5)[0x59eef99eacf5]
[tauceti:1192878] *** End of error message ***
